{"C:\\Users\\MKG\\.gemini\\antigravity\\scratch\\clubhub\\backend\\middleware\\authMiddleware.js": {"path":"C:\\Users\\MKG\\.gemini\\antigravity\\scratch\\clubhub\\backend\\middleware\\authMiddleware.js","statementMap":{"0":{"start":{"line":1,"column":12},"end":{"line":1,"column":35}},"1":{"start":{"line":2,"column":19},"end":{"line":2,"column":66}},"2":{"start":{"line":4,"column":26},"end":{"line":14,"column":1}},"3":{"start":{"line":5,"column":23},"end":{"line":5,"column":51}},"4":{"start":{"line":6,"column":18},"end":{"line":6,"column":56}},"5":{"start":{"line":7,"column":4},"end":{"line":7,"column":82}},"6":{"start":{"line":7,"column":16},"end":{"line":7,"column":82}},"7":{"start":{"line":9,"column":4},"end":{"line":13,"column":7}},"8":{"start":{"line":10,"column":8},"end":{"line":10,"column":84}},"9":{"start":{"line":10,"column":17},"end":{"line":10,"column":84}},"10":{"start":{"line":11,"column":8},"end":{"line":11,"column":24}},"11":{"start":{"line":12,"column":8},"end":{"line":12,"column":15}},"12":{"start":{"line":16,"column":26},"end":{"line":23,"column":1}},"13":{"start":{"line":17,"column":4},"end":{"line":22,"column":7}},"14":{"start":{"line":18,"column":8},"end":{"line":20,"column":9}},"15":{"start":{"line":19,"column":12},"end":{"line":19,"column":96}},"16":{"start":{"line":21,"column":8},"end":{"line":21,"column":15}},"17":{"start":{"line":25,"column":0},"end":{"line":25,"column":58}}},"fnMap":{"0":{"name":"(anonymous_0)","decl":{"start":{"line":4,"column":26},"end":{"line":4,"column":27}},"loc":{"start":{"line":4,"column":46},"end":{"line":14,"column":1}},"line":4},"1":{"name":"(anonymous_1)","decl":{"start":{"line":9,"column":34},"end":{"line":9,"column":35}},"loc":{"start":{"line":9,"column":49},"end":{"line":13,"column":5}},"line":9},"2":{"name":"(anonymous_2)","decl":{"start":{"line":16,"column":26},"end":{"line":16,"column":27}},"loc":{"start":{"line":16,"column":46},"end":{"line":23,"column":1}},"line":16},"3":{"name":"(anonymous_3)","decl":{"start":{"line":17,"column":32},"end":{"line":17,"column":33}},"loc":{"start":{"line":17,"column":38},"end":{"line":22,"column":5}},"line":17}},"branchMap":{"0":{"loc":{"start":{"line":2,"column":19},"end":{"line":2,"column":66}},"type":"binary-expr","locations":[{"start":{"line":2,"column":19},"end":{"line":2,"column":41}},{"start":{"line":2,"column":45},"end":{"line":2,"column":66}}],"line":2},"1":{"loc":{"start":{"line":6,"column":18},"end":{"line":6,"column":56}},"type":"binary-expr","locations":[{"start":{"line":6,"column":18},"end":{"line":6,"column":28}},{"start":{"line":6,"column":32},"end":{"line":6,"column":56}}],"line":6},"2":{"loc":{"start":{"line":7,"column":4},"end":{"line":7,"column":82}},"type":"if","locations":[{"start":{"line":7,"column":4},"end":{"line":7,"column":82}},{"start":{},"end":{}}],"line":7},"3":{"loc":{"start":{"line":10,"column":8},"end":{"line":10,"column":84}},"type":"if","locations":[{"start":{"line":10,"column":8},"end":{"line":10,"column":84}},{"start":{},"end":{}}],"line":10},"4":{"loc":{"start":{"line":18,"column":8},"end":{"line":20,"column":9}},"type":"if","locations":[{"start":{"line":18,"column":8},"end":{"line":20,"column":9}},{"start":{},"end":{}}],"line":18}},"s":{"0":2,"1":2,"2":2,"3":0,"4":0,"5":0,"6":0,"7":0,"8":0,"9":0,"10":0,"11":0,"12":2,"13":0,"14":0,"15":0,"16":0,"17":2},"f":{"0":0,"1":0,"2":0,"3":0},"b":{"0":[2,0],"1":[0,0],"2":[0,0],"3":[0,0],"4":[0,0]},"_coverageSchema":"1a1c01bbd47fc00a2c39e90264f33305004495a9","hash":"33f96c7d5d71a19d80a6643b344dc56f0fd3bd02"}
,"C:\\Users\\MKG\\.gemini\\antigravity\\scratch\\clubhub\\backend\\middleware\\validationMiddleware.js": {"path":"C:\\Users\\MKG\\.gemini\\antigravity\\scratch\\clubhub\\backend\\middleware\\validationMiddleware.js","statementMap":{"0":{"start":{"line":1,"column":26},"end":{"line":18,"column":1}},"1":{"start":{"line":2,"column":44},"end":{"line":2,"column":52}},"2":{"start":{"line":4,"column":4},"end":{"line":6,"column":5}},"3":{"start":{"line":5,"column":8},"end":{"line":5,"column":72}},"4":{"start":{"line":7,"column":4},"end":{"line":9,"column":5}},"5":{"start":{"line":8,"column":8},"end":{"line":8,"column":89}},"6":{"start":{"line":10,"column":4},"end":{"line":12,"column":5}},"7":{"start":{"line":11,"column":8},"end":{"line":11,"column":92}},"8":{"start":{"line":13,"column":4},"end":{"line":15,"column":5}},"9":{"start":{"line":14,"column":8},"end":{"line":14,"column":71}},"10":{"start":{"line":17,"column":4},"end":{"line":17,"column":11}},"11":{"start":{"line":20,"column":27},"end":{"line":34,"column":1}},"12":{"start":{"line":21,"column":38},"end":{"line":21,"column":46}},"13":{"start":{"line":23,"column":4},"end":{"line":25,"column":5}},"14":{"start":{"line":24,"column":8},"end":{"line":24,"column":74}},"15":{"start":{"line":26,"column":4},"end":{"line":28,"column":5}},"16":{"start":{"line":27,"column":8},"end":{"line":27,"column":91}},"17":{"start":{"line":29,"column":4},"end":{"line":31,"column":5}},"18":{"start":{"line":30,"column":8},"end":{"line":30,"column":73}},"19":{"start":{"line":33,"column":4},"end":{"line":33,"column":11}},"20":{"start":{"line":36,"column":0},"end":{"line":36,"column":59}}},"fnMap":{"0":{"name":"(anonymous_0)","decl":{"start":{"line":1,"column":26},"end":{"line":1,"column":27}},"loc":{"start":{"line":1,"column":46},"end":{"line":18,"column":1}},"line":1},"1":{"name":"(anonymous_1)","decl":{"start":{"line":20,"column":27},"end":{"line":20,"column":28}},"loc":{"start":{"line":20,"column":47},"end":{"line":34,"column":1}},"line":20}},"branchMap":{"0":{"loc":{"start":{"line":4,"column":4},"end":{"line":6,"column":5}},"type":"if","locations":[{"start":{"line":4,"column":4},"end":{"line":6,"column":5}},{"start":{},"end":{}}],"line":4},"1":{"loc":{"start":{"line":4,"column":8},"end":{"line":4,"column":41}},"type":"binary-expr","locations":[{"start":{"line":4,"column":8},"end":{"line":4,"column":13}},{"start":{"line":4,"column":17},"end":{"line":4,"column":41}}],"line":4},"2":{"loc":{"start":{"line":7,"column":4},"end":{"line":9,"column":5}},"type":"if","locations":[{"start":{"line":7,"column":4},"end":{"line":9,"column":5}},{"start":{},"end":{}}],"line":7},"3":{"loc":{"start":{"line":10,"column":4},"end":{"line":12,"column":5}},"type":"if","locations":[{"start":{"line":10,"column":4},"end":{"line":12,"column":5}},{"start":{},"end":{}}],"line":10},"4":{"loc":{"start":{"line":10,"column":8},"end":{"line":10,"column":48}},"type":"binary-expr","locations":[{"start":{"line":10,"column":8},"end":{"line":10,"column":19}},{"start":{"line":10,"column":23},"end":{"line":10,"column":48}}],"line":10},"5":{"loc":{"start":{"line":13,"column":4},"end":{"line":15,"column":5}},"type":"if","locations":[{"start":{"line":13,"column":4},"end":{"line":15,"column":5}},{"start":{},"end":{}}],"line":13},"6":{"loc":{"start":{"line":13,"column":8},"end":{"line":13,"column":49}},"type":"binary-expr","locations":[{"start":{"line":13,"column":8},"end":{"line":13,"column":17}},{"start":{"line":13,"column":21},"end":{"line":13,"column":49}}],"line":13},"7":{"loc":{"start":{"line":23,"column":4},"end":{"line":25,"column":5}},"type":"if","locations":[{"start":{"line":23,"column":4},"end":{"line":25,"column":5}},{"start":{},"end":{}}],"line":23},"8":{"loc":{"start":{"line":23,"column":8},"end":{"line":23,"column":43}},"type":"binary-expr","locations":[{"start":{"line":23,"column":8},"end":{"line":23,"column":14}},{"start":{"line":23,"column":18},"end":{"line":23,"column":43}}],"line":23},"9":{"loc":{"start":{"line":26,"column":4},"end":{"line":28,"column":5}},"type":"if","locations":[{"start":{"line":26,"column":4},"end":{"line":28,"column":5}},{"start":{},"end":{}}],"line":26},"10":{"loc":{"start":{"line":29,"column":4},"end":{"line":31,"column":5}},"type":"if","locations":[{"start":{"line":29,"column":4},"end":{"line":31,"column":5}},{"start":{},"end":{}}],"line":29}},"s":{"0":1,"1":0,"2":0,"3":0,"4":0,"5":0,"6":0,"7":0,"8":0,"9":0,"10":0,"11":1,"12":0,"13":0,"14":0,"15":0,"16":0,"17":0,"18":0,"19":0,"20":1},"f":{"0":0,"1":0},"b":{"0":[0,0],"1":[0,0],"2":[0,0],"3":[0,0],"4":[0,0],"5":[0,0],"6":[0,0],"7":[0,0],"8":[0,0],"9":[0,0],"10":[0,0]},"_coverageSchema":"1a1c01bbd47fc00a2c39e90264f33305004495a9","hash":"9e1e3e19e043f266fca8e494bc5f6b025bf2e4b4"}
,"C:\\Users\\MKG\\.gemini\\antigravity\\scratch\\clubhub\\backend\\routes\\admin.js": {"path":"C:\\Users\\MKG\\.gemini\\antigravity\\scratch\\clubhub\\backend\\routes\\admin.js","statementMap":{"0":{"start":{"line":1,"column":16},"end":{"line":1,"column":34}},"1":{"start":{"line":2,"column":15},"end":{"line":2,"column":31}},"2":{"start":{"line":3,"column":17},"end":{"line":3,"column":39}},"3":{"start":{"line":4,"column":30},"end":{"line":4,"column":69}},"4":{"start":{"line":6,"column":0},"end":{"line":25,"column":3}},"5":{"start":{"line":7,"column":4},"end":{"line":24,"column":5}},"6":{"start":{"line":8,"column":37},"end":{"line":8,"column":109}},"7":{"start":{"line":9,"column":37},"end":{"line":9,"column":109}},"8":{"start":{"line":10,"column":38},"end":{"line":10,"column":111}},"9":{"start":{"line":12,"column":33},"end":{"line":12,"column":113}},"10":{"start":{"line":13,"column":29},"end":{"line":13,"column":111}},"11":{"start":{"line":13,"column":68},"end":{"line":13,"column":103}},"12":{"start":{"line":15,"column":8},"end":{"line":20,"column":11}},"13":{"start":{"line":22,"column":8},"end":{"line":22,"column":49}},"14":{"start":{"line":23,"column":8},"end":{"line":23,"column":71}},"15":{"start":{"line":27,"column":0},"end":{"line":38,"column":3}},"16":{"start":{"line":28,"column":4},"end":{"line":37,"column":5}},"17":{"start":{"line":29,"column":32},"end":{"line":32,"column":54}},"18":{"start":{"line":33,"column":8},"end":{"line":33,"column":31}},"19":{"start":{"line":33,"column":19},"end":{"line":33,"column":31}},"20":{"start":{"line":34,"column":8},"end":{"line":34,"column":23}},"21":{"start":{"line":36,"column":8},"end":{"line":36,"column":65}},"22":{"start":{"line":40,"column":0},"end":{"line":51,"column":3}},"23":{"start":{"line":41,"column":4},"end":{"line":50,"column":5}},"24":{"start":{"line":42,"column":32},"end":{"line":45,"column":54}},"25":{"start":{"line":46,"column":8},"end":{"line":46,"column":31}},"26":{"start":{"line":46,"column":19},"end":{"line":46,"column":31}},"27":{"start":{"line":47,"column":8},"end":{"line":47,"column":23}},"28":{"start":{"line":49,"column":8},"end":{"line":49,"column":65}},"29":{"start":{"line":53,"column":0},"end":{"line":61,"column":3}},"30":{"start":{"line":54,"column":4},"end":{"line":60,"column":5}},"31":{"start":{"line":55,"column":26},"end":{"line":55,"column":87}},"32":{"start":{"line":56,"column":8},"end":{"line":56,"column":31}},"33":{"start":{"line":56,"column":19},"end":{"line":56,"column":31}},"34":{"start":{"line":57,"column":8},"end":{"line":57,"column":59}},"35":{"start":{"line":59,"column":8},"end":{"line":59,"column":65}},"36":{"start":{"line":63,"column":0},"end":{"line":77,"column":3}},"37":{"start":{"line":64,"column":4},"end":{"line":76,"column":5}},"38":{"start":{"line":65,"column":32},"end":{"line":65,"column":40}},"39":{"start":{"line":66,"column":32},"end":{"line":71,"column":21}},"40":{"start":{"line":72,"column":8},"end":{"line":72,"column":31}},"41":{"start":{"line":72,"column":19},"end":{"line":72,"column":31}},"42":{"start":{"line":73,"column":8},"end":{"line":73,"column":72}},"43":{"start":{"line":75,"column":8},"end":{"line":75,"column":78}},"44":{"start":{"line":79,"column":0},"end":{"line":79,"column":24}}},"fnMap":{"0":{"name":"(anonymous_0)","decl":{"start":{"line":6,"column":40},"end":{"line":6,"column":41}},"loc":{"start":{"line":6,"column":60},"end":{"line":25,"column":1}},"line":6},"1":{"name":"(anonymous_1)","decl":{"start":{"line":13,"column":52},"end":{"line":13,"column":53}},"loc":{"start":{"line":13,"column":68},"end":{"line":13,"column":103}},"line":13},"2":{"name":"(anonymous_2)","decl":{"start":{"line":27,"column":40},"end":{"line":27,"column":41}},"loc":{"start":{"line":27,"column":60},"end":{"line":38,"column":1}},"line":27},"3":{"name":"(anonymous_3)","decl":{"start":{"line":40,"column":40},"end":{"line":40,"column":41}},"loc":{"start":{"line":40,"column":60},"end":{"line":51,"column":1}},"line":40},"4":{"name":"(anonymous_4)","decl":{"start":{"line":53,"column":47},"end":{"line":53,"column":48}},"loc":{"start":{"line":53,"column":67},"end":{"line":61,"column":1}},"line":53},"5":{"name":"(anonymous_5)","decl":{"start":{"line":63,"column":51},"end":{"line":63,"column":52}},"loc":{"start":{"line":63,"column":71},"end":{"line":77,"column":1}},"line":63}},"branchMap":{"0":{"loc":{"start":{"line":13,"column":29},"end":{"line":13,"column":111}},"type":"cond-expr","locations":[{"start":{"line":13,"column":38},"end":{"line":13,"column":107}},{"start":{"line":13,"column":110},"end":{"line":13,"column":111}}],"line":13},"1":{"loc":{"start":{"line":13,"column":75},"end":{"line":13,"column":102}},"type":"binary-expr","locations":[{"start":{"line":13,"column":75},"end":{"line":13,"column":97}},{"start":{"line":13,"column":101},"end":{"line":13,"column":102}}],"line":13},"2":{"loc":{"start":{"line":16,"column":19},"end":{"line":16,"column":33}},"type":"binary-expr","locations":[{"start":{"line":16,"column":19},"end":{"line":16,"column":28}},{"start":{"line":16,"column":32},"end":{"line":16,"column":33}}],"line":16},"3":{"loc":{"start":{"line":17,"column":19},"end":{"line":17,"column":33}},"type":"binary-expr","locations":[{"start":{"line":17,"column":19},"end":{"line":17,"column":28}},{"start":{"line":17,"column":32},"end":{"line":17,"column":33}}],"line":17},"4":{"loc":{"start":{"line":18,"column":20},"end":{"line":18,"column":35}},"type":"binary-expr","locations":[{"start":{"line":18,"column":20},"end":{"line":18,"column":30}},{"start":{"line":18,"column":34},"end":{"line":18,"column":35}}],"line":18},"5":{"loc":{"start":{"line":33,"column":8},"end":{"line":33,"column":31}},"type":"if","locations":[{"start":{"line":33,"column":8},"end":{"line":33,"column":31}},{"start":{},"end":{}}],"line":33},"6":{"loc":{"start":{"line":46,"column":8},"end":{"line":46,"column":31}},"type":"if","locations":[{"start":{"line":46,"column":8},"end":{"line":46,"column":31}},{"start":{},"end":{}}],"line":46},"7":{"loc":{"start":{"line":56,"column":8},"end":{"line":56,"column":31}},"type":"if","locations":[{"start":{"line":56,"column":8},"end":{"line":56,"column":31}},{"start":{},"end":{}}],"line":56},"8":{"loc":{"start":{"line":72,"column":8},"end":{"line":72,"column":31}},"type":"if","locations":[{"start":{"line":72,"column":8},"end":{"line":72,"column":31}},{"start":{},"end":{}}],"line":72}},"s":{"0":0,"1":0,"2":0,"3":0,"4":0,"5":0,"6":0,"7":0,"8":0,"9":0,"10":0,"11":0,"12":0,"13":0,"14":0,"15":0,"16":0,"17":0,"18":0,"19":0,"20":0,"21":0,"22":0,"23":0,"24":0,"25":0,"26":0,"27":0,"28":0,"29":0,"30":0,"31":0,"32":0,"33":0,"34":0,"35":0,"36":0,"37":0,"38":0,"39":0,"40":0,"41":0,"42":0,"43":0,"44":0},"f":{"0":0,"1":0,"2":0,"3":0,"4":0,"5":0},"b":{"0":[0,0],"1":[0,0],"2":[0,0],"3":[0,0],"4":[0,0],"5":[0,0],"6":[0,0],"7":[0,0],"8":[0,0]}}
,"C:\\Users\\MKG\\.gemini\\antigravity\\scratch\\clubhub\\backend\\routes\\auth.js": {"path":"C:\\Users\\MKG\\.gemini\\antigravity\\scratch\\clubhub\\backend\\routes\\auth.js","statementMap":{"0":{"start":{"line":1,"column":16},"end":{"line":1,"column":34}},"1":{"start":{"line":2,"column":15},"end":{"line":2,"column":31}},"2":{"start":{"line":3,"column":15},"end":{"line":3,"column":34}},"3":{"start":{"line":4,"column":12},"end":{"line":4,"column":35}},"4":{"start":{"line":5,"column":17},"end":{"line":5,"column":39}},"5":{"start":{"line":6,"column":30},"end":{"line":6,"column":69}},"6":{"start":{"line":8,"column":19},"end":{"line":8,"column":66}},"7":{"start":{"line":10,"column":18},"end":{"line":10,"column":39}},"8":{"start":{"line":11,"column":17},"end":{"line":11,"column":47}},"9":{"start":{"line":12,"column":25},"end":{"line":12,"column":50}},"10":{"start":{"line":14,"column":18},"end":{"line":14,"column":47}},"11":{"start":{"line":15,"column":19},"end":{"line":19,"column":2}},"12":{"start":{"line":22,"column":0},"end":{"line":44,"column":3}},"13":{"start":{"line":23,"column":4},"end":{"line":43,"column":5}},"14":{"start":{"line":24,"column":26},"end":{"line":24,"column":34}},"15":{"start":{"line":25,"column":8},"end":{"line":25,"column":80}},"16":{"start":{"line":25,"column":20},"end":{"line":25,"column":80}},"17":{"start":{"line":28,"column":24},"end":{"line":28,"column":78}},"18":{"start":{"line":31,"column":8},"end":{"line":31,"column":51}},"19":{"start":{"line":34,"column":26},"end":{"line":34,"column":60}},"20":{"start":{"line":35,"column":8},"end":{"line":37,"column":9}},"21":{"start":{"line":36,"column":12},"end":{"line":36,"column":75}},"22":{"start":{"line":39,"column":8},"end":{"line":39,"column":51}},"23":{"start":{"line":41,"column":8},"end":{"line":41,"column":49}},"24":{"start":{"line":42,"column":8},"end":{"line":42,"column":65}},"25":{"start":{"line":47,"column":0},"end":{"line":101,"column":3}},"26":{"start":{"line":48,"column":4},"end":{"line":100,"column":5}},"27":{"start":{"line":49,"column":31},"end":{"line":49,"column":39}},"28":{"start":{"line":50,"column":8},"end":{"line":50,"column":97}},"29":{"start":{"line":50,"column":28},"end":{"line":50,"column":97}},"30":{"start":{"line":52,"column":26},"end":{"line":52,"column":59}},"31":{"start":{"line":54,"column":8},"end":{"line":56,"column":9}},"32":{"start":{"line":55,"column":12},"end":{"line":55,"column":77}},"33":{"start":{"line":59,"column":8},"end":{"line":59,"column":42}},"34":{"start":{"line":62,"column":47},"end":{"line":66,"column":21}},"35":{"start":{"line":68,"column":8},"end":{"line":84,"column":9}},"36":{"start":{"line":70,"column":25},"end":{"line":70,"column":44}},"37":{"start":{"line":71,"column":25},"end":{"line":71,"column":88}},"38":{"start":{"line":73,"column":58},"end":{"line":77,"column":25}},"39":{"start":{"line":79,"column":12},"end":{"line":79,"column":47}},"40":{"start":{"line":79,"column":29},"end":{"line":79,"column":47}},"41":{"start":{"line":80,"column":12},"end":{"line":80,"column":27}},"42":{"start":{"line":83,"column":12},"end":{"line":83,"column":155}},"43":{"start":{"line":86,"column":22},"end":{"line":90,"column":9}},"44":{"start":{"line":92,"column":8},"end":{"line":95,"column":11}},"45":{"start":{"line":98,"column":8},"end":{"line":98,"column":48}},"46":{"start":{"line":99,"column":8},"end":{"line":99,"column":64}},"47":{"start":{"line":104,"column":0},"end":{"line":147,"column":3}},"48":{"start":{"line":105,"column":4},"end":{"line":146,"column":5}},"49":{"start":{"line":106,"column":42},"end":{"line":106,"column":50}},"50":{"start":{"line":107,"column":32},"end":{"line":107,"column":51}},"51":{"start":{"line":109,"column":39},"end":{"line":113,"column":21}},"52":{"start":{"line":115,"column":8},"end":{"line":115,"column":93}},"53":{"start":{"line":115,"column":26},"end":{"line":115,"column":93}},"54":{"start":{"line":117,"column":31},"end":{"line":117,"column":62}},"55":{"start":{"line":118,"column":21},"end":{"line":118,"column":80}},"56":{"start":{"line":120,"column":52},"end":{"line":124,"column":21}},"57":{"start":{"line":126,"column":8},"end":{"line":126,"column":39}},"58":{"start":{"line":126,"column":23},"end":{"line":126,"column":39}},"59":{"start":{"line":128,"column":40},"end":{"line":136,"column":15}},"60":{"start":{"line":138,"column":8},"end":{"line":140,"column":9}},"61":{"start":{"line":139,"column":12},"end":{"line":139,"column":69}},"62":{"start":{"line":142,"column":8},"end":{"line":142,"column":74}},"63":{"start":{"line":144,"column":8},"end":{"line":144,"column":50}},"64":{"start":{"line":145,"column":8},"end":{"line":145,"column":63}},"65":{"start":{"line":150,"column":0},"end":{"line":186,"column":3}},"66":{"start":{"line":151,"column":4},"end":{"line":185,"column":5}},"67":{"start":{"line":152,"column":36},"end":{"line":152,"column":44}},"68":{"start":{"line":154,"column":38},"end":{"line":158,"column":21}},"69":{"start":{"line":160,"column":8},"end":{"line":160,"column":96}},"70":{"start":{"line":160,"column":28},"end":{"line":160,"column":96}},"71":{"start":{"line":162,"column":8},"end":{"line":162,"column":102}},"72":{"start":{"line":162,"column":28},"end":{"line":162,"column":102}},"73":{"start":{"line":164,"column":24},"end":{"line":164,"column":69}},"74":{"start":{"line":165,"column":8},"end":{"line":165,"column":90}},"75":{"start":{"line":165,"column":22},"end":{"line":165,"column":90}},"76":{"start":{"line":167,"column":22},"end":{"line":171,"column":9}},"77":{"start":{"line":173,"column":8},"end":{"line":181,"column":11}},"78":{"start":{"line":183,"column":8},"end":{"line":183,"column":43}},"79":{"start":{"line":184,"column":8},"end":{"line":184,"column":56}},"80":{"start":{"line":189,"column":25},"end":{"line":189,"column":55}},"81":{"start":{"line":190,"column":21},"end":{"line":190,"column":145}},"82":{"start":{"line":192,"column":0},"end":{"line":253,"column":3}},"83":{"start":{"line":193,"column":4},"end":{"line":252,"column":5}},"84":{"start":{"line":194,"column":39},"end":{"line":194,"column":47}},"85":{"start":{"line":197,"column":23},"end":{"line":200,"column":10}},"86":{"start":{"line":201,"column":24},"end":{"line":201,"column":43}},"87":{"start":{"line":203,"column":22},"end":{"line":203,"column":49}},"88":{"start":{"line":204,"column":21},"end":{"line":204,"column":33}},"89":{"start":{"line":205,"column":26},"end":{"line":205,"column":37}},"90":{"start":{"line":208,"column":47},"end":{"line":212,"column":21}},"91":{"start":{"line":214,"column":8},"end":{"line":236,"column":9}},"92":{"start":{"line":215,"column":25},"end":{"line":215,"column":74}},"93":{"start":{"line":216,"column":58},"end":{"line":220,"column":25}},"94":{"start":{"line":222,"column":12},"end":{"line":222,"column":47}},"95":{"start":{"line":222,"column":29},"end":{"line":222,"column":47}},"96":{"start":{"line":223,"column":12},"end":{"line":223,"column":27}},"97":{"start":{"line":226,"column":12},"end":{"line":232,"column":16}},"98":{"start":{"line":233,"column":15},"end":{"line":236,"column":9}},"99":{"start":{"line":235,"column":12},"end":{"line":235,"column":81}},"100":{"start":{"line":238,"column":22},"end":{"line":242,"column":9}},"101":{"start":{"line":244,"column":8},"end":{"line":247,"column":11}},"102":{"start":{"line":250,"column":8},"end":{"line":250,"column":49}},"103":{"start":{"line":251,"column":8},"end":{"line":251,"column":63}},"104":{"start":{"line":256,"column":0},"end":{"line":315,"column":3}},"105":{"start":{"line":257,"column":4},"end":{"line":314,"column":5}},"106":{"start":{"line":258,"column":49},"end":{"line":262,"column":21}},"107":{"start":{"line":264,"column":8},"end":{"line":264,"column":89}},"108":{"start":{"line":264,"column":32},"end":{"line":264,"column":89}},"109":{"start":{"line":266,"column":53},"end":{"line":270,"column":21}},"110":{"start":{"line":272,"column":8},"end":{"line":288,"column":9}},"111":{"start":{"line":273,"column":61},"end":{"line":283,"column":25}},"112":{"start":{"line":285,"column":12},"end":{"line":287,"column":13}},"113":{"start":{"line":286,"column":16},"end":{"line":286,"column":37}},"114":{"start":{"line":290,"column":8},"end":{"line":310,"column":11}},"115":{"start":{"line":312,"column":8},"end":{"line":312,"column":46}},"116":{"start":{"line":313,"column":8},"end":{"line":313,"column":72}},"117":{"start":{"line":318,"column":0},"end":{"line":347,"column":3}},"118":{"start":{"line":319,"column":4},"end":{"line":346,"column":5}},"119":{"start":{"line":320,"column":80},"end":{"line":320,"column":88}},"120":{"start":{"line":322,"column":8},"end":{"line":328,"column":9}},"121":{"start":{"line":323,"column":41},"end":{"line":326,"column":38}},"122":{"start":{"line":327,"column":12},"end":{"line":327,"column":43}},"123":{"start":{"line":327,"column":27},"end":{"line":327,"column":43}},"124":{"start":{"line":330,"column":40},"end":{"line":338,"column":41}},"125":{"start":{"line":340,"column":8},"end":{"line":340,"column":45}},"126":{"start":{"line":340,"column":26},"end":{"line":340,"column":45}},"127":{"start":{"line":342,"column":8},"end":{"line":342,"column":62}},"128":{"start":{"line":344,"column":8},"end":{"line":344,"column":52}},"129":{"start":{"line":345,"column":8},"end":{"line":345,"column":68}},"130":{"start":{"line":350,"column":0},"end":{"line":379,"column":3}},"131":{"start":{"line":351,"column":4},"end":{"line":378,"column":5}},"132":{"start":{"line":352,"column":49},"end":{"line":352,"column":57}},"133":{"start":{"line":354,"column":38},"end":{"line":358,"column":21}},"134":{"start":{"line":360,"column":8},"end":{"line":360,"column":85}},"135":{"start":{"line":360,"column":28},"end":{"line":360,"column":85}},"136":{"start":{"line":362,"column":24},"end":{"line":362,"column":76}},"137":{"start":{"line":363,"column":8},"end":{"line":363,"column":91}},"138":{"start":{"line":363,"column":22},"end":{"line":363,"column":91}},"139":{"start":{"line":365,"column":34},"end":{"line":365,"column":68}},"140":{"start":{"line":367,"column":39},"end":{"line":370,"column":34}},"141":{"start":{"line":372,"column":8},"end":{"line":372,"column":43}},"142":{"start":{"line":372,"column":25},"end":{"line":372,"column":43}},"143":{"start":{"line":374,"column":8},"end":{"line":374,"column":63}},"144":{"start":{"line":376,"column":8},"end":{"line":376,"column":53}},"145":{"start":{"line":377,"column":8},"end":{"line":377,"column":69}},"146":{"start":{"line":382,"column":0},"end":{"line":409,"column":3}},"147":{"start":{"line":383,"column":4},"end":{"line":408,"column":5}},"148":{"start":{"line":384,"column":29},"end":{"line":384,"column":37}},"149":{"start":{"line":386,"column":38},"end":{"line":390,"column":21}},"150":{"start":{"line":392,"column":8},"end":{"line":392,"column":85}},"151":{"start":{"line":392,"column":28},"end":{"line":392,"column":85}},"152":{"start":{"line":394,"column":24},"end":{"line":394,"column":69}},"153":{"start":{"line":395,"column":8},"end":{"line":395,"column":83}},"154":{"start":{"line":395,"column":22},"end":{"line":395,"column":83}},"155":{"start":{"line":397,"column":39},"end":{"line":400,"column":34}},"156":{"start":{"line":402,"column":8},"end":{"line":402,"column":43}},"157":{"start":{"line":402,"column":25},"end":{"line":402,"column":43}},"158":{"start":{"line":404,"column":8},"end":{"line":404,"column":62}},"159":{"start":{"line":406,"column":8},"end":{"line":406,"column":52}},"160":{"start":{"line":407,"column":8},"end":{"line":407,"column":68}},"161":{"start":{"line":411,"column":0},"end":{"line":411,"column":24}}},"fnMap":{"0":{"name":"(anonymous_0)","decl":{"start":{"line":22,"column":40},"end":{"line":22,"column":41}},"loc":{"start":{"line":22,"column":60},"end":{"line":44,"column":1}},"line":22},"1":{"name":"(anonymous_1)","decl":{"start":{"line":47,"column":27},"end":{"line":47,"column":28}},"loc":{"start":{"line":47,"column":47},"end":{"line":101,"column":1}},"line":47},"2":{"name":"(anonymous_2)","decl":{"start":{"line":104,"column":25},"end":{"line":104,"column":26}},"loc":{"start":{"line":104,"column":45},"end":{"line":147,"column":1}},"line":104},"3":{"name":"(anonymous_3)","decl":{"start":{"line":150,"column":22},"end":{"line":150,"column":23}},"loc":{"start":{"line":150,"column":42},"end":{"line":186,"column":1}},"line":150},"4":{"name":"(anonymous_4)","decl":{"start":{"line":192,"column":23},"end":{"line":192,"column":24}},"loc":{"start":{"line":192,"column":43},"end":{"line":253,"column":1}},"line":192},"5":{"name":"(anonymous_5)","decl":{"start":{"line":256,"column":37},"end":{"line":256,"column":38}},"loc":{"start":{"line":256,"column":57},"end":{"line":315,"column":1}},"line":256},"6":{"name":"(anonymous_6)","decl":{"start":{"line":318,"column":42},"end":{"line":318,"column":43}},"loc":{"start":{"line":318,"column":62},"end":{"line":347,"column":1}},"line":318},"7":{"name":"(anonymous_7)","decl":{"start":{"line":350,"column":51},"end":{"line":350,"column":52}},"loc":{"start":{"line":350,"column":71},"end":{"line":379,"column":1}},"line":350},"8":{"name":"(anonymous_8)","decl":{"start":{"line":382,"column":52},"end":{"line":382,"column":53}},"loc":{"start":{"line":382,"column":72},"end":{"line":409,"column":1}},"line":382}},"branchMap":{"0":{"loc":{"start":{"line":8,"column":19},"end":{"line":8,"column":66}},"type":"binary-expr","locations":[{"start":{"line":8,"column":19},"end":{"line":8,"column":41}},{"start":{"line":8,"column":45},"end":{"line":8,"column":66}}],"line":8},"1":{"loc":{"start":{"line":25,"column":8},"end":{"line":25,"column":80}},"type":"if","locations":[{"start":{"line":25,"column":8},"end":{"line":25,"column":80}},{"start":{},"end":{}}],"line":25},"2":{"loc":{"start":{"line":35,"column":8},"end":{"line":37,"column":9}},"type":"if","locations":[{"start":{"line":35,"column":8},"end":{"line":37,"column":9}},{"start":{},"end":{}}],"line":35},"3":{"loc":{"start":{"line":50,"column":8},"end":{"line":50,"column":97}},"type":"if","locations":[{"start":{"line":50,"column":8},"end":{"line":50,"column":97}},{"start":{},"end":{}}],"line":50},"4":{"loc":{"start":{"line":50,"column":12},"end":{"line":50,"column":26}},"type":"binary-expr","locations":[{"start":{"line":50,"column":12},"end":{"line":50,"column":18}},{"start":{"line":50,"column":22},"end":{"line":50,"column":26}}],"line":50},"5":{"loc":{"start":{"line":54,"column":8},"end":{"line":56,"column":9}},"type":"if","locations":[{"start":{"line":54,"column":8},"end":{"line":56,"column":9}},{"start":{},"end":{}}],"line":54},"6":{"loc":{"start":{"line":54,"column":12},"end":{"line":54,"column":43}},"type":"binary-expr","locations":[{"start":{"line":54,"column":12},"end":{"line":54,"column":22}},{"start":{"line":54,"column":26},"end":{"line":54,"column":43}}],"line":54},"7":{"loc":{"start":{"line":68,"column":8},"end":{"line":84,"column":9}},"type":"if","locations":[{"start":{"line":68,"column":8},"end":{"line":84,"column":9}},{"start":{},"end":{}}],"line":68},"8":{"loc":{"start":{"line":68,"column":12},"end":{"line":68,"column":30}},"type":"binary-expr","locations":[{"start":{"line":68,"column":12},"end":{"line":68,"column":21}},{"start":{"line":68,"column":25},"end":{"line":68,"column":30}}],"line":68},"9":{"loc":{"start":{"line":71,"column":25},"end":{"line":71,"column":88}},"type":"cond-expr","locations":[{"start":{"line":71,"column":72},"end":{"line":71,"column":79}},{"start":{"line":71,"column":82},"end":{"line":71,"column":88}}],"line":71},"10":{"loc":{"start":{"line":79,"column":12},"end":{"line":79,"column":47}},"type":"if","locations":[{"start":{"line":79,"column":12},"end":{"line":79,"column":47}},{"start":{},"end":{}}],"line":79},"11":{"loc":{"start":{"line":87,"column":52},"end":{"line":87,"column":71}},"type":"binary-expr","locations":[{"start":{"line":87,"column":52},"end":{"line":87,"column":61}},{"start":{"line":87,"column":65},"end":{"line":87,"column":71}}],"line":87},"12":{"loc":{"start":{"line":94,"column":75},"end":{"line":94,"column":94}},"type":"binary-expr","locations":[{"start":{"line":94,"column":75},"end":{"line":94,"column":84}},{"start":{"line":94,"column":88},"end":{"line":94,"column":94}}],"line":94},"13":{"loc":{"start":{"line":115,"column":8},"end":{"line":115,"column":93}},"type":"if","locations":[{"start":{"line":115,"column":8},"end":{"line":115,"column":93}},{"start":{},"end":{}}],"line":115},"14":{"loc":{"start":{"line":118,"column":21},"end":{"line":118,"column":80}},"type":"cond-expr","locations":[{"start":{"line":118,"column":64},"end":{"line":118,"column":71}},{"start":{"line":118,"column":74},"end":{"line":118,"column":80}}],"line":118},"15":{"loc":{"start":{"line":126,"column":8},"end":{"line":126,"column":39}},"type":"if","locations":[{"start":{"line":126,"column":8},"end":{"line":126,"column":39}},{"start":{},"end":{}}],"line":126},"16":{"loc":{"start":{"line":138,"column":8},"end":{"line":140,"column":9}},"type":"if","locations":[{"start":{"line":138,"column":8},"end":{"line":140,"column":9}},{"start":{},"end":{}}],"line":138},"17":{"loc":{"start":{"line":160,"column":8},"end":{"line":160,"column":96}},"type":"if","locations":[{"start":{"line":160,"column":8},"end":{"line":160,"column":96}},{"start":{},"end":{}}],"line":160},"18":{"loc":{"start":{"line":160,"column":12},"end":{"line":160,"column":26}},"type":"binary-expr","locations":[{"start":{"line":160,"column":12},"end":{"line":160,"column":17}},{"start":{"line":160,"column":21},"end":{"line":160,"column":26}}],"line":160},"19":{"loc":{"start":{"line":162,"column":8},"end":{"line":162,"column":102}},"type":"if","locations":[{"start":{"line":162,"column":8},"end":{"line":162,"column":102}},{"start":{},"end":{}}],"line":162},"20":{"loc":{"start":{"line":165,"column":8},"end":{"line":165,"column":90}},"type":"if","locations":[{"start":{"line":165,"column":8},"end":{"line":165,"column":90}},{"start":{},"end":{}}],"line":165},"21":{"loc":{"start":{"line":168,"column":52},"end":{"line":168,"column":71}},"type":"binary-expr","locations":[{"start":{"line":168,"column":52},"end":{"line":168,"column":61}},{"start":{"line":168,"column":65},"end":{"line":168,"column":71}}],"line":168},"22":{"loc":{"start":{"line":179,"column":22},"end":{"line":179,"column":41}},"type":"binary-expr","locations":[{"start":{"line":179,"column":22},"end":{"line":179,"column":31}},{"start":{"line":179,"column":35},"end":{"line":179,"column":41}}],"line":179},"23":{"loc":{"start":{"line":190,"column":38},"end":{"line":190,"column":144}},"type":"binary-expr","locations":[{"start":{"line":190,"column":38},"end":{"line":190,"column":66}},{"start":{"line":190,"column":70},"end":{"line":190,"column":144}}],"line":190},"24":{"loc":{"start":{"line":199,"column":22},"end":{"line":199,"column":128}},"type":"binary-expr","locations":[{"start":{"line":199,"column":22},"end":{"line":199,"column":50}},{"start":{"line":199,"column":54},"end":{"line":199,"column":128}}],"line":199},"25":{"loc":{"start":{"line":214,"column":8},"end":{"line":236,"column":9}},"type":"if","locations":[{"start":{"line":214,"column":8},"end":{"line":236,"column":9}},{"start":{"line":233,"column":15},"end":{"line":236,"column":9}}],"line":214},"26":{"loc":{"start":{"line":214,"column":12},"end":{"line":214,"column":30}},"type":"binary-expr","locations":[{"start":{"line":214,"column":12},"end":{"line":214,"column":21}},{"start":{"line":214,"column":25},"end":{"line":214,"column":30}}],"line":214},"27":{"loc":{"start":{"line":215,"column":25},"end":{"line":215,"column":74}},"type":"cond-expr","locations":[{"start":{"line":215,"column":58},"end":{"line":215,"column":65}},{"start":{"line":215,"column":68},"end":{"line":215,"column":74}}],"line":215},"28":{"loc":{"start":{"line":222,"column":12},"end":{"line":222,"column":47}},"type":"if","locations":[{"start":{"line":222,"column":12},"end":{"line":222,"column":47}},{"start":{},"end":{}}],"line":222},"29":{"loc":{"start":{"line":229,"column":28},"end":{"line":229,"column":49}},"type":"binary-expr","locations":[{"start":{"line":229,"column":28},"end":{"line":229,"column":43}},{"start":{"line":229,"column":47},"end":{"line":229,"column":49}}],"line":229},"30":{"loc":{"start":{"line":233,"column":15},"end":{"line":236,"column":9}},"type":"if","locations":[{"start":{"line":233,"column":15},"end":{"line":236,"column":9}},{"start":{},"end":{}}],"line":233},"31":{"loc":{"start":{"line":239,"column":52},"end":{"line":239,"column":71}},"type":"binary-expr","locations":[{"start":{"line":239,"column":52},"end":{"line":239,"column":61}},{"start":{"line":239,"column":65},"end":{"line":239,"column":71}}],"line":239},"32":{"loc":{"start":{"line":246,"column":75},"end":{"line":246,"column":94}},"type":"binary-expr","locations":[{"start":{"line":246,"column":75},"end":{"line":246,"column":84}},{"start":{"line":246,"column":88},"end":{"line":246,"column":94}}],"line":246},"33":{"loc":{"start":{"line":264,"column":8},"end":{"line":264,"column":89}},"type":"if","locations":[{"start":{"line":264,"column":8},"end":{"line":264,"column":89}},{"start":{},"end":{}}],"line":264},"34":{"loc":{"start":{"line":264,"column":12},"end":{"line":264,"column":30}},"type":"binary-expr","locations":[{"start":{"line":264,"column":12},"end":{"line":264,"column":21}},{"start":{"line":264,"column":25},"end":{"line":264,"column":30}}],"line":264},"35":{"loc":{"start":{"line":272,"column":8},"end":{"line":288,"column":9}},"type":"if","locations":[{"start":{"line":272,"column":8},"end":{"line":288,"column":9}},{"start":{},"end":{}}],"line":272},"36":{"loc":{"start":{"line":272,"column":12},"end":{"line":272,"column":36}},"type":"binary-expr","locations":[{"start":{"line":272,"column":12},"end":{"line":272,"column":24}},{"start":{"line":272,"column":28},"end":{"line":272,"column":36}}],"line":272},"37":{"loc":{"start":{"line":285,"column":12},"end":{"line":287,"column":13}},"type":"if","locations":[{"start":{"line":285,"column":12},"end":{"line":287,"column":13}},{"start":{},"end":{}}],"line":285},"38":{"loc":{"start":{"line":285,"column":16},"end":{"line":285,"column":42}},"type":"binary-expr","locations":[{"start":{"line":285,"column":16},"end":{"line":285,"column":28}},{"start":{"line":285,"column":32},"end":{"line":285,"column":42}}],"line":285},"39":{"loc":{"start":{"line":295,"column":22},"end":{"line":295,"column":41}},"type":"binary-expr","locations":[{"start":{"line":295,"column":22},"end":{"line":295,"column":31}},{"start":{"line":295,"column":35},"end":{"line":295,"column":41}}],"line":295},"40":{"loc":{"start":{"line":299,"column":21},"end":{"line":309,"column":13}},"type":"cond-expr","locations":[{"start":{"line":299,"column":31},"end":{"line":304,"column":13}},{"start":{"line":304,"column":16},"end":{"line":309,"column":13}}],"line":299},"41":{"loc":{"start":{"line":300,"column":21},"end":{"line":300,"column":38}},"type":"binary-expr","locations":[{"start":{"line":300,"column":21},"end":{"line":300,"column":32}},{"start":{"line":300,"column":36},"end":{"line":300,"column":38}}],"line":300},"42":{"loc":{"start":{"line":301,"column":27},"end":{"line":301,"column":51}},"type":"binary-expr","locations":[{"start":{"line":301,"column":27},"end":{"line":301,"column":45}},{"start":{"line":301,"column":49},"end":{"line":301,"column":51}}],"line":301},"43":{"loc":{"start":{"line":302,"column":33},"end":{"line":302,"column":67}},"type":"binary-expr","locations":[{"start":{"line":302,"column":33},"end":{"line":302,"column":57}},{"start":{"line":302,"column":61},"end":{"line":302,"column":67}}],"line":302},"44":{"loc":{"start":{"line":322,"column":8},"end":{"line":328,"column":9}},"type":"if","locations":[{"start":{"line":322,"column":8},"end":{"line":328,"column":9}},{"start":{},"end":{}}],"line":322},"45":{"loc":{"start":{"line":327,"column":12},"end":{"line":327,"column":43}},"type":"if","locations":[{"start":{"line":327,"column":12},"end":{"line":327,"column":43}},{"start":{},"end":{}}],"line":327},"46":{"loc":{"start":{"line":340,"column":8},"end":{"line":340,"column":45}},"type":"if","locations":[{"start":{"line":340,"column":8},"end":{"line":340,"column":45}},{"start":{},"end":{}}],"line":340},"47":{"loc":{"start":{"line":360,"column":8},"end":{"line":360,"column":85}},"type":"if","locations":[{"start":{"line":360,"column":8},"end":{"line":360,"column":85}},{"start":{},"end":{}}],"line":360},"48":{"loc":{"start":{"line":360,"column":12},"end":{"line":360,"column":26}},"type":"binary-expr","locations":[{"start":{"line":360,"column":12},"end":{"line":360,"column":17}},{"start":{"line":360,"column":21},"end":{"line":360,"column":26}}],"line":360},"49":{"loc":{"start":{"line":363,"column":8},"end":{"line":363,"column":91}},"type":"if","locations":[{"start":{"line":363,"column":8},"end":{"line":363,"column":91}},{"start":{},"end":{}}],"line":363},"50":{"loc":{"start":{"line":372,"column":8},"end":{"line":372,"column":43}},"type":"if","locations":[{"start":{"line":372,"column":8},"end":{"line":372,"column":43}},{"start":{},"end":{}}],"line":372},"51":{"loc":{"start":{"line":392,"column":8},"end":{"line":392,"column":85}},"type":"if","locations":[{"start":{"line":392,"column":8},"end":{"line":392,"column":85}},{"start":{},"end":{}}],"line":392},"52":{"loc":{"start":{"line":392,"column":12},"end":{"line":392,"column":26}},"type":"binary-expr","locations":[{"start":{"line":392,"column":12},"end":{"line":392,"column":17}},{"start":{"line":392,"column":21},"end":{"line":392,"column":26}}],"line":392},"53":{"loc":{"start":{"line":395,"column":8},"end":{"line":395,"column":83}},"type":"if","locations":[{"start":{"line":395,"column":8},"end":{"line":395,"column":83}},{"start":{},"end":{}}],"line":395},"54":{"loc":{"start":{"line":402,"column":8},"end":{"line":402,"column":43}},"type":"if","locations":[{"start":{"line":402,"column":8},"end":{"line":402,"column":43}},{"start":{},"end":{}}],"line":402}},"s":{"0":1,"1":1,"2":1,"3":1,"4":1,"5":1,"6":1,"7":1,"8":1,"9":1,"10":1,"11":1,"12":1,"13":1,"14":1,"15":1,"16":1,"17":0,"18":0,"19":0,"20":0,"21":0,"22":0,"23":0,"24":0,"25":1,"26":0,"27":0,"28":0,"29":0,"30":0,"31":0,"32":0,"33":0,"34":0,"35":0,"36":0,"37":0,"38":0,"39":0,"40":0,"41":0,"42":0,"43":0,"44":0,"45":0,"46":0,"47":1,"48":1,"49":1,"50":1,"51":1,"52":1,"53":1,"54":0,"55":0,"56":0,"57":0,"58":0,"59":0,"60":0,"61":0,"62":0,"63":0,"64":0,"65":1,"66":4,"67":4,"68":4,"69":4,"70":1,"71":3,"72":0,"73":3,"74":3,"75":1,"76":2,"77":2,"78":0,"79":0,"80":1,"81":1,"82":1,"83":0,"84":0,"85":0,"86":0,"87":0,"88":0,"89":0,"90":0,"91":0,"92":0,"93":0,"94":0,"95":0,"96":0,"97":0,"98":0,"99":0,"100":0,"101":0,"102":0,"103":0,"104":1,"105":0,"106":0,"107":0,"108":0,"109":0,"110":0,"111":0,"112":0,"113":0,"114":0,"115":0,"116":0,"117":1,"118":0,"119":0,"120":0,"121":0,"122":0,"123":0,"124":0,"125":0,"126":0,"127":0,"128":0,"129":0,"130":1,"131":0,"132":0,"133":0,"134":0,"135":0,"136":0,"137":0,"138":0,"139":0,"140":0,"141":0,"142":0,"143":0,"144":0,"145":0,"146":1,"147":0,"148":0,"149":0,"150":0,"151":0,"152":0,"153":0,"154":0,"155":0,"156":0,"157":0,"158":0,"159":0,"160":0,"161":1},"f":{"0":1,"1":0,"2":1,"3":4,"4":0,"5":0,"6":0,"7":0,"8":0},"b":{"0":[1,0],"1":[1,0],"2":[0,0],"3":[0,0],"4":[0,0],"5":[0,0],"6":[0,0],"7":[0,0],"8":[0,0],"9":[0,0],"10":[0,0],"11":[0,0],"12":[0,0],"13":[1,0],"14":[0,0],"15":[0,0],"16":[0,0],"17":[1,3],"18":[4,3],"19":[0,3],"20":[1,2],"21":[2,0],"22":[2,0],"23":[1,1],"24":[0,0],"25":[0,0],"26":[0,0],"27":[0,0],"28":[0,0],"29":[0,0],"30":[0,0],"31":[0,0],"32":[0,0],"33":[0,0],"34":[0,0],"35":[0,0],"36":[0,0],"37":[0,0],"38":[0,0],"39":[0,0],"40":[0,0],"41":[0,0],"42":[0,0],"43":[0,0],"44":[0,0],"45":[0,0],"46":[0,0],"47":[0,0],"48":[0,0],"49":[0,0],"50":[0,0],"51":[0,0],"52":[0,0],"53":[0,0],"54":[0,0]},"_coverageSchema":"1a1c01bbd47fc00a2c39e90264f33305004495a9","hash":"a15ea11ba50d6d534295ab4ef088cfec72a3d072"}
,"C:\\Users\\MKG\\.gemini\\antigravity\\scratch\\clubhub\\backend\\routes\\clubs.js": {"path":"C:\\Users\\MKG\\.gemini\\antigravity\\scratch\\clubhub\\backend\\routes\\clubs.js","statementMap":{"0":{"start":{"line":1,"column":16},"end":{"line":1,"column":34}},"1":{"start":{"line":2,"column":15},"end":{"line":2,"column":31}},"2":{"start":{"line":3,"column":17},"end":{"line":3,"column":39}},"3":{"start":{"line":4,"column":30},"end":{"line":4,"column":69}},"4":{"start":{"line":5,"column":30},"end":{"line":5,"column":75}},"5":{"start":{"line":6,"column":21},"end":{"line":6,"column":45}},"6":{"start":{"line":7,"column":18},"end":{"line":7,"column":39}},"7":{"start":{"line":10,"column":16},"end":{"line":10,"column":46}},"8":{"start":{"line":12,"column":17},"end":{"line":14,"column":2}},"9":{"start":{"line":17,"column":0},"end":{"line":59,"column":3}},"10":{"start":{"line":18,"column":4},"end":{"line":58,"column":5}},"11":{"start":{"line":19,"column":37},"end":{"line":19,"column":46}},"12":{"start":{"line":22,"column":25},"end":{"line":22,"column":72}},"13":{"start":{"line":23,"column":27},"end":{"line":23,"column":48}},"14":{"start":{"line":25,"column":8},"end":{"line":27,"column":9}},"15":{"start":{"line":26,"column":12},"end":{"line":26,"column":40}},"16":{"start":{"line":29,"column":20},"end":{"line":29,"column":54}},"17":{"start":{"line":31,"column":8},"end":{"line":31,"column":61}},"18":{"start":{"line":31,"column":22},"end":{"line":31,"column":61}},"19":{"start":{"line":32,"column":8},"end":{"line":32,"column":63}},"20":{"start":{"line":32,"column":20},"end":{"line":32,"column":63}},"21":{"start":{"line":34,"column":39},"end":{"line":34,"column":85}},"22":{"start":{"line":36,"column":8},"end":{"line":36,"column":31}},"23":{"start":{"line":36,"column":19},"end":{"line":36,"column":31}},"24":{"start":{"line":38,"column":28},"end":{"line":51,"column":11}},"25":{"start":{"line":38,"column":44},"end":{"line":51,"column":9}},"26":{"start":{"line":53,"column":8},"end":{"line":53,"column":43}},"27":{"start":{"line":54,"column":8},"end":{"line":54,"column":30}},"28":{"start":{"line":56,"column":8},"end":{"line":56,"column":49}},"29":{"start":{"line":57,"column":8},"end":{"line":57,"column":65}},"30":{"start":{"line":62,"column":0},"end":{"line":91,"column":3}},"31":{"start":{"line":63,"column":4},"end":{"line":90,"column":5}},"32":{"start":{"line":64,"column":38},"end":{"line":68,"column":21}},"33":{"start":{"line":70,"column":8},"end":{"line":70,"column":85}},"34":{"start":{"line":70,"column":28},"end":{"line":70,"column":85}},"35":{"start":{"line":72,"column":27},"end":{"line":85,"column":9}},"36":{"start":{"line":87,"column":8},"end":{"line":87,"column":29}},"37":{"start":{"line":89,"column":8},"end":{"line":89,"column":72}},"38":{"start":{"line":94,"column":0},"end":{"line":129,"column":3}},"39":{"start":{"line":95,"column":4},"end":{"line":128,"column":5}},"40":{"start":{"line":96,"column":113},"end":{"line":96,"column":121}},"41":{"start":{"line":98,"column":23},"end":{"line":98,"column":27}},"42":{"start":{"line":99,"column":24},"end":{"line":99,"column":28}},"43":{"start":{"line":100,"column":8},"end":{"line":110,"column":9}},"44":{"start":{"line":101,"column":12},"end":{"line":109,"column":13}},"45":{"start":{"line":102,"column":31},"end":{"line":102,"column":63}},"46":{"start":{"line":103,"column":16},"end":{"line":106,"column":17}},"47":{"start":{"line":104,"column":20},"end":{"line":104,"column":50}},"48":{"start":{"line":105,"column":20},"end":{"line":105,"column":52}},"49":{"start":{"line":108,"column":16},"end":{"line":108,"column":56}},"50":{"start":{"line":112,"column":32},"end":{"line":120,"column":21}},"51":{"start":{"line":122,"column":8},"end":{"line":122,"column":31}},"52":{"start":{"line":122,"column":19},"end":{"line":122,"column":31}},"53":{"start":{"line":123,"column":8},"end":{"line":123,"column":27}},"54":{"start":{"line":124,"column":8},"end":{"line":124,"column":38}},"55":{"start":{"line":126,"column":8},"end":{"line":126,"column":46}},"56":{"start":{"line":127,"column":8},"end":{"line":127,"column":62}},"57":{"start":{"line":132,"column":0},"end":{"line":158,"column":3}},"58":{"start":{"line":133,"column":4},"end":{"line":157,"column":5}},"59":{"start":{"line":134,"column":50},"end":{"line":138,"column":21}},"60":{"start":{"line":140,"column":8},"end":{"line":140,"column":90}},"61":{"start":{"line":140,"column":33},"end":{"line":140,"column":90}},"62":{"start":{"line":142,"column":8},"end":{"line":144,"column":9}},"63":{"start":{"line":143,"column":12},"end":{"line":143,"column":97}},"64":{"start":{"line":146,"column":39},"end":{"line":149,"column":36}},"65":{"start":{"line":151,"column":8},"end":{"line":151,"column":43}},"66":{"start":{"line":151,"column":25},"end":{"line":151,"column":43}},"67":{"start":{"line":152,"column":8},"end":{"line":152,"column":27}},"68":{"start":{"line":153,"column":8},"end":{"line":153,"column":59}},"69":{"start":{"line":155,"column":8},"end":{"line":155,"column":49}},"70":{"start":{"line":156,"column":8},"end":{"line":156,"column":65}},"71":{"start":{"line":160,"column":0},"end":{"line":160,"column":24}}},"fnMap":{"0":{"name":"(anonymous_0)","decl":{"start":{"line":17,"column":16},"end":{"line":17,"column":17}},"loc":{"start":{"line":17,"column":36},"end":{"line":59,"column":1}},"line":17},"1":{"name":"(anonymous_1)","decl":{"start":{"line":38,"column":38},"end":{"line":38,"column":39}},"loc":{"start":{"line":38,"column":44},"end":{"line":51,"column":9}},"line":38},"2":{"name":"(anonymous_2)","decl":{"start":{"line":62,"column":19},"end":{"line":62,"column":20}},"loc":{"start":{"line":62,"column":39},"end":{"line":91,"column":1}},"line":62},"3":{"name":"(anonymous_3)","decl":{"start":{"line":94,"column":55},"end":{"line":94,"column":56}},"loc":{"start":{"line":94,"column":75},"end":{"line":129,"column":1}},"line":94},"4":{"name":"(anonymous_4)","decl":{"start":{"line":132,"column":41},"end":{"line":132,"column":42}},"loc":{"start":{"line":132,"column":61},"end":{"line":158,"column":1}},"line":132}},"branchMap":{"0":{"loc":{"start":{"line":22,"column":34},"end":{"line":22,"column":51}},"type":"binary-expr","locations":[{"start":{"line":22,"column":34},"end":{"line":22,"column":42}},{"start":{"line":22,"column":46},"end":{"line":22,"column":51}}],"line":22},"1":{"loc":{"start":{"line":22,"column":55},"end":{"line":22,"column":70}},"type":"binary-expr","locations":[{"start":{"line":22,"column":55},"end":{"line":22,"column":61}},{"start":{"line":22,"column":65},"end":{"line":22,"column":70}}],"line":22},"2":{"loc":{"start":{"line":25,"column":8},"end":{"line":27,"column":9}},"type":"if","locations":[{"start":{"line":25,"column":8},"end":{"line":27,"column":9}},{"start":{},"end":{}}],"line":25},"3":{"loc":{"start":{"line":31,"column":8},"end":{"line":31,"column":61}},"type":"if","locations":[{"start":{"line":31,"column":8},"end":{"line":31,"column":61}},{"start":{},"end":{}}],"line":31},"4":{"loc":{"start":{"line":32,"column":8},"end":{"line":32,"column":63}},"type":"if","locations":[{"start":{"line":32,"column":8},"end":{"line":32,"column":63}},{"start":{},"end":{}}],"line":32},"5":{"loc":{"start":{"line":36,"column":8},"end":{"line":36,"column":31}},"type":"if","locations":[{"start":{"line":36,"column":8},"end":{"line":36,"column":31}},{"start":{},"end":{}}],"line":36},"6":{"loc":{"start":{"line":70,"column":8},"end":{"line":70,"column":85}},"type":"if","locations":[{"start":{"line":70,"column":8},"end":{"line":70,"column":85}},{"start":{},"end":{}}],"line":70},"7":{"loc":{"start":{"line":70,"column":12},"end":{"line":70,"column":26}},"type":"binary-expr","locations":[{"start":{"line":70,"column":12},"end":{"line":70,"column":17}},{"start":{"line":70,"column":21},"end":{"line":70,"column":26}}],"line":70},"8":{"loc":{"start":{"line":100,"column":8},"end":{"line":110,"column":9}},"type":"if","locations":[{"start":{"line":100,"column":8},"end":{"line":110,"column":9}},{"start":{},"end":{}}],"line":100},"9":{"loc":{"start":{"line":103,"column":16},"end":{"line":106,"column":17}},"type":"if","locations":[{"start":{"line":103,"column":16},"end":{"line":106,"column":17}},{"start":{},"end":{}}],"line":103},"10":{"loc":{"start":{"line":122,"column":8},"end":{"line":122,"column":31}},"type":"if","locations":[{"start":{"line":122,"column":8},"end":{"line":122,"column":31}},{"start":{},"end":{}}],"line":122},"11":{"loc":{"start":{"line":140,"column":8},"end":{"line":140,"column":90}},"type":"if","locations":[{"start":{"line":140,"column":8},"end":{"line":140,"column":90}},{"start":{},"end":{}}],"line":140},"12":{"loc":{"start":{"line":140,"column":12},"end":{"line":140,"column":31}},"type":"binary-expr","locations":[{"start":{"line":140,"column":12},"end":{"line":140,"column":22}},{"start":{"line":140,"column":26},"end":{"line":140,"column":31}}],"line":140},"13":{"loc":{"start":{"line":142,"column":8},"end":{"line":144,"column":9}},"type":"if","locations":[{"start":{"line":142,"column":8},"end":{"line":144,"column":9}},{"start":{},"end":{}}],"line":142},"14":{"loc":{"start":{"line":142,"column":12},"end":{"line":142,"column":78}},"type":"binary-expr","locations":[{"start":{"line":142,"column":12},"end":{"line":142,"column":24}},{"start":{"line":142,"column":28},"end":{"line":142,"column":78}}],"line":142},"15":{"loc":{"start":{"line":151,"column":8},"end":{"line":151,"column":43}},"type":"if","locations":[{"start":{"line":151,"column":8},"end":{"line":151,"column":43}},{"start":{},"end":{}}],"line":151}},"s":{"0":1,"1":1,"2":1,"3":1,"4":1,"5":1,"6":1,"7":1,"8":1,"9":1,"10":5,"11":5,"12":5,"13":5,"14":5,"15":1,"16":4,"17":4,"18":1,"19":4,"20":2,"21":4,"22":4,"23":0,"24":4,"25":51,"26":4,"27":4,"28":0,"29":0,"30":1,"31":1,"32":1,"33":1,"34":1,"35":0,"36":0,"37":0,"38":1,"39":0,"40":0,"41":0,"42":0,"43":0,"44":0,"45":0,"46":0,"47":0,"48":0,"49":0,"50":0,"51":0,"52":0,"53":0,"54":0,"55":0,"56":0,"57":1,"58":0,"59":0,"60":0,"61":0,"62":0,"63":0,"64":0,"65":0,"66":0,"67":0,"68":0,"69":0,"70":0,"71":1},"f":{"0":5,"1":51,"2":1,"3":0,"4":0},"b":{"0":[5,4],"1":[5,3],"2":[1,4],"3":[1,3],"4":[2,2],"5":[0,4],"6":[1,0],"7":[1,0],"8":[0,0],"9":[0,0],"10":[0,0],"11":[0,0],"12":[0,0],"13":[0,0],"14":[0,0],"15":[0,0]},"_coverageSchema":"1a1c01bbd47fc00a2c39e90264f33305004495a9","hash":"c5ca97afa52dec564c905c7f76696bbb4235260f"}
,"C:\\Users\\MKG\\.gemini\\antigravity\\scratch\\clubhub\\backend\\routes\\events.js": {"path":"C:\\Users\\MKG\\.gemini\\antigravity\\scratch\\clubhub\\backend\\routes\\events.js","statementMap":{"0":{"start":{"line":1,"column":16},"end":{"line":1,"column":34}},"1":{"start":{"line":2,"column":15},"end":{"line":2,"column":31}},"2":{"start":{"line":3,"column":17},"end":{"line":3,"column":39}},"3":{"start":{"line":4,"column":30},"end":{"line":4,"column":69}},"4":{"start":{"line":5,"column":31},"end":{"line":5,"column":76}},"5":{"start":{"line":7,"column":18},"end":{"line":7,"column":39}},"6":{"start":{"line":8,"column":16},"end":{"line":8,"column":46}},"7":{"start":{"line":10,"column":0},"end":{"line":26,"column":3}},"8":{"start":{"line":11,"column":4},"end":{"line":25,"column":5}},"9":{"start":{"line":12,"column":27},"end":{"line":12,"column":52}},"10":{"start":{"line":13,"column":8},"end":{"line":13,"column":52}},"11":{"start":{"line":13,"column":24},"end":{"line":13,"column":52}},"12":{"start":{"line":15,"column":32},"end":{"line":18,"column":47}},"13":{"start":{"line":20,"column":8},"end":{"line":20,"column":31}},"14":{"start":{"line":20,"column":19},"end":{"line":20,"column":31}},"15":{"start":{"line":21,"column":8},"end":{"line":21,"column":40}},"16":{"start":{"line":22,"column":8},"end":{"line":22,"column":23}},"17":{"start":{"line":24,"column":8},"end":{"line":24,"column":53}},"18":{"start":{"line":28,"column":0},"end":{"line":45,"column":3}},"19":{"start":{"line":29,"column":4},"end":{"line":44,"column":5}},"20":{"start":{"line":30,"column":25},"end":{"line":30,"column":51}},"21":{"start":{"line":31,"column":27},"end":{"line":31,"column":48}},"22":{"start":{"line":32,"column":8},"end":{"line":32,"column":52}},"23":{"start":{"line":32,"column":24},"end":{"line":32,"column":52}},"24":{"start":{"line":34,"column":32},"end":{"line":37,"column":42}},"25":{"start":{"line":39,"column":8},"end":{"line":39,"column":31}},"26":{"start":{"line":39,"column":19},"end":{"line":39,"column":31}},"27":{"start":{"line":40,"column":8},"end":{"line":40,"column":36}},"28":{"start":{"line":41,"column":8},"end":{"line":41,"column":23}},"29":{"start":{"line":43,"column":8},"end":{"line":43,"column":53}},"30":{"start":{"line":47,"column":0},"end":{"line":65,"column":3}},"31":{"start":{"line":48,"column":79},"end":{"line":48,"column":87}},"32":{"start":{"line":49,"column":4},"end":{"line":64,"column":5}},"33":{"start":{"line":50,"column":32},"end":{"line":57,"column":21}},"34":{"start":{"line":59,"column":8},"end":{"line":59,"column":31}},"35":{"start":{"line":59,"column":19},"end":{"line":59,"column":31}},"36":{"start":{"line":60,"column":8},"end":{"line":60,"column":27}},"37":{"start":{"line":61,"column":8},"end":{"line":61,"column":38}},"38":{"start":{"line":63,"column":8},"end":{"line":63,"column":53}},"39":{"start":{"line":67,"column":0},"end":{"line":93,"column":3}},"40":{"start":{"line":68,"column":4},"end":{"line":92,"column":5}},"41":{"start":{"line":69,"column":51},"end":{"line":73,"column":21}},"42":{"start":{"line":75,"column":8},"end":{"line":75,"column":92}},"43":{"start":{"line":75,"column":34},"end":{"line":75,"column":92}},"44":{"start":{"line":77,"column":8},"end":{"line":79,"column":9}},"45":{"start":{"line":78,"column":12},"end":{"line":78,"column":98}},"46":{"start":{"line":81,"column":39},"end":{"line":84,"column":36}},"47":{"start":{"line":86,"column":8},"end":{"line":86,"column":43}},"48":{"start":{"line":86,"column":25},"end":{"line":86,"column":43}},"49":{"start":{"line":87,"column":8},"end":{"line":87,"column":27}},"50":{"start":{"line":88,"column":8},"end":{"line":88,"column":60}},"51":{"start":{"line":90,"column":8},"end":{"line":90,"column":50}},"52":{"start":{"line":91,"column":8},"end":{"line":91,"column":66}},"53":{"start":{"line":95,"column":0},"end":{"line":95,"column":24}}},"fnMap":{"0":{"name":"(anonymous_0)","decl":{"start":{"line":10,"column":16},"end":{"line":10,"column":17}},"loc":{"start":{"line":10,"column":36},"end":{"line":26,"column":1}},"line":10},"1":{"name":"(anonymous_1)","decl":{"start":{"line":28,"column":27},"end":{"line":28,"column":28}},"loc":{"start":{"line":28,"column":47},"end":{"line":45,"column":1}},"line":28},"2":{"name":"(anonymous_2)","decl":{"start":{"line":47,"column":56},"end":{"line":47,"column":57}},"loc":{"start":{"line":47,"column":76},"end":{"line":65,"column":1}},"line":47},"3":{"name":"(anonymous_3)","decl":{"start":{"line":67,"column":41},"end":{"line":67,"column":42}},"loc":{"start":{"line":67,"column":61},"end":{"line":93,"column":1}},"line":67}},"branchMap":{"0":{"loc":{"start":{"line":13,"column":8},"end":{"line":13,"column":52}},"type":"if","locations":[{"start":{"line":13,"column":8},"end":{"line":13,"column":52}},{"start":{},"end":{}}],"line":13},"1":{"loc":{"start":{"line":20,"column":8},"end":{"line":20,"column":31}},"type":"if","locations":[{"start":{"line":20,"column":8},"end":{"line":20,"column":31}},{"start":{},"end":{}}],"line":20},"2":{"loc":{"start":{"line":32,"column":8},"end":{"line":32,"column":52}},"type":"if","locations":[{"start":{"line":32,"column":8},"end":{"line":32,"column":52}},{"start":{},"end":{}}],"line":32},"3":{"loc":{"start":{"line":39,"column":8},"end":{"line":39,"column":31}},"type":"if","locations":[{"start":{"line":39,"column":8},"end":{"line":39,"column":31}},{"start":{},"end":{}}],"line":39},"4":{"loc":{"start":{"line":59,"column":8},"end":{"line":59,"column":31}},"type":"if","locations":[{"start":{"line":59,"column":8},"end":{"line":59,"column":31}},{"start":{},"end":{}}],"line":59},"5":{"loc":{"start":{"line":75,"column":8},"end":{"line":75,"column":92}},"type":"if","locations":[{"start":{"line":75,"column":8},"end":{"line":75,"column":92}},{"start":{},"end":{}}],"line":75},"6":{"loc":{"start":{"line":75,"column":12},"end":{"line":75,"column":32}},"type":"binary-expr","locations":[{"start":{"line":75,"column":12},"end":{"line":75,"column":22}},{"start":{"line":75,"column":26},"end":{"line":75,"column":32}}],"line":75},"7":{"loc":{"start":{"line":77,"column":8},"end":{"line":79,"column":9}},"type":"if","locations":[{"start":{"line":77,"column":8},"end":{"line":79,"column":9}},{"start":{},"end":{}}],"line":77},"8":{"loc":{"start":{"line":77,"column":12},"end":{"line":77,"column":80}},"type":"binary-expr","locations":[{"start":{"line":77,"column":12},"end":{"line":77,"column":25}},{"start":{"line":77,"column":29},"end":{"line":77,"column":80}}],"line":77},"9":{"loc":{"start":{"line":86,"column":8},"end":{"line":86,"column":43}},"type":"if","locations":[{"start":{"line":86,"column":8},"end":{"line":86,"column":43}},{"start":{},"end":{}}],"line":86}},"s":{"0":0,"1":0,"2":0,"3":0,"4":0,"5":0,"6":0,"7":0,"8":0,"9":0,"10":0,"11":0,"12":0,"13":0,"14":0,"15":0,"16":0,"17":0,"18":0,"19":0,"20":0,"21":0,"22":0,"23":0,"24":0,"25":0,"26":0,"27":0,"28":0,"29":0,"30":0,"31":0,"32":0,"33":0,"34":0,"35":0,"36":0,"37":0,"38":0,"39":0,"40":0,"41":0,"42":0,"43":0,"44":0,"45":0,"46":0,"47":0,"48":0,"49":0,"50":0,"51":0,"52":0,"53":0},"f":{"0":0,"1":0,"2":0,"3":0},"b":{"0":[0,0],"1":[0,0],"2":[0,0],"3":[0,0],"4":[0,0],"5":[0,0],"6":[0,0],"7":[0,0],"8":[0,0],"9":[0,0]}}
,"C:\\Users\\MKG\\.gemini\\antigravity\\scratch\\clubhub\\backend\\routes\\payment.js": {"path":"C:\\Users\\MKG\\.gemini\\antigravity\\scratch\\clubhub\\backend\\routes\\payment.js","statementMap":{"0":{"start":{"line":1,"column":16},"end":{"line":1,"column":34}},"1":{"start":{"line":2,"column":15},"end":{"line":2,"column":31}},"2":{"start":{"line":3,"column":17},"end":{"line":3,"column":39}},"3":{"start":{"line":4,"column":30},"end":{"line":4,"column":69}},"4":{"start":{"line":5,"column":17},"end":{"line":5,"column":36}},"5":{"start":{"line":6,"column":15},"end":{"line":6,"column":32}},"6":{"start":{"line":8,"column":17},"end":{"line":11,"column":2}},"7":{"start":{"line":13,"column":0},"end":{"line":71,"column":3}},"8":{"start":{"line":14,"column":4},"end":{"line":70,"column":5}},"9":{"start":{"line":15,"column":39},"end":{"line":15,"column":47}},"10":{"start":{"line":17,"column":8},"end":{"line":19,"column":9}},"11":{"start":{"line":18,"column":12},"end":{"line":18,"column":71}},"12":{"start":{"line":21,"column":53},"end":{"line":25,"column":21}},"13":{"start":{"line":27,"column":8},"end":{"line":27,"column":95}},"14":{"start":{"line":27,"column":36},"end":{"line":27,"column":95}},"15":{"start":{"line":29,"column":8},"end":{"line":31,"column":9}},"16":{"start":{"line":30,"column":12},"end":{"line":30,"column":83}},"17":{"start":{"line":33,"column":26},"end":{"line":33,"column":53}},"18":{"start":{"line":34,"column":28},"end":{"line":34,"column":44}},"19":{"start":{"line":35,"column":27},"end":{"line":35,"column":50}},"20":{"start":{"line":37,"column":24},"end":{"line":41,"column":9}},"21":{"start":{"line":43,"column":22},"end":{"line":43,"column":59}},"22":{"start":{"line":45,"column":57},"end":{"line":57,"column":21}},"23":{"start":{"line":59,"column":8},"end":{"line":59,"column":41}},"24":{"start":{"line":59,"column":24},"end":{"line":59,"column":41}},"25":{"start":{"line":61,"column":8},"end":{"line":66,"column":11}},"26":{"start":{"line":68,"column":8},"end":{"line":68,"column":50}},"27":{"start":{"line":69,"column":8},"end":{"line":69,"column":74}},"28":{"start":{"line":73,"column":0},"end":{"line":161,"column":3}},"29":{"start":{"line":74,"column":4},"end":{"line":160,"column":5}},"30":{"start":{"line":75,"column":104},"end":{"line":75,"column":112}},"31":{"start":{"line":77,"column":21},"end":{"line":77,"column":66}},"32":{"start":{"line":78,"column":29},"end":{"line":81,"column":26}},"33":{"start":{"line":83,"column":8},"end":{"line":156,"column":9}},"34":{"start":{"line":85,"column":55},"end":{"line":89,"column":25}},"35":{"start":{"line":91,"column":12},"end":{"line":93,"column":13}},"36":{"start":{"line":92,"column":16},"end":{"line":92,"column":88}},"37":{"start":{"line":96,"column":12},"end":{"line":99,"column":36}},"38":{"start":{"line":102,"column":12},"end":{"line":116,"column":13}},"39":{"start":{"line":103,"column":44},"end":{"line":113,"column":23}},"40":{"start":{"line":115,"column":16},"end":{"line":115,"column":90}},"41":{"start":{"line":115,"column":30},"end":{"line":115,"column":90}},"42":{"start":{"line":119,"column":37},"end":{"line":123,"column":25}},"43":{"start":{"line":125,"column":12},"end":{"line":130,"column":13}},"44":{"start":{"line":126,"column":16},"end":{"line":129,"column":47}},"45":{"start":{"line":133,"column":12},"end":{"line":145,"column":13}},"46":{"start":{"line":135,"column":43},"end":{"line":135,"column":124}},"47":{"start":{"line":136,"column":45},"end":{"line":136,"column":122}},"48":{"start":{"line":138,"column":16},"end":{"line":141,"column":17}},"49":{"start":{"line":139,"column":48},"end":{"line":139,"column":73}},"50":{"start":{"line":140,"column":20},"end":{"line":140,"column":92}},"51":{"start":{"line":143,"column":16},"end":{"line":143,"column":75}},"52":{"start":{"line":147,"column":12},"end":{"line":147,"column":67}},"53":{"start":{"line":150,"column":12},"end":{"line":153,"column":53}},"54":{"start":{"line":155,"column":12},"end":{"line":155,"column":71}},"55":{"start":{"line":158,"column":8},"end":{"line":158,"column":52}},"56":{"start":{"line":159,"column":8},"end":{"line":159,"column":68}},"57":{"start":{"line":163,"column":0},"end":{"line":163,"column":24}}},"fnMap":{"0":{"name":"(anonymous_0)","decl":{"start":{"line":13,"column":48},"end":{"line":13,"column":49}},"loc":{"start":{"line":13,"column":68},"end":{"line":71,"column":1}},"line":13},"1":{"name":"(anonymous_1)","decl":{"start":{"line":73,"column":42},"end":{"line":73,"column":43}},"loc":{"start":{"line":73,"column":62},"end":{"line":161,"column":1}},"line":73}},"branchMap":{"0":{"loc":{"start":{"line":17,"column":8},"end":{"line":19,"column":9}},"type":"if","locations":[{"start":{"line":17,"column":8},"end":{"line":19,"column":9}},{"start":{},"end":{}}],"line":17},"1":{"loc":{"start":{"line":17,"column":12},"end":{"line":17,"column":73}},"type":"binary-expr","locations":[{"start":{"line":17,"column":12},"end":{"line":17,"column":39}},{"start":{"line":17,"column":43},"end":{"line":17,"column":56}},{"start":{"line":17,"column":60},"end":{"line":17,"column":73}}],"line":17},"2":{"loc":{"start":{"line":27,"column":8},"end":{"line":27,"column":95}},"type":"if","locations":[{"start":{"line":27,"column":8},"end":{"line":27,"column":95}},{"start":{},"end":{}}],"line":27},"3":{"loc":{"start":{"line":27,"column":12},"end":{"line":27,"column":34}},"type":"binary-expr","locations":[{"start":{"line":27,"column":12},"end":{"line":27,"column":23}},{"start":{"line":27,"column":27},"end":{"line":27,"column":34}}],"line":27},"4":{"loc":{"start":{"line":29,"column":8},"end":{"line":31,"column":9}},"type":"if","locations":[{"start":{"line":29,"column":8},"end":{"line":31,"column":9}},{"start":{},"end":{}}],"line":29},"5":{"loc":{"start":{"line":59,"column":8},"end":{"line":59,"column":41}},"type":"if","locations":[{"start":{"line":59,"column":8},"end":{"line":59,"column":41}},{"start":{},"end":{}}],"line":59},"6":{"loc":{"start":{"line":83,"column":8},"end":{"line":156,"column":9}},"type":"if","locations":[{"start":{"line":83,"column":8},"end":{"line":156,"column":9}},{"start":{"line":148,"column":15},"end":{"line":156,"column":9}}],"line":83},"7":{"loc":{"start":{"line":91,"column":12},"end":{"line":93,"column":13}},"type":"if","locations":[{"start":{"line":91,"column":12},"end":{"line":93,"column":13}},{"start":{},"end":{}}],"line":91},"8":{"loc":{"start":{"line":91,"column":16},"end":{"line":91,"column":69}},"type":"binary-expr","locations":[{"start":{"line":91,"column":16},"end":{"line":91,"column":26}},{"start":{"line":91,"column":30},"end":{"line":91,"column":36}},{"start":{"line":91,"column":40},"end":{"line":91,"column":69}}],"line":91},"9":{"loc":{"start":{"line":102,"column":12},"end":{"line":116,"column":13}},"type":"if","locations":[{"start":{"line":102,"column":12},"end":{"line":116,"column":13}},{"start":{},"end":{}}],"line":102},"10":{"loc":{"start":{"line":111,"column":36},"end":{"line":111,"column":66}},"type":"binary-expr","locations":[{"start":{"line":111,"column":36},"end":{"line":111,"column":58}},{"start":{"line":111,"column":62},"end":{"line":111,"column":66}}],"line":111},"11":{"loc":{"start":{"line":112,"column":44},"end":{"line":112,"column":76}},"type":"binary-expr","locations":[{"start":{"line":112,"column":44},"end":{"line":112,"column":68}},{"start":{"line":112,"column":72},"end":{"line":112,"column":76}}],"line":112},"12":{"loc":{"start":{"line":115,"column":16},"end":{"line":115,"column":90}},"type":"if","locations":[{"start":{"line":115,"column":16},"end":{"line":115,"column":90}},{"start":{},"end":{}}],"line":115},"13":{"loc":{"start":{"line":125,"column":12},"end":{"line":130,"column":13}},"type":"if","locations":[{"start":{"line":125,"column":12},"end":{"line":130,"column":13}},{"start":{},"end":{}}],"line":125},"14":{"loc":{"start":{"line":138,"column":16},"end":{"line":141,"column":17}},"type":"if","locations":[{"start":{"line":138,"column":16},"end":{"line":141,"column":17}},{"start":{},"end":{}}],"line":138},"15":{"loc":{"start":{"line":138,"column":20},"end":{"line":138,"column":42}},"type":"binary-expr","locations":[{"start":{"line":138,"column":20},"end":{"line":138,"column":28}},{"start":{"line":138,"column":32},"end":{"line":138,"column":42}}],"line":138}},"s":{"0":0,"1":0,"2":0,"3":0,"4":0,"5":0,"6":0,"7":0,"8":0,"9":0,"10":0,"11":0,"12":0,"13":0,"14":0,"15":0,"16":0,"17":0,"18":0,"19":0,"20":0,"21":0,"22":0,"23":0,"24":0,"25":0,"26":0,"27":0,"28":0,"29":0,"30":0,"31":0,"32":0,"33":0,"34":0,"35":0,"36":0,"37":0,"38":0,"39":0,"40":0,"41":0,"42":0,"43":0,"44":0,"45":0,"46":0,"47":0,"48":0,"49":0,"50":0,"51":0,"52":0,"53":0,"54":0,"55":0,"56":0,"57":0},"f":{"0":0,"1":0},"b":{"0":[0,0],"1":[0,0,0],"2":[0,0],"3":[0,0],"4":[0,0],"5":[0,0],"6":[0,0],"7":[0,0],"8":[0,0,0],"9":[0,0],"10":[0,0],"11":[0,0],"12":[0,0],"13":[0,0],"14":[0,0],"15":[0,0]}}
,"C:\\Users\\MKG\\.gemini\\antigravity\\scratch\\clubhub\\backend\\routes\\search.js": {"path":"C:\\Users\\MKG\\.gemini\\antigravity\\scratch\\clubhub\\backend\\routes\\search.js","statementMap":{"0":{"start":{"line":1,"column":16},"end":{"line":1,"column":34}},"1":{"start":{"line":2,"column":15},"end":{"line":2,"column":31}},"2":{"start":{"line":3,"column":17},"end":{"line":3,"column":39}},"3":{"start":{"line":5,"column":0},"end":{"line":21,"column":3}},"4":{"start":{"line":6,"column":4},"end":{"line":20,"column":5}},"5":{"start":{"line":7,"column":22},"end":{"line":7,"column":31}},"6":{"start":{"line":8,"column":8},"end":{"line":8,"column":36}},"7":{"start":{"line":8,"column":16},"end":{"line":8,"column":36}},"8":{"start":{"line":10,"column":32},"end":{"line":14,"column":21}},"9":{"start":{"line":16,"column":8},"end":{"line":16,"column":31}},"10":{"start":{"line":16,"column":19},"end":{"line":16,"column":31}},"11":{"start":{"line":17,"column":8},"end":{"line":17,"column":40}},"12":{"start":{"line":17,"column":31},"end":{"line":17,"column":37}},"13":{"start":{"line":19,"column":8},"end":{"line":19,"column":57}},"14":{"start":{"line":23,"column":0},"end":{"line":23,"column":24}}},"fnMap":{"0":{"name":"(anonymous_0)","decl":{"start":{"line":5,"column":27},"end":{"line":5,"column":28}},"loc":{"start":{"line":5,"column":47},"end":{"line":21,"column":1}},"line":5},"1":{"name":"(anonymous_1)","decl":{"start":{"line":17,"column":26},"end":{"line":17,"column":27}},"loc":{"start":{"line":17,"column":31},"end":{"line":17,"column":37}},"line":17}},"branchMap":{"0":{"loc":{"start":{"line":8,"column":8},"end":{"line":8,"column":36}},"type":"if","locations":[{"start":{"line":8,"column":8},"end":{"line":8,"column":36}},{"start":{},"end":{}}],"line":8},"1":{"loc":{"start":{"line":16,"column":8},"end":{"line":16,"column":31}},"type":"if","locations":[{"start":{"line":16,"column":8},"end":{"line":16,"column":31}},{"start":{},"end":{}}],"line":16}},"s":{"0":0,"1":0,"2":0,"3":0,"4":0,"5":0,"6":0,"7":0,"8":0,"9":0,"10":0,"11":0,"12":0,"13":0,"14":0},"f":{"0":0,"1":0},"b":{"0":[0,0],"1":[0,0]}}
,"C:\\Users\\MKG\\.gemini\\antigravity\\scratch\\clubhub\\backend\\routes\\users.js": {"path":"C:\\Users\\MKG\\.gemini\\antigravity\\scratch\\clubhub\\backend\\routes\\users.js","statementMap":{"0":{"start":{"line":1,"column":16},"end":{"line":1,"column":34}},"1":{"start":{"line":2,"column":15},"end":{"line":2,"column":31}},"2":{"start":{"line":3,"column":17},"end":{"line":3,"column":39}},"3":{"start":{"line":4,"column":30},"end":{"line":4,"column":69}},"4":{"start":{"line":6,"column":0},"end":{"line":34,"column":3}},"5":{"start":{"line":7,"column":4},"end":{"line":33,"column":5}},"6":{"start":{"line":8,"column":39},"end":{"line":12,"column":47}},"7":{"start":{"line":14,"column":8},"end":{"line":14,"column":31}},"8":{"start":{"line":14,"column":19},"end":{"line":14,"column":31}},"9":{"start":{"line":16,"column":28},"end":{"line":27,"column":11}},"10":{"start":{"line":16,"column":44},"end":{"line":27,"column":9}},"11":{"start":{"line":29,"column":8},"end":{"line":29,"column":30}},"12":{"start":{"line":31,"column":8},"end":{"line":31,"column":52}},"13":{"start":{"line":32,"column":8},"end":{"line":32,"column":70}},"14":{"start":{"line":36,"column":0},"end":{"line":50,"column":3}},"15":{"start":{"line":37,"column":4},"end":{"line":49,"column":5}},"16":{"start":{"line":38,"column":40},"end":{"line":42,"column":47}},"17":{"start":{"line":44,"column":8},"end":{"line":44,"column":31}},"18":{"start":{"line":44,"column":19},"end":{"line":44,"column":31}},"19":{"start":{"line":45,"column":8},"end":{"line":45,"column":25}},"20":{"start":{"line":47,"column":8},"end":{"line":47,"column":53}},"21":{"start":{"line":48,"column":8},"end":{"line":48,"column":71}},"22":{"start":{"line":52,"column":0},"end":{"line":52,"column":24}}},"fnMap":{"0":{"name":"(anonymous_0)","decl":{"start":{"line":6,"column":40},"end":{"line":6,"column":41}},"loc":{"start":{"line":6,"column":60},"end":{"line":34,"column":1}},"line":6},"1":{"name":"(anonymous_1)","decl":{"start":{"line":16,"column":38},"end":{"line":16,"column":39}},"loc":{"start":{"line":16,"column":44},"end":{"line":27,"column":9}},"line":16},"2":{"name":"(anonymous_2)","decl":{"start":{"line":36,"column":41},"end":{"line":36,"column":42}},"loc":{"start":{"line":36,"column":61},"end":{"line":50,"column":1}},"line":36}},"branchMap":{"0":{"loc":{"start":{"line":14,"column":8},"end":{"line":14,"column":31}},"type":"if","locations":[{"start":{"line":14,"column":8},"end":{"line":14,"column":31}},{"start":{},"end":{}}],"line":14},"1":{"loc":{"start":{"line":44,"column":8},"end":{"line":44,"column":31}},"type":"if","locations":[{"start":{"line":44,"column":8},"end":{"line":44,"column":31}},{"start":{},"end":{}}],"line":44}},"s":{"0":0,"1":0,"2":0,"3":0,"4":0,"5":0,"6":0,"7":0,"8":0,"9":0,"10":0,"11":0,"12":0,"13":0,"14":0,"15":0,"16":0,"17":0,"18":0,"19":0,"20":0,"21":0,"22":0},"f":{"0":0,"1":0,"2":0},"b":{"0":[0,0],"1":[0,0]}}
,"C:\\Users\\MKG\\.gemini\\antigravity\\scratch\\clubhub\\backend\\utils\\email.js": {"path":"C:\\Users\\MKG\\.gemini\\antigravity\\scratch\\clubhub\\backend\\utils\\email.js","statementMap":{"0":{"start":{"line":1,"column":19},"end":{"line":1,"column":36}},"1":{"start":{"line":4,"column":15},"end":{"line":4,"column":77}},"2":{"start":{"line":6,"column":24},"end":{"line":56,"column":1}},"3":{"start":{"line":7,"column":4},"end":{"line":55,"column":5}},"4":{"start":{"line":8,"column":8},"end":{"line":11,"column":9}},"5":{"start":{"line":9,"column":12},"end":{"line":9,"column":81}},"6":{"start":{"line":10,"column":12},"end":{"line":10,"column":25}},"7":{"start":{"line":13,"column":26},"end":{"line":36,"column":9}},"8":{"start":{"line":38,"column":32},"end":{"line":43,"column":10}},"9":{"start":{"line":45,"column":8},"end":{"line":48,"column":9}},"10":{"start":{"line":46,"column":12},"end":{"line":46,"column":54}},"11":{"start":{"line":47,"column":12},"end":{"line":47,"column":25}},"12":{"start":{"line":50,"column":8},"end":{"line":50,"column":54}},"13":{"start":{"line":51,"column":8},"end":{"line":51,"column":20}},"14":{"start":{"line":53,"column":8},"end":{"line":53,"column":52}},"15":{"start":{"line":54,"column":8},"end":{"line":54,"column":21}},"16":{"start":{"line":58,"column":21},"end":{"line":99,"column":1}},"17":{"start":{"line":59,"column":4},"end":{"line":98,"column":5}},"18":{"start":{"line":60,"column":8},"end":{"line":63,"column":9}},"19":{"start":{"line":61,"column":12},"end":{"line":61,"column":95}},"20":{"start":{"line":62,"column":12},"end":{"line":62,"column":24}},"21":{"start":{"line":65,"column":26},"end":{"line":81,"column":9}},"22":{"start":{"line":83,"column":32},"end":{"line":88,"column":10}},"23":{"start":{"line":90,"column":8},"end":{"line":93,"column":9}},"24":{"start":{"line":91,"column":12},"end":{"line":91,"column":54}},"25":{"start":{"line":92,"column":12},"end":{"line":92,"column":25}},"26":{"start":{"line":94,"column":8},"end":{"line":94,"column":20}},"27":{"start":{"line":96,"column":8},"end":{"line":96,"column":56}},"28":{"start":{"line":97,"column":8},"end":{"line":97,"column":21}},"29":{"start":{"line":101,"column":0},"end":{"line":104,"column":2}}},"fnMap":{"0":{"name":"(anonymous_0)","decl":{"start":{"line":6,"column":24},"end":{"line":6,"column":25}},"loc":{"start":{"line":6,"column":84},"end":{"line":56,"column":1}},"line":6},"1":{"name":"(anonymous_1)","decl":{"start":{"line":58,"column":21},"end":{"line":58,"column":22}},"loc":{"start":{"line":58,"column":51},"end":{"line":99,"column":1}},"line":58}},"branchMap":{"0":{"loc":{"start":{"line":4,"column":26},"end":{"line":4,"column":76}},"type":"binary-expr","locations":[{"start":{"line":4,"column":26},"end":{"line":4,"column":52}},{"start":{"line":4,"column":56},"end":{"line":4,"column":76}}],"line":4},"1":{"loc":{"start":{"line":8,"column":8},"end":{"line":11,"column":9}},"type":"if","locations":[{"start":{"line":8,"column":8},"end":{"line":11,"column":9}},{"start":{},"end":{}}],"line":8},"2":{"loc":{"start":{"line":19,"column":71},"end":{"line":19,"column":91}},"type":"binary-expr","locations":[{"start":{"line":19,"column":71},"end":{"line":19,"column":79}},{"start":{"line":19,"column":83},"end":{"line":19,"column":91}}],"line":19},"3":{"loc":{"start":{"line":45,"column":8},"end":{"line":48,"column":9}},"type":"if","locations":[{"start":{"line":45,"column":8},"end":{"line":48,"column":9}},{"start":{},"end":{}}],"line":45},"4":{"loc":{"start":{"line":60,"column":8},"end":{"line":63,"column":9}},"type":"if","locations":[{"start":{"line":60,"column":8},"end":{"line":63,"column":9}},{"start":{},"end":{}}],"line":60},"5":{"loc":{"start":{"line":90,"column":8},"end":{"line":93,"column":9}},"type":"if","locations":[{"start":{"line":90,"column":8},"end":{"line":93,"column":9}},{"start":{},"end":{}}],"line":90}},"s":{"0":1,"1":1,"2":1,"3":0,"4":0,"5":0,"6":0,"7":0,"8":0,"9":0,"10":0,"11":0,"12":0,"13":0,"14":0,"15":0,"16":1,"17":0,"18":0,"19":0,"20":0,"21":0,"22":0,"23":0,"24":0,"25":0,"26":0,"27":0,"28":0,"29":1},"f":{"0":0,"1":0},"b":{"0":[1,0],"1":[0,0],"2":[0,0],"3":[0,0],"4":[0,0],"5":[0,0]},"_coverageSchema":"1a1c01bbd47fc00a2c39e90264f33305004495a9","hash":"c2e54d6d44ca7a7cd825edc6382ecd75bf8f4d3c"}
}
