{"C:\\Users\\MKG\\.gemini\\antigravity\\scratch\\clubhub\\backend\\middleware\\authMiddleware.js": {"path":"C:\\Users\\MKG\\.gemini\\antigravity\\scratch\\clubhub\\backend\\middleware\\authMiddleware.js","statementMap":{"0":{"start":{"line":1,"column":12},"end":{"line":1,"column":35}},"1":{"start":{"line":2,"column":19},"end":{"line":2,"column":66}},"2":{"start":{"line":3,"column":17},"end":{"line":3,"column":39}},"3":{"start":{"line":4,"column":41},"end":{"line":4,"column":67}},"4":{"start":{"line":11,"column":26},"end":{"line":48,"column":1}},"5":{"start":{"line":12,"column":23},"end":{"line":12,"column":51}},"6":{"start":{"line":13,"column":18},"end":{"line":13,"column":56}},"7":{"start":{"line":14,"column":4},"end":{"line":16,"column":5}},"8":{"start":{"line":15,"column":8},"end":{"line":15,"column":74}},"9":{"start":{"line":19,"column":4},"end":{"line":23,"column":5}},"10":{"start":{"line":20,"column":8},"end":{"line":20,"column":48}},"11":{"start":{"line":22,"column":8},"end":{"line":22,"column":75}},"12":{"start":{"line":26,"column":4},"end":{"line":44,"column":5}},"13":{"start":{"line":27,"column":38},"end":{"line":31,"column":21}},"14":{"start":{"line":33,"column":8},"end":{"line":35,"column":9}},"15":{"start":{"line":34,"column":12},"end":{"line":34,"column":79}},"16":{"start":{"line":37,"column":8},"end":{"line":43,"column":9}},"17":{"start":{"line":38,"column":12},"end":{"line":41,"column":20}},"18":{"start":{"line":42,"column":12},"end":{"line":42,"column":92}},"19":{"start":{"line":46,"column":4},"end":{"line":46,"column":23}},"20":{"start":{"line":47,"column":4},"end":{"line":47,"column":11}},"21":{"start":{"line":58,"column":20},"end":{"line":73,"column":1}},"22":{"start":{"line":58,"column":34},"end":{"line":73,"column":1}},"23":{"start":{"line":61,"column":8},"end":{"line":70,"column":9}},"24":{"start":{"line":62,"column":12},"end":{"line":68,"column":20}},"25":{"start":{"line":69,"column":12},"end":{"line":69,"column":95}},"26":{"start":{"line":71,"column":8},"end":{"line":71,"column":15}},"27":{"start":{"line":78,"column":26},"end":{"line":78,"column":46}},"28":{"start":{"line":80,"column":0},"end":{"line":80,"column":71}}},"fnMap":{"0":{"name":"(anonymous_0)","decl":{"start":{"line":11,"column":26},"end":{"line":11,"column":27}},"loc":{"start":{"line":11,"column":52},"end":{"line":48,"column":1}},"line":11},"1":{"name":"(anonymous_1)","decl":{"start":{"line":58,"column":20},"end":{"line":58,"column":21}},"loc":{"start":{"line":58,"column":34},"end":{"line":73,"column":1}},"line":58},"2":{"name":"(anonymous_2)","decl":{"start":{"line":60,"column":4},"end":{"line":60,"column":5}},"loc":{"start":{"line":60,"column":24},"end":{"line":72,"column":5}},"line":60}},"branchMap":{"0":{"loc":{"start":{"line":2,"column":19},"end":{"line":2,"column":66}},"type":"binary-expr","locations":[{"start":{"line":2,"column":19},"end":{"line":2,"column":41}},{"start":{"line":2,"column":45},"end":{"line":2,"column":66}}],"line":2},"1":{"loc":{"start":{"line":13,"column":18},"end":{"line":13,"column":56}},"type":"binary-expr","locations":[{"start":{"line":13,"column":18},"end":{"line":13,"column":28}},{"start":{"line":13,"column":32},"end":{"line":13,"column":56}}],"line":13},"2":{"loc":{"start":{"line":14,"column":4},"end":{"line":16,"column":5}},"type":"if","locations":[{"start":{"line":14,"column":4},"end":{"line":16,"column":5}},{"start":{},"end":{}}],"line":14},"3":{"loc":{"start":{"line":26,"column":4},"end":{"line":44,"column":5}},"type":"if","locations":[{"start":{"line":26,"column":4},"end":{"line":44,"column":5}},{"start":{},"end":{}}],"line":26},"4":{"loc":{"start":{"line":33,"column":8},"end":{"line":35,"column":9}},"type":"if","locations":[{"start":{"line":33,"column":8},"end":{"line":35,"column":9}},{"start":{},"end":{}}],"line":33},"5":{"loc":{"start":{"line":33,"column":12},"end":{"line":33,"column":26}},"type":"binary-expr","locations":[{"start":{"line":33,"column":12},"end":{"line":33,"column":17}},{"start":{"line":33,"column":21},"end":{"line":33,"column":26}}],"line":33},"6":{"loc":{"start":{"line":37,"column":8},"end":{"line":43,"column":9}},"type":"if","locations":[{"start":{"line":37,"column":8},"end":{"line":43,"column":9}},{"start":{},"end":{}}],"line":37},"7":{"loc":{"start":{"line":61,"column":8},"end":{"line":70,"column":9}},"type":"if","locations":[{"start":{"line":61,"column":8},"end":{"line":70,"column":9}},{"start":{},"end":{}}],"line":61}},"s":{"0":2,"1":2,"2":2,"3":2,"4":2,"5":0,"6":0,"7":0,"8":0,"9":0,"10":0,"11":0,"12":0,"13":0,"14":0,"15":0,"16":0,"17":0,"18":0,"19":0,"20":0,"21":2,"22":2,"23":0,"24":0,"25":0,"26":0,"27":2,"28":2},"f":{"0":0,"1":2,"2":0},"b":{"0":[2,0],"1":[0,0],"2":[0,0],"3":[0,0],"4":[0,0],"5":[0,0],"6":[0,0],"7":[0,0]},"_coverageSchema":"1a1c01bbd47fc00a2c39e90264f33305004495a9","hash":"1efb6ddb81ed3beb7ed1a0276de8ccbc1cdfd840"}
,"C:\\Users\\MKG\\.gemini\\antigravity\\scratch\\clubhub\\backend\\middleware\\validationMiddleware.js": {"path":"C:\\Users\\MKG\\.gemini\\antigravity\\scratch\\clubhub\\backend\\middleware\\validationMiddleware.js","statementMap":{"0":{"start":{"line":6,"column":20},"end":{"line":6,"column":48}},"1":{"start":{"line":7,"column":28},"end":{"line":7,"column":29}},"2":{"start":{"line":8,"column":24},"end":{"line":8,"column":27}},"3":{"start":{"line":9,"column":23},"end":{"line":9,"column":26}},"4":{"start":{"line":15,"column":26},"end":{"line":46,"column":1}},"5":{"start":{"line":16,"column":38},"end":{"line":16,"column":46}},"6":{"start":{"line":18,"column":4},"end":{"line":22,"column":5}},"7":{"start":{"line":19,"column":8},"end":{"line":21,"column":9}},"8":{"start":{"line":20,"column":12},"end":{"line":20,"column":89}},"9":{"start":{"line":24,"column":4},"end":{"line":34,"column":5}},"10":{"start":{"line":25,"column":8},"end":{"line":29,"column":9}},"11":{"start":{"line":26,"column":12},"end":{"line":28,"column":15}},"12":{"start":{"line":31,"column":8},"end":{"line":33,"column":9}},"13":{"start":{"line":32,"column":12},"end":{"line":32,"column":80}},"14":{"start":{"line":36,"column":4},"end":{"line":43,"column":5}},"15":{"start":{"line":37,"column":8},"end":{"line":39,"column":9}},"16":{"start":{"line":38,"column":12},"end":{"line":38,"column":72}},"17":{"start":{"line":40,"column":8},"end":{"line":42,"column":9}},"18":{"start":{"line":41,"column":12},"end":{"line":41,"column":104}},"19":{"start":{"line":45,"column":4},"end":{"line":45,"column":11}},"20":{"start":{"line":51,"column":30},"end":{"line":69,"column":1}},"21":{"start":{"line":52,"column":35},"end":{"line":52,"column":43}},"22":{"start":{"line":54,"column":4},"end":{"line":56,"column":5}},"23":{"start":{"line":55,"column":8},"end":{"line":55,"column":75}},"24":{"start":{"line":58,"column":4},"end":{"line":62,"column":5}},"25":{"start":{"line":59,"column":8},"end":{"line":61,"column":11}},"26":{"start":{"line":64,"column":4},"end":{"line":66,"column":5}},"27":{"start":{"line":65,"column":8},"end":{"line":65,"column":80}},"28":{"start":{"line":68,"column":4},"end":{"line":68,"column":11}},"29":{"start":{"line":75,"column":24},"end":{"line":84,"column":1}},"30":{"start":{"line":76,"column":4},"end":{"line":82,"column":5}},"31":{"start":{"line":77,"column":8},"end":{"line":81,"column":9}},"32":{"start":{"line":78,"column":12},"end":{"line":80,"column":13}},"33":{"start":{"line":79,"column":16},"end":{"line":79,"column":53}},"34":{"start":{"line":83,"column":4},"end":{"line":83,"column":11}},"35":{"start":{"line":89,"column":26},"end":{"line":106,"column":1}},"36":{"start":{"line":90,"column":44},"end":{"line":90,"column":52}},"37":{"start":{"line":92,"column":4},"end":{"line":94,"column":5}},"38":{"start":{"line":93,"column":8},"end":{"line":93,"column":72}},"39":{"start":{"line":95,"column":4},"end":{"line":97,"column":5}},"40":{"start":{"line":96,"column":8},"end":{"line":96,"column":89}},"41":{"start":{"line":98,"column":4},"end":{"line":100,"column":5}},"42":{"start":{"line":99,"column":8},"end":{"line":99,"column":92}},"43":{"start":{"line":101,"column":4},"end":{"line":103,"column":5}},"44":{"start":{"line":102,"column":8},"end":{"line":102,"column":71}},"45":{"start":{"line":105,"column":4},"end":{"line":105,"column":11}},"46":{"start":{"line":111,"column":27},"end":{"line":125,"column":1}},"47":{"start":{"line":112,"column":38},"end":{"line":112,"column":46}},"48":{"start":{"line":114,"column":4},"end":{"line":116,"column":5}},"49":{"start":{"line":115,"column":8},"end":{"line":115,"column":74}},"50":{"start":{"line":117,"column":4},"end":{"line":119,"column":5}},"51":{"start":{"line":118,"column":8},"end":{"line":118,"column":91}},"52":{"start":{"line":120,"column":4},"end":{"line":122,"column":5}},"53":{"start":{"line":121,"column":8},"end":{"line":121,"column":73}},"54":{"start":{"line":124,"column":4},"end":{"line":124,"column":11}},"55":{"start":{"line":127,"column":0},"end":{"line":133,"column":2}}},"fnMap":{"0":{"name":"(anonymous_0)","decl":{"start":{"line":15,"column":26},"end":{"line":15,"column":27}},"loc":{"start":{"line":15,"column":46},"end":{"line":46,"column":1}},"line":15},"1":{"name":"(anonymous_1)","decl":{"start":{"line":51,"column":30},"end":{"line":51,"column":31}},"loc":{"start":{"line":51,"column":50},"end":{"line":69,"column":1}},"line":51},"2":{"name":"(anonymous_2)","decl":{"start":{"line":75,"column":24},"end":{"line":75,"column":25}},"loc":{"start":{"line":75,"column":44},"end":{"line":84,"column":1}},"line":75},"3":{"name":"(anonymous_3)","decl":{"start":{"line":89,"column":26},"end":{"line":89,"column":27}},"loc":{"start":{"line":89,"column":46},"end":{"line":106,"column":1}},"line":89},"4":{"name":"(anonymous_4)","decl":{"start":{"line":111,"column":27},"end":{"line":111,"column":28}},"loc":{"start":{"line":111,"column":47},"end":{"line":125,"column":1}},"line":111}},"branchMap":{"0":{"loc":{"start":{"line":18,"column":4},"end":{"line":22,"column":5}},"type":"if","locations":[{"start":{"line":18,"column":4},"end":{"line":22,"column":5}},{"start":{},"end":{}}],"line":18},"1":{"loc":{"start":{"line":19,"column":8},"end":{"line":21,"column":9}},"type":"if","locations":[{"start":{"line":19,"column":8},"end":{"line":21,"column":9}},{"start":{},"end":{}}],"line":19},"2":{"loc":{"start":{"line":19,"column":12},"end":{"line":19,"column":72}},"type":"binary-expr","locations":[{"start":{"line":19,"column":12},"end":{"line":19,"column":37}},{"start":{"line":19,"column":41},"end":{"line":19,"column":72}}],"line":19},"3":{"loc":{"start":{"line":24,"column":4},"end":{"line":34,"column":5}},"type":"if","locations":[{"start":{"line":24,"column":4},"end":{"line":34,"column":5}},{"start":{},"end":{}}],"line":24},"4":{"loc":{"start":{"line":25,"column":8},"end":{"line":29,"column":9}},"type":"if","locations":[{"start":{"line":25,"column":8},"end":{"line":29,"column":9}},{"start":{},"end":{}}],"line":25},"5":{"loc":{"start":{"line":25,"column":12},"end":{"line":25,"column":81}},"type":"binary-expr","locations":[{"start":{"line":25,"column":12},"end":{"line":25,"column":40}},{"start":{"line":25,"column":44},"end":{"line":25,"column":81}}],"line":25},"6":{"loc":{"start":{"line":31,"column":8},"end":{"line":33,"column":9}},"type":"if","locations":[{"start":{"line":31,"column":8},"end":{"line":33,"column":9}},{"start":{},"end":{}}],"line":31},"7":{"loc":{"start":{"line":36,"column":4},"end":{"line":43,"column":5}},"type":"if","locations":[{"start":{"line":36,"column":4},"end":{"line":43,"column":5}},{"start":{},"end":{}}],"line":36},"8":{"loc":{"start":{"line":37,"column":8},"end":{"line":39,"column":9}},"type":"if","locations":[{"start":{"line":37,"column":8},"end":{"line":39,"column":9}},{"start":{},"end":{}}],"line":37},"9":{"loc":{"start":{"line":37,"column":12},"end":{"line":37,"column":64}},"type":"binary-expr","locations":[{"start":{"line":37,"column":12},"end":{"line":37,"column":36}},{"start":{"line":37,"column":40},"end":{"line":37,"column":64}}],"line":37},"10":{"loc":{"start":{"line":40,"column":8},"end":{"line":42,"column":9}},"type":"if","locations":[{"start":{"line":40,"column":8},"end":{"line":42,"column":9}},{"start":{},"end":{}}],"line":40},"11":{"loc":{"start":{"line":54,"column":4},"end":{"line":56,"column":5}},"type":"if","locations":[{"start":{"line":54,"column":4},"end":{"line":56,"column":5}},{"start":{},"end":{}}],"line":54},"12":{"loc":{"start":{"line":54,"column":8},"end":{"line":54,"column":72}},"type":"binary-expr","locations":[{"start":{"line":54,"column":8},"end":{"line":54,"column":14}},{"start":{"line":54,"column":18},"end":{"line":54,"column":43}},{"start":{"line":54,"column":47},"end":{"line":54,"column":72}}],"line":54},"13":{"loc":{"start":{"line":58,"column":4},"end":{"line":62,"column":5}},"type":"if","locations":[{"start":{"line":58,"column":4},"end":{"line":62,"column":5}},{"start":{},"end":{}}],"line":58},"14":{"loc":{"start":{"line":58,"column":8},"end":{"line":58,"column":99}},"type":"binary-expr","locations":[{"start":{"line":58,"column":8},"end":{"line":58,"column":20}},{"start":{"line":58,"column":24},"end":{"line":58,"column":55}},{"start":{"line":58,"column":59},"end":{"line":58,"column":99}}],"line":58},"15":{"loc":{"start":{"line":64,"column":4},"end":{"line":66,"column":5}},"type":"if","locations":[{"start":{"line":64,"column":4},"end":{"line":66,"column":5}},{"start":{},"end":{}}],"line":64},"16":{"loc":{"start":{"line":76,"column":4},"end":{"line":82,"column":5}},"type":"if","locations":[{"start":{"line":76,"column":4},"end":{"line":82,"column":5}},{"start":{},"end":{}}],"line":76},"17":{"loc":{"start":{"line":76,"column":8},"end":{"line":76,"column":48}},"type":"binary-expr","locations":[{"start":{"line":76,"column":8},"end":{"line":76,"column":16}},{"start":{"line":76,"column":20},"end":{"line":76,"column":48}}],"line":76},"18":{"loc":{"start":{"line":78,"column":12},"end":{"line":80,"column":13}},"type":"if","locations":[{"start":{"line":78,"column":12},"end":{"line":80,"column":13}},{"start":{},"end":{}}],"line":78},"19":{"loc":{"start":{"line":92,"column":4},"end":{"line":94,"column":5}},"type":"if","locations":[{"start":{"line":92,"column":4},"end":{"line":94,"column":5}},{"start":{},"end":{}}],"line":92},"20":{"loc":{"start":{"line":92,"column":8},"end":{"line":92,"column":41}},"type":"binary-expr","locations":[{"start":{"line":92,"column":8},"end":{"line":92,"column":13}},{"start":{"line":92,"column":17},"end":{"line":92,"column":41}}],"line":92},"21":{"loc":{"start":{"line":95,"column":4},"end":{"line":97,"column":5}},"type":"if","locations":[{"start":{"line":95,"column":4},"end":{"line":97,"column":5}},{"start":{},"end":{}}],"line":95},"22":{"loc":{"start":{"line":98,"column":4},"end":{"line":100,"column":5}},"type":"if","locations":[{"start":{"line":98,"column":4},"end":{"line":100,"column":5}},{"start":{},"end":{}}],"line":98},"23":{"loc":{"start":{"line":98,"column":8},"end":{"line":98,"column":48}},"type":"binary-expr","locations":[{"start":{"line":98,"column":8},"end":{"line":98,"column":19}},{"start":{"line":98,"column":23},"end":{"line":98,"column":48}}],"line":98},"24":{"loc":{"start":{"line":101,"column":4},"end":{"line":103,"column":5}},"type":"if","locations":[{"start":{"line":101,"column":4},"end":{"line":103,"column":5}},{"start":{},"end":{}}],"line":101},"25":{"loc":{"start":{"line":101,"column":8},"end":{"line":101,"column":49}},"type":"binary-expr","locations":[{"start":{"line":101,"column":8},"end":{"line":101,"column":17}},{"start":{"line":101,"column":21},"end":{"line":101,"column":49}}],"line":101},"26":{"loc":{"start":{"line":114,"column":4},"end":{"line":116,"column":5}},"type":"if","locations":[{"start":{"line":114,"column":4},"end":{"line":116,"column":5}},{"start":{},"end":{}}],"line":114},"27":{"loc":{"start":{"line":114,"column":8},"end":{"line":114,"column":43}},"type":"binary-expr","locations":[{"start":{"line":114,"column":8},"end":{"line":114,"column":14}},{"start":{"line":114,"column":18},"end":{"line":114,"column":43}}],"line":114},"28":{"loc":{"start":{"line":117,"column":4},"end":{"line":119,"column":5}},"type":"if","locations":[{"start":{"line":117,"column":4},"end":{"line":119,"column":5}},{"start":{},"end":{}}],"line":117},"29":{"loc":{"start":{"line":120,"column":4},"end":{"line":122,"column":5}},"type":"if","locations":[{"start":{"line":120,"column":4},"end":{"line":122,"column":5}},{"start":{},"end":{}}],"line":120}},"s":{"0":2,"1":2,"2":2,"3":2,"4":2,"5":1,"6":1,"7":1,"8":0,"9":1,"10":1,"11":0,"12":1,"13":0,"14":1,"15":1,"16":0,"17":1,"18":0,"19":1,"20":2,"21":0,"22":0,"23":0,"24":0,"25":0,"26":0,"27":0,"28":0,"29":2,"30":5,"31":5,"32":11,"33":11,"34":5,"35":2,"36":0,"37":0,"38":0,"39":0,"40":0,"41":0,"42":0,"43":0,"44":0,"45":0,"46":2,"47":0,"48":0,"49":0,"50":0,"51":0,"52":0,"53":0,"54":0,"55":2},"f":{"0":1,"1":0,"2":5,"3":0,"4":0},"b":{"0":[1,0],"1":[0,1],"2":[1,1],"3":[1,0],"4":[0,1],"5":[1,1],"6":[0,1],"7":[1,0],"8":[0,1],"9":[1,1],"10":[0,1],"11":[0,0],"12":[0,0,0],"13":[0,0],"14":[0,0,0],"15":[0,0],"16":[5,0],"17":[5,5],"18":[11,0],"19":[0,0],"20":[0,0],"21":[0,0],"22":[0,0],"23":[0,0],"24":[0,0],"25":[0,0],"26":[0,0],"27":[0,0],"28":[0,0],"29":[0,0]},"_coverageSchema":"1a1c01bbd47fc00a2c39e90264f33305004495a9","hash":"c87903c339a06e948f67a9d1bbda8e9202908909"}
,"C:\\Users\\MKG\\.gemini\\antigravity\\scratch\\clubhub\\backend\\routes\\admin.js": {"path":"C:\\Users\\MKG\\.gemini\\antigravity\\scratch\\clubhub\\backend\\routes\\admin.js","statementMap":{"0":{"start":{"line":1,"column":16},"end":{"line":1,"column":34}},"1":{"start":{"line":2,"column":15},"end":{"line":2,"column":31}},"2":{"start":{"line":3,"column":17},"end":{"line":3,"column":39}},"3":{"start":{"line":4,"column":24},"end":{"line":4,"column":63}},"4":{"start":{"line":5,"column":41},"end":{"line":5,"column":67}},"5":{"start":{"line":9,"column":18},"end":{"line":9,"column":38}},"6":{"start":{"line":11,"column":0},"end":{"line":30,"column":3}},"7":{"start":{"line":12,"column":4},"end":{"line":29,"column":5}},"8":{"start":{"line":13,"column":37},"end":{"line":13,"column":109}},"9":{"start":{"line":14,"column":37},"end":{"line":14,"column":109}},"10":{"start":{"line":15,"column":38},"end":{"line":15,"column":111}},"11":{"start":{"line":17,"column":33},"end":{"line":17,"column":113}},"12":{"start":{"line":18,"column":29},"end":{"line":18,"column":111}},"13":{"start":{"line":18,"column":68},"end":{"line":18,"column":103}},"14":{"start":{"line":20,"column":8},"end":{"line":25,"column":11}},"15":{"start":{"line":27,"column":8},"end":{"line":27,"column":49}},"16":{"start":{"line":28,"column":8},"end":{"line":28,"column":71}},"17":{"start":{"line":32,"column":0},"end":{"line":43,"column":3}},"18":{"start":{"line":33,"column":4},"end":{"line":42,"column":5}},"19":{"start":{"line":34,"column":32},"end":{"line":37,"column":54}},"20":{"start":{"line":38,"column":8},"end":{"line":38,"column":31}},"21":{"start":{"line":38,"column":19},"end":{"line":38,"column":31}},"22":{"start":{"line":39,"column":8},"end":{"line":39,"column":23}},"23":{"start":{"line":41,"column":8},"end":{"line":41,"column":65}},"24":{"start":{"line":45,"column":0},"end":{"line":56,"column":3}},"25":{"start":{"line":46,"column":4},"end":{"line":55,"column":5}},"26":{"start":{"line":47,"column":32},"end":{"line":50,"column":54}},"27":{"start":{"line":51,"column":8},"end":{"line":51,"column":31}},"28":{"start":{"line":51,"column":19},"end":{"line":51,"column":31}},"29":{"start":{"line":52,"column":8},"end":{"line":52,"column":23}},"30":{"start":{"line":54,"column":8},"end":{"line":54,"column":65}},"31":{"start":{"line":58,"column":0},"end":{"line":67,"column":3}},"32":{"start":{"line":59,"column":4},"end":{"line":66,"column":5}},"33":{"start":{"line":60,"column":8},"end":{"line":60,"column":128}},"34":{"start":{"line":61,"column":26},"end":{"line":61,"column":87}},"35":{"start":{"line":62,"column":8},"end":{"line":62,"column":31}},"36":{"start":{"line":62,"column":19},"end":{"line":62,"column":31}},"37":{"start":{"line":63,"column":8},"end":{"line":63,"column":59}},"38":{"start":{"line":65,"column":8},"end":{"line":65,"column":65}},"39":{"start":{"line":69,"column":0},"end":{"line":84,"column":3}},"40":{"start":{"line":70,"column":4},"end":{"line":83,"column":5}},"41":{"start":{"line":71,"column":32},"end":{"line":71,"column":40}},"42":{"start":{"line":72,"column":8},"end":{"line":72,"column":128}},"43":{"start":{"line":73,"column":32},"end":{"line":78,"column":21}},"44":{"start":{"line":79,"column":8},"end":{"line":79,"column":31}},"45":{"start":{"line":79,"column":19},"end":{"line":79,"column":31}},"46":{"start":{"line":80,"column":8},"end":{"line":80,"column":72}},"47":{"start":{"line":82,"column":8},"end":{"line":82,"column":78}},"48":{"start":{"line":86,"column":0},"end":{"line":86,"column":24}}},"fnMap":{"0":{"name":"(anonymous_0)","decl":{"start":{"line":11,"column":35},"end":{"line":11,"column":36}},"loc":{"start":{"line":11,"column":55},"end":{"line":30,"column":1}},"line":11},"1":{"name":"(anonymous_1)","decl":{"start":{"line":18,"column":52},"end":{"line":18,"column":53}},"loc":{"start":{"line":18,"column":68},"end":{"line":18,"column":103}},"line":18},"2":{"name":"(anonymous_2)","decl":{"start":{"line":32,"column":35},"end":{"line":32,"column":36}},"loc":{"start":{"line":32,"column":55},"end":{"line":43,"column":1}},"line":32},"3":{"name":"(anonymous_3)","decl":{"start":{"line":45,"column":35},"end":{"line":45,"column":36}},"loc":{"start":{"line":45,"column":55},"end":{"line":56,"column":1}},"line":45},"4":{"name":"(anonymous_4)","decl":{"start":{"line":58,"column":42},"end":{"line":58,"column":43}},"loc":{"start":{"line":58,"column":62},"end":{"line":67,"column":1}},"line":58},"5":{"name":"(anonymous_5)","decl":{"start":{"line":69,"column":46},"end":{"line":69,"column":47}},"loc":{"start":{"line":69,"column":66},"end":{"line":84,"column":1}},"line":69}},"branchMap":{"0":{"loc":{"start":{"line":18,"column":29},"end":{"line":18,"column":111}},"type":"cond-expr","locations":[{"start":{"line":18,"column":38},"end":{"line":18,"column":107}},{"start":{"line":18,"column":110},"end":{"line":18,"column":111}}],"line":18},"1":{"loc":{"start":{"line":18,"column":75},"end":{"line":18,"column":102}},"type":"binary-expr","locations":[{"start":{"line":18,"column":75},"end":{"line":18,"column":97}},{"start":{"line":18,"column":101},"end":{"line":18,"column":102}}],"line":18},"2":{"loc":{"start":{"line":21,"column":19},"end":{"line":21,"column":33}},"type":"binary-expr","locations":[{"start":{"line":21,"column":19},"end":{"line":21,"column":28}},{"start":{"line":21,"column":32},"end":{"line":21,"column":33}}],"line":21},"3":{"loc":{"start":{"line":22,"column":19},"end":{"line":22,"column":33}},"type":"binary-expr","locations":[{"start":{"line":22,"column":19},"end":{"line":22,"column":28}},{"start":{"line":22,"column":32},"end":{"line":22,"column":33}}],"line":22},"4":{"loc":{"start":{"line":23,"column":20},"end":{"line":23,"column":35}},"type":"binary-expr","locations":[{"start":{"line":23,"column":20},"end":{"line":23,"column":30}},{"start":{"line":23,"column":34},"end":{"line":23,"column":35}}],"line":23},"5":{"loc":{"start":{"line":38,"column":8},"end":{"line":38,"column":31}},"type":"if","locations":[{"start":{"line":38,"column":8},"end":{"line":38,"column":31}},{"start":{},"end":{}}],"line":38},"6":{"loc":{"start":{"line":51,"column":8},"end":{"line":51,"column":31}},"type":"if","locations":[{"start":{"line":51,"column":8},"end":{"line":51,"column":31}},{"start":{},"end":{}}],"line":51},"7":{"loc":{"start":{"line":62,"column":8},"end":{"line":62,"column":31}},"type":"if","locations":[{"start":{"line":62,"column":8},"end":{"line":62,"column":31}},{"start":{},"end":{}}],"line":62},"8":{"loc":{"start":{"line":79,"column":8},"end":{"line":79,"column":31}},"type":"if","locations":[{"start":{"line":79,"column":8},"end":{"line":79,"column":31}},{"start":{},"end":{}}],"line":79}},"s":{"0":0,"1":0,"2":0,"3":0,"4":0,"5":0,"6":0,"7":0,"8":0,"9":0,"10":0,"11":0,"12":0,"13":0,"14":0,"15":0,"16":0,"17":0,"18":0,"19":0,"20":0,"21":0,"22":0,"23":0,"24":0,"25":0,"26":0,"27":0,"28":0,"29":0,"30":0,"31":0,"32":0,"33":0,"34":0,"35":0,"36":0,"37":0,"38":0,"39":0,"40":0,"41":0,"42":0,"43":0,"44":0,"45":0,"46":0,"47":0,"48":0},"f":{"0":0,"1":0,"2":0,"3":0,"4":0,"5":0},"b":{"0":[0,0],"1":[0,0],"2":[0,0],"3":[0,0],"4":[0,0],"5":[0,0],"6":[0,0],"7":[0,0],"8":[0,0]}}
,"C:\\Users\\MKG\\.gemini\\antigravity\\scratch\\clubhub\\backend\\routes\\auth.js": {"path":"C:\\Users\\MKG\\.gemini\\antigravity\\scratch\\clubhub\\backend\\routes\\auth.js","statementMap":{"0":{"start":{"line":1,"column":16},"end":{"line":1,"column":34}},"1":{"start":{"line":2,"column":15},"end":{"line":2,"column":31}},"2":{"start":{"line":3,"column":15},"end":{"line":3,"column":34}},"3":{"start":{"line":4,"column":12},"end":{"line":4,"column":35}},"4":{"start":{"line":5,"column":15},"end":{"line":5,"column":32}},"5":{"start":{"line":6,"column":17},"end":{"line":6,"column":39}},"6":{"start":{"line":7,"column":30},"end":{"line":7,"column":69}},"7":{"start":{"line":8,"column":70},"end":{"line":8,"column":115}},"8":{"start":{"line":9,"column":41},"end":{"line":9,"column":67}},"9":{"start":{"line":10,"column":49},"end":{"line":10,"column":74}},"10":{"start":{"line":12,"column":19},"end":{"line":12,"column":66}},"11":{"start":{"line":13,"column":21},"end":{"line":13,"column":72}},"12":{"start":{"line":15,"column":18},"end":{"line":15,"column":39}},"13":{"start":{"line":16,"column":17},"end":{"line":16,"column":47}},"14":{"start":{"line":18,"column":18},"end":{"line":18,"column":47}},"15":{"start":{"line":30,"column":21},"end":{"line":43,"column":2}},"16":{"start":{"line":37,"column":8},"end":{"line":40,"column":16}},"17":{"start":{"line":41,"column":8},"end":{"line":41,"column":46}},"18":{"start":{"line":46,"column":19},"end":{"line":50,"column":2}},"19":{"start":{"line":53,"column":21},"end":{"line":57,"column":2}},"20":{"start":{"line":68,"column":19},"end":{"line":68,"column":81}},"21":{"start":{"line":74,"column":18},"end":{"line":83,"column":1}},"22":{"start":{"line":74,"column":28},"end":{"line":83,"column":1}},"23":{"start":{"line":90,"column":0},"end":{"line":110,"column":3}},"24":{"start":{"line":91,"column":4},"end":{"line":109,"column":5}},"25":{"start":{"line":92,"column":26},"end":{"line":92,"column":34}},"26":{"start":{"line":93,"column":8},"end":{"line":93,"column":80}},"27":{"start":{"line":93,"column":20},"end":{"line":93,"column":80}},"28":{"start":{"line":95,"column":24},"end":{"line":95,"column":78}},"29":{"start":{"line":96,"column":8},"end":{"line":96,"column":51}},"30":{"start":{"line":98,"column":26},"end":{"line":98,"column":60}},"31":{"start":{"line":99,"column":8},"end":{"line":101,"column":9}},"32":{"start":{"line":100,"column":12},"end":{"line":100,"column":75}},"33":{"start":{"line":103,"column":8},"end":{"line":103,"column":67}},"34":{"start":{"line":105,"column":8},"end":{"line":105,"column":88}},"35":{"start":{"line":107,"column":8},"end":{"line":107,"column":49}},"36":{"start":{"line":108,"column":8},"end":{"line":108,"column":65}},"37":{"start":{"line":113,"column":0},"end":{"line":168,"column":3}},"38":{"start":{"line":114,"column":4},"end":{"line":167,"column":5}},"39":{"start":{"line":115,"column":31},"end":{"line":115,"column":39}},"40":{"start":{"line":116,"column":8},"end":{"line":116,"column":97}},"41":{"start":{"line":116,"column":28},"end":{"line":116,"column":97}},"42":{"start":{"line":118,"column":26},"end":{"line":118,"column":59}},"43":{"start":{"line":120,"column":8},"end":{"line":123,"column":9}},"44":{"start":{"line":121,"column":12},"end":{"line":121,"column":68}},"45":{"start":{"line":122,"column":12},"end":{"line":122,"column":77}},"46":{"start":{"line":126,"column":8},"end":{"line":126,"column":42}},"47":{"start":{"line":128,"column":47},"end":{"line":132,"column":21}},"48":{"start":{"line":134,"column":8},"end":{"line":155,"column":9}},"49":{"start":{"line":136,"column":25},"end":{"line":136,"column":44}},"50":{"start":{"line":137,"column":25},"end":{"line":137,"column":88}},"51":{"start":{"line":139,"column":58},"end":{"line":143,"column":25}},"52":{"start":{"line":145,"column":12},"end":{"line":145,"column":47}},"53":{"start":{"line":145,"column":29},"end":{"line":145,"column":47}},"54":{"start":{"line":146,"column":12},"end":{"line":146,"column":27}},"55":{"start":{"line":148,"column":12},"end":{"line":154,"column":16}},"56":{"start":{"line":157,"column":8},"end":{"line":157,"column":83}},"57":{"start":{"line":159,"column":22},"end":{"line":159,"column":37}},"58":{"start":{"line":160,"column":8},"end":{"line":163,"column":11}},"59":{"start":{"line":165,"column":8},"end":{"line":165,"column":48}},"60":{"start":{"line":166,"column":8},"end":{"line":166,"column":64}},"61":{"start":{"line":178,"column":0},"end":{"line":232,"column":3}},"62":{"start":{"line":179,"column":4},"end":{"line":231,"column":5}},"63":{"start":{"line":180,"column":42},"end":{"line":180,"column":50}},"64":{"start":{"line":181,"column":32},"end":{"line":181,"column":51}},"65":{"start":{"line":183,"column":8},"end":{"line":183,"column":87}},"66":{"start":{"line":185,"column":39},"end":{"line":189,"column":21}},"67":{"start":{"line":191,"column":8},"end":{"line":197,"column":9}},"68":{"start":{"line":194,"column":12},"end":{"line":196,"column":15}},"69":{"start":{"line":199,"column":31},"end":{"line":199,"column":62}},"70":{"start":{"line":200,"column":21},"end":{"line":200,"column":80}},"71":{"start":{"line":202,"column":52},"end":{"line":213,"column":21}},"72":{"start":{"line":215,"column":8},"end":{"line":215,"column":39}},"73":{"start":{"line":215,"column":23},"end":{"line":215,"column":39}},"74":{"start":{"line":217,"column":8},"end":{"line":223,"column":12}},"75":{"start":{"line":225,"column":8},"end":{"line":227,"column":11}},"76":{"start":{"line":229,"column":8},"end":{"line":229,"column":50}},"77":{"start":{"line":230,"column":8},"end":{"line":230,"column":63}},"78":{"start":{"line":244,"column":0},"end":{"line":289,"column":3}},"79":{"start":{"line":245,"column":4},"end":{"line":288,"column":5}},"80":{"start":{"line":246,"column":36},"end":{"line":246,"column":44}},"81":{"start":{"line":248,"column":8},"end":{"line":250,"column":9}},"82":{"start":{"line":249,"column":12},"end":{"line":249,"column":87}},"83":{"start":{"line":252,"column":38},"end":{"line":256,"column":21}},"84":{"start":{"line":265,"column":30},"end":{"line":265,"column":82}},"85":{"start":{"line":266,"column":24},"end":{"line":266,"column":69}},"86":{"start":{"line":268,"column":8},"end":{"line":272,"column":9}},"87":{"start":{"line":269,"column":12},"end":{"line":269,"column":91}},"88":{"start":{"line":271,"column":12},"end":{"line":271,"column":80}},"89":{"start":{"line":274,"column":8},"end":{"line":276,"column":9}},"90":{"start":{"line":275,"column":12},"end":{"line":275,"column":87}},"91":{"start":{"line":278,"column":8},"end":{"line":278,"column":96}},"92":{"start":{"line":280,"column":22},"end":{"line":280,"column":37}},"93":{"start":{"line":281,"column":8},"end":{"line":284,"column":11}},"94":{"start":{"line":286,"column":8},"end":{"line":286,"column":43}},"95":{"start":{"line":287,"column":8},"end":{"line":287,"column":56}},"96":{"start":{"line":295,"column":25},"end":{"line":295,"column":55}},"97":{"start":{"line":296,"column":21},"end":{"line":298,"column":1}},"98":{"start":{"line":300,"column":0},"end":{"line":353,"column":3}},"99":{"start":{"line":301,"column":4},"end":{"line":352,"column":5}},"100":{"start":{"line":302,"column":39},"end":{"line":302,"column":47}},"101":{"start":{"line":304,"column":23},"end":{"line":307,"column":10}},"102":{"start":{"line":308,"column":24},"end":{"line":308,"column":43}},"103":{"start":{"line":310,"column":22},"end":{"line":310,"column":49}},"104":{"start":{"line":311,"column":21},"end":{"line":311,"column":33}},"105":{"start":{"line":312,"column":26},"end":{"line":312,"column":37}},"106":{"start":{"line":314,"column":47},"end":{"line":318,"column":21}},"107":{"start":{"line":320,"column":8},"end":{"line":340,"column":9}},"108":{"start":{"line":321,"column":25},"end":{"line":321,"column":74}},"109":{"start":{"line":322,"column":58},"end":{"line":326,"column":25}},"110":{"start":{"line":328,"column":12},"end":{"line":328,"column":47}},"111":{"start":{"line":328,"column":29},"end":{"line":328,"column":47}},"112":{"start":{"line":329,"column":12},"end":{"line":329,"column":27}},"113":{"start":{"line":331,"column":12},"end":{"line":337,"column":16}},"114":{"start":{"line":338,"column":15},"end":{"line":340,"column":9}},"115":{"start":{"line":339,"column":12},"end":{"line":339,"column":81}},"116":{"start":{"line":342,"column":8},"end":{"line":342,"column":83}},"117":{"start":{"line":344,"column":22},"end":{"line":344,"column":37}},"118":{"start":{"line":345,"column":8},"end":{"line":348,"column":11}},"119":{"start":{"line":350,"column":8},"end":{"line":350,"column":49}},"120":{"start":{"line":351,"column":8},"end":{"line":351,"column":63}},"121":{"start":{"line":363,"column":0},"end":{"line":410,"column":3}},"122":{"start":{"line":364,"column":4},"end":{"line":409,"column":5}},"123":{"start":{"line":365,"column":26},"end":{"line":365,"column":34}},"124":{"start":{"line":366,"column":8},"end":{"line":366,"column":81}},"125":{"start":{"line":366,"column":20},"end":{"line":366,"column":81}},"126":{"start":{"line":368,"column":8},"end":{"line":368,"column":76}},"127":{"start":{"line":371,"column":33},"end":{"line":373,"column":9}},"128":{"start":{"line":375,"column":31},"end":{"line":379,"column":21}},"129":{"start":{"line":381,"column":8},"end":{"line":384,"column":9}},"130":{"start":{"line":383,"column":12},"end":{"line":383,"column":46}},"131":{"start":{"line":387,"column":25},"end":{"line":387,"column":63}},"132":{"start":{"line":388,"column":26},"end":{"line":388,"column":84}},"133":{"start":{"line":389,"column":26},"end":{"line":389,"column":77}},"134":{"start":{"line":392,"column":8},"end":{"line":392,"column":79}},"135":{"start":{"line":395,"column":8},"end":{"line":400,"column":12}},"136":{"start":{"line":402,"column":26},"end":{"line":402,"column":76}},"137":{"start":{"line":403,"column":8},"end":{"line":403,"column":60}},"138":{"start":{"line":405,"column":8},"end":{"line":405,"column":35}},"139":{"start":{"line":407,"column":8},"end":{"line":407,"column":53}},"140":{"start":{"line":408,"column":8},"end":{"line":408,"column":69}},"141":{"start":{"line":420,"column":0},"end":{"line":484,"column":3}},"142":{"start":{"line":421,"column":4},"end":{"line":483,"column":5}},"143":{"start":{"line":422,"column":39},"end":{"line":422,"column":47}},"144":{"start":{"line":425,"column":26},"end":{"line":425,"column":81}},"145":{"start":{"line":427,"column":57},"end":{"line":431,"column":21}},"146":{"start":{"line":434,"column":8},"end":{"line":437,"column":9}},"147":{"start":{"line":435,"column":12},"end":{"line":435,"column":100}},"148":{"start":{"line":436,"column":12},"end":{"line":436,"column":85}},"149":{"start":{"line":439,"column":8},"end":{"line":445,"column":9}},"150":{"start":{"line":440,"column":12},"end":{"line":443,"column":20}},"151":{"start":{"line":444,"column":12},"end":{"line":444,"column":93}},"152":{"start":{"line":447,"column":8},"end":{"line":453,"column":9}},"153":{"start":{"line":448,"column":12},"end":{"line":451,"column":20}},"154":{"start":{"line":452,"column":12},"end":{"line":452,"column":109}},"155":{"start":{"line":455,"column":31},"end":{"line":455,"column":65}},"156":{"start":{"line":458,"column":31},"end":{"line":462,"column":21}},"157":{"start":{"line":464,"column":27},"end":{"line":464,"column":57}},"158":{"start":{"line":466,"column":8},"end":{"line":469,"column":43}},"159":{"start":{"line":472,"column":8},"end":{"line":475,"column":38}},"160":{"start":{"line":477,"column":8},"end":{"line":477,"column":95}},"161":{"start":{"line":479,"column":8},"end":{"line":479,"column":100}},"162":{"start":{"line":481,"column":8},"end":{"line":481,"column":52}},"163":{"start":{"line":482,"column":8},"end":{"line":482,"column":68}},"164":{"start":{"line":491,"column":0},"end":{"line":550,"column":3}},"165":{"start":{"line":492,"column":4},"end":{"line":549,"column":5}},"166":{"start":{"line":493,"column":49},"end":{"line":497,"column":21}},"167":{"start":{"line":499,"column":8},"end":{"line":499,"column":89}},"168":{"start":{"line":499,"column":32},"end":{"line":499,"column":89}},"169":{"start":{"line":501,"column":53},"end":{"line":505,"column":21}},"170":{"start":{"line":507,"column":8},"end":{"line":523,"column":9}},"171":{"start":{"line":508,"column":61},"end":{"line":518,"column":25}},"172":{"start":{"line":520,"column":12},"end":{"line":522,"column":13}},"173":{"start":{"line":521,"column":16},"end":{"line":521,"column":37}},"174":{"start":{"line":525,"column":8},"end":{"line":545,"column":11}},"175":{"start":{"line":547,"column":8},"end":{"line":547,"column":46}},"176":{"start":{"line":548,"column":8},"end":{"line":548,"column":72}},"177":{"start":{"line":553,"column":0},"end":{"line":583,"column":3}},"178":{"start":{"line":554,"column":4},"end":{"line":582,"column":5}},"179":{"start":{"line":555,"column":80},"end":{"line":555,"column":88}},"180":{"start":{"line":557,"column":8},"end":{"line":564,"column":9}},"181":{"start":{"line":558,"column":12},"end":{"line":558,"column":112}},"182":{"start":{"line":558,"column":35},"end":{"line":558,"column":112}},"183":{"start":{"line":559,"column":41},"end":{"line":562,"column":38}},"184":{"start":{"line":563,"column":12},"end":{"line":563,"column":43}},"185":{"start":{"line":563,"column":27},"end":{"line":563,"column":43}},"186":{"start":{"line":566,"column":40},"end":{"line":574,"column":41}},"187":{"start":{"line":576,"column":8},"end":{"line":576,"column":45}},"188":{"start":{"line":576,"column":26},"end":{"line":576,"column":45}},"189":{"start":{"line":578,"column":8},"end":{"line":578,"column":62}},"190":{"start":{"line":580,"column":8},"end":{"line":580,"column":52}},"191":{"start":{"line":581,"column":8},"end":{"line":581,"column":68}},"192":{"start":{"line":592,"column":0},"end":{"line":630,"column":3}},"193":{"start":{"line":593,"column":4},"end":{"line":629,"column":5}},"194":{"start":{"line":594,"column":49},"end":{"line":594,"column":57}},"195":{"start":{"line":596,"column":8},"end":{"line":598,"column":9}},"196":{"start":{"line":597,"column":12},"end":{"line":597,"column":98}},"197":{"start":{"line":600,"column":38},"end":{"line":604,"column":21}},"198":{"start":{"line":606,"column":8},"end":{"line":606,"column":85}},"199":{"start":{"line":606,"column":28},"end":{"line":606,"column":85}},"200":{"start":{"line":608,"column":24},"end":{"line":608,"column":76}},"201":{"start":{"line":609,"column":8},"end":{"line":609,"column":91}},"202":{"start":{"line":609,"column":22},"end":{"line":609,"column":91}},"203":{"start":{"line":611,"column":34},"end":{"line":611,"column":68}},"204":{"start":{"line":614,"column":27},"end":{"line":614,"column":56}},"205":{"start":{"line":616,"column":39},"end":{"line":619,"column":34}},"206":{"start":{"line":621,"column":8},"end":{"line":621,"column":43}},"207":{"start":{"line":621,"column":25},"end":{"line":621,"column":43}},"208":{"start":{"line":623,"column":8},"end":{"line":623,"column":107}},"209":{"start":{"line":625,"column":8},"end":{"line":625,"column":85}},"210":{"start":{"line":627,"column":8},"end":{"line":627,"column":53}},"211":{"start":{"line":628,"column":8},"end":{"line":628,"column":69}},"212":{"start":{"line":636,"column":0},"end":{"line":663,"column":3}},"213":{"start":{"line":637,"column":4},"end":{"line":662,"column":5}},"214":{"start":{"line":638,"column":29},"end":{"line":638,"column":37}},"215":{"start":{"line":640,"column":38},"end":{"line":644,"column":21}},"216":{"start":{"line":646,"column":8},"end":{"line":646,"column":85}},"217":{"start":{"line":646,"column":28},"end":{"line":646,"column":85}},"218":{"start":{"line":648,"column":24},"end":{"line":648,"column":69}},"219":{"start":{"line":649,"column":8},"end":{"line":649,"column":83}},"220":{"start":{"line":649,"column":22},"end":{"line":649,"column":83}},"221":{"start":{"line":651,"column":39},"end":{"line":654,"column":34}},"222":{"start":{"line":656,"column":8},"end":{"line":656,"column":43}},"223":{"start":{"line":656,"column":25},"end":{"line":656,"column":43}},"224":{"start":{"line":658,"column":8},"end":{"line":658,"column":62}},"225":{"start":{"line":660,"column":8},"end":{"line":660,"column":52}},"226":{"start":{"line":661,"column":8},"end":{"line":661,"column":68}},"227":{"start":{"line":665,"column":0},"end":{"line":665,"column":24}}},"fnMap":{"0":{"name":"(anonymous_0)","decl":{"start":{"line":36,"column":13},"end":{"line":36,"column":14}},"loc":{"start":{"line":36,"column":42},"end":{"line":42,"column":5}},"line":36},"1":{"name":"(anonymous_1)","decl":{"start":{"line":74,"column":18},"end":{"line":74,"column":19}},"loc":{"start":{"line":74,"column":28},"end":{"line":83,"column":1}},"line":74},"2":{"name":"(anonymous_2)","decl":{"start":{"line":90,"column":40},"end":{"line":90,"column":41}},"loc":{"start":{"line":90,"column":60},"end":{"line":110,"column":1}},"line":90},"3":{"name":"(anonymous_3)","decl":{"start":{"line":113,"column":27},"end":{"line":113,"column":28}},"loc":{"start":{"line":113,"column":47},"end":{"line":168,"column":1}},"line":113},"4":{"name":"(anonymous_4)","decl":{"start":{"line":178,"column":61},"end":{"line":178,"column":62}},"loc":{"start":{"line":178,"column":81},"end":{"line":232,"column":1}},"line":178},"5":{"name":"(anonymous_5)","decl":{"start":{"line":244,"column":53},"end":{"line":244,"column":54}},"loc":{"start":{"line":244,"column":73},"end":{"line":289,"column":1}},"line":244},"6":{"name":"(anonymous_6)","decl":{"start":{"line":300,"column":23},"end":{"line":300,"column":24}},"loc":{"start":{"line":300,"column":43},"end":{"line":353,"column":1}},"line":300},"7":{"name":"(anonymous_7)","decl":{"start":{"line":363,"column":63},"end":{"line":363,"column":64}},"loc":{"start":{"line":363,"column":83},"end":{"line":410,"column":1}},"line":363},"8":{"name":"(anonymous_8)","decl":{"start":{"line":420,"column":85},"end":{"line":420,"column":86}},"loc":{"start":{"line":420,"column":105},"end":{"line":484,"column":1}},"line":420},"9":{"name":"(anonymous_9)","decl":{"start":{"line":491,"column":37},"end":{"line":491,"column":38}},"loc":{"start":{"line":491,"column":57},"end":{"line":550,"column":1}},"line":491},"10":{"name":"(anonymous_10)","decl":{"start":{"line":553,"column":59},"end":{"line":553,"column":60}},"loc":{"start":{"line":553,"column":79},"end":{"line":583,"column":1}},"line":553},"11":{"name":"(anonymous_11)","decl":{"start":{"line":592,"column":68},"end":{"line":592,"column":69}},"loc":{"start":{"line":592,"column":88},"end":{"line":630,"column":1}},"line":592},"12":{"name":"(anonymous_12)","decl":{"start":{"line":636,"column":52},"end":{"line":636,"column":53}},"loc":{"start":{"line":636,"column":72},"end":{"line":663,"column":1}},"line":636}},"branchMap":{"0":{"loc":{"start":{"line":12,"column":19},"end":{"line":12,"column":66}},"type":"binary-expr","locations":[{"start":{"line":12,"column":19},"end":{"line":12,"column":41}},{"start":{"line":12,"column":45},"end":{"line":12,"column":66}}],"line":12},"1":{"loc":{"start":{"line":13,"column":21},"end":{"line":13,"column":72}},"type":"binary-expr","locations":[{"start":{"line":13,"column":21},"end":{"line":13,"column":45}},{"start":{"line":13,"column":49},"end":{"line":13,"column":72}}],"line":13},"2":{"loc":{"start":{"line":78,"column":14},"end":{"line":78,"column":33}},"type":"binary-expr","locations":[{"start":{"line":78,"column":14},"end":{"line":78,"column":23}},{"start":{"line":78,"column":27},"end":{"line":78,"column":33}}],"line":78},"3":{"loc":{"start":{"line":79,"column":22},"end":{"line":79,"column":45}},"type":"binary-expr","locations":[{"start":{"line":79,"column":22},"end":{"line":79,"column":40}},{"start":{"line":79,"column":44},"end":{"line":79,"column":45}}],"line":79},"4":{"loc":{"start":{"line":93,"column":8},"end":{"line":93,"column":80}},"type":"if","locations":[{"start":{"line":93,"column":8},"end":{"line":93,"column":80}},{"start":{},"end":{}}],"line":93},"5":{"loc":{"start":{"line":99,"column":8},"end":{"line":101,"column":9}},"type":"if","locations":[{"start":{"line":99,"column":8},"end":{"line":101,"column":9}},{"start":{},"end":{}}],"line":99},"6":{"loc":{"start":{"line":116,"column":8},"end":{"line":116,"column":97}},"type":"if","locations":[{"start":{"line":116,"column":8},"end":{"line":116,"column":97}},{"start":{},"end":{}}],"line":116},"7":{"loc":{"start":{"line":116,"column":12},"end":{"line":116,"column":26}},"type":"binary-expr","locations":[{"start":{"line":116,"column":12},"end":{"line":116,"column":18}},{"start":{"line":116,"column":22},"end":{"line":116,"column":26}}],"line":116},"8":{"loc":{"start":{"line":120,"column":8},"end":{"line":123,"column":9}},"type":"if","locations":[{"start":{"line":120,"column":8},"end":{"line":123,"column":9}},{"start":{},"end":{}}],"line":120},"9":{"loc":{"start":{"line":120,"column":12},"end":{"line":120,"column":43}},"type":"binary-expr","locations":[{"start":{"line":120,"column":12},"end":{"line":120,"column":22}},{"start":{"line":120,"column":26},"end":{"line":120,"column":43}}],"line":120},"10":{"loc":{"start":{"line":134,"column":8},"end":{"line":155,"column":9}},"type":"if","locations":[{"start":{"line":134,"column":8},"end":{"line":155,"column":9}},{"start":{},"end":{}}],"line":134},"11":{"loc":{"start":{"line":134,"column":12},"end":{"line":134,"column":30}},"type":"binary-expr","locations":[{"start":{"line":134,"column":12},"end":{"line":134,"column":21}},{"start":{"line":134,"column":25},"end":{"line":134,"column":30}}],"line":134},"12":{"loc":{"start":{"line":137,"column":25},"end":{"line":137,"column":88}},"type":"cond-expr","locations":[{"start":{"line":137,"column":72},"end":{"line":137,"column":79}},{"start":{"line":137,"column":82},"end":{"line":137,"column":88}}],"line":137},"13":{"loc":{"start":{"line":145,"column":12},"end":{"line":145,"column":47}},"type":"if","locations":[{"start":{"line":145,"column":12},"end":{"line":145,"column":47}},{"start":{},"end":{}}],"line":145},"14":{"loc":{"start":{"line":162,"column":75},"end":{"line":162,"column":94}},"type":"binary-expr","locations":[{"start":{"line":162,"column":75},"end":{"line":162,"column":84}},{"start":{"line":162,"column":88},"end":{"line":162,"column":94}}],"line":162},"15":{"loc":{"start":{"line":191,"column":8},"end":{"line":197,"column":9}},"type":"if","locations":[{"start":{"line":191,"column":8},"end":{"line":197,"column":9}},{"start":{},"end":{}}],"line":191},"16":{"loc":{"start":{"line":200,"column":21},"end":{"line":200,"column":80}},"type":"cond-expr","locations":[{"start":{"line":200,"column":64},"end":{"line":200,"column":71}},{"start":{"line":200,"column":74},"end":{"line":200,"column":80}}],"line":200},"17":{"loc":{"start":{"line":215,"column":8},"end":{"line":215,"column":39}},"type":"if","locations":[{"start":{"line":215,"column":8},"end":{"line":215,"column":39}},{"start":{},"end":{}}],"line":215},"18":{"loc":{"start":{"line":248,"column":8},"end":{"line":250,"column":9}},"type":"if","locations":[{"start":{"line":248,"column":8},"end":{"line":250,"column":9}},{"start":{},"end":{}}],"line":248},"19":{"loc":{"start":{"line":248,"column":12},"end":{"line":248,"column":31}},"type":"binary-expr","locations":[{"start":{"line":248,"column":12},"end":{"line":248,"column":18}},{"start":{"line":248,"column":22},"end":{"line":248,"column":31}}],"line":248},"20":{"loc":{"start":{"line":265,"column":30},"end":{"line":265,"column":82}},"type":"cond-expr","locations":[{"start":{"line":265,"column":56},"end":{"line":265,"column":69}},{"start":{"line":265,"column":72},"end":{"line":265,"column":82}}],"line":265},"21":{"loc":{"start":{"line":265,"column":31},"end":{"line":265,"column":52}},"type":"binary-expr","locations":[{"start":{"line":265,"column":31},"end":{"line":265,"column":35}},{"start":{"line":265,"column":39},"end":{"line":265,"column":52}}],"line":265},"22":{"loc":{"start":{"line":268,"column":8},"end":{"line":272,"column":9}},"type":"if","locations":[{"start":{"line":268,"column":8},"end":{"line":272,"column":9}},{"start":{},"end":{}}],"line":268},"23":{"loc":{"start":{"line":268,"column":12},"end":{"line":268,"column":38}},"type":"binary-expr","locations":[{"start":{"line":268,"column":12},"end":{"line":268,"column":17}},{"start":{"line":268,"column":21},"end":{"line":268,"column":26}},{"start":{"line":268,"column":30},"end":{"line":268,"column":38}}],"line":268},"24":{"loc":{"start":{"line":274,"column":8},"end":{"line":276,"column":9}},"type":"if","locations":[{"start":{"line":274,"column":8},"end":{"line":276,"column":9}},{"start":{},"end":{}}],"line":274},"25":{"loc":{"start":{"line":283,"column":75},"end":{"line":283,"column":94}},"type":"binary-expr","locations":[{"start":{"line":283,"column":75},"end":{"line":283,"column":84}},{"start":{"line":283,"column":88},"end":{"line":283,"column":94}}],"line":283},"26":{"loc":{"start":{"line":297,"column":4},"end":{"line":297,"column":110}},"type":"binary-expr","locations":[{"start":{"line":297,"column":4},"end":{"line":297,"column":32}},{"start":{"line":297,"column":36},"end":{"line":297,"column":110}}],"line":297},"27":{"loc":{"start":{"line":306,"column":22},"end":{"line":306,"column":128}},"type":"binary-expr","locations":[{"start":{"line":306,"column":22},"end":{"line":306,"column":50}},{"start":{"line":306,"column":54},"end":{"line":306,"column":128}}],"line":306},"28":{"loc":{"start":{"line":320,"column":8},"end":{"line":340,"column":9}},"type":"if","locations":[{"start":{"line":320,"column":8},"end":{"line":340,"column":9}},{"start":{"line":338,"column":15},"end":{"line":340,"column":9}}],"line":320},"29":{"loc":{"start":{"line":320,"column":12},"end":{"line":320,"column":30}},"type":"binary-expr","locations":[{"start":{"line":320,"column":12},"end":{"line":320,"column":21}},{"start":{"line":320,"column":25},"end":{"line":320,"column":30}}],"line":320},"30":{"loc":{"start":{"line":321,"column":25},"end":{"line":321,"column":74}},"type":"cond-expr","locations":[{"start":{"line":321,"column":58},"end":{"line":321,"column":65}},{"start":{"line":321,"column":68},"end":{"line":321,"column":74}}],"line":321},"31":{"loc":{"start":{"line":328,"column":12},"end":{"line":328,"column":47}},"type":"if","locations":[{"start":{"line":328,"column":12},"end":{"line":328,"column":47}},{"start":{},"end":{}}],"line":328},"32":{"loc":{"start":{"line":334,"column":28},"end":{"line":334,"column":49}},"type":"binary-expr","locations":[{"start":{"line":334,"column":28},"end":{"line":334,"column":43}},{"start":{"line":334,"column":47},"end":{"line":334,"column":49}}],"line":334},"33":{"loc":{"start":{"line":338,"column":15},"end":{"line":340,"column":9}},"type":"if","locations":[{"start":{"line":338,"column":15},"end":{"line":340,"column":9}},{"start":{},"end":{}}],"line":338},"34":{"loc":{"start":{"line":347,"column":75},"end":{"line":347,"column":94}},"type":"binary-expr","locations":[{"start":{"line":347,"column":75},"end":{"line":347,"column":84}},{"start":{"line":347,"column":88},"end":{"line":347,"column":94}}],"line":347},"35":{"loc":{"start":{"line":366,"column":8},"end":{"line":366,"column":81}},"type":"if","locations":[{"start":{"line":366,"column":8},"end":{"line":366,"column":81}},{"start":{},"end":{}}],"line":366},"36":{"loc":{"start":{"line":381,"column":8},"end":{"line":384,"column":9}},"type":"if","locations":[{"start":{"line":381,"column":8},"end":{"line":384,"column":9}},{"start":{},"end":{}}],"line":381},"37":{"loc":{"start":{"line":434,"column":8},"end":{"line":437,"column":9}},"type":"if","locations":[{"start":{"line":434,"column":8},"end":{"line":437,"column":9}},{"start":{},"end":{}}],"line":434},"38":{"loc":{"start":{"line":434,"column":12},"end":{"line":434,"column":38}},"type":"binary-expr","locations":[{"start":{"line":434,"column":12},"end":{"line":434,"column":22}},{"start":{"line":434,"column":26},"end":{"line":434,"column":38}}],"line":434},"39":{"loc":{"start":{"line":439,"column":8},"end":{"line":445,"column":9}},"type":"if","locations":[{"start":{"line":439,"column":8},"end":{"line":445,"column":9}},{"start":{},"end":{}}],"line":439},"40":{"loc":{"start":{"line":447,"column":8},"end":{"line":453,"column":9}},"type":"if","locations":[{"start":{"line":447,"column":8},"end":{"line":453,"column":9}},{"start":{},"end":{}}],"line":447},"41":{"loc":{"start":{"line":464,"column":28},"end":{"line":464,"column":52}},"type":"binary-expr","locations":[{"start":{"line":464,"column":28},"end":{"line":464,"column":47}},{"start":{"line":464,"column":51},"end":{"line":464,"column":52}}],"line":464},"42":{"loc":{"start":{"line":499,"column":8},"end":{"line":499,"column":89}},"type":"if","locations":[{"start":{"line":499,"column":8},"end":{"line":499,"column":89}},{"start":{},"end":{}}],"line":499},"43":{"loc":{"start":{"line":499,"column":12},"end":{"line":499,"column":30}},"type":"binary-expr","locations":[{"start":{"line":499,"column":12},"end":{"line":499,"column":21}},{"start":{"line":499,"column":25},"end":{"line":499,"column":30}}],"line":499},"44":{"loc":{"start":{"line":507,"column":8},"end":{"line":523,"column":9}},"type":"if","locations":[{"start":{"line":507,"column":8},"end":{"line":523,"column":9}},{"start":{},"end":{}}],"line":507},"45":{"loc":{"start":{"line":507,"column":12},"end":{"line":507,"column":36}},"type":"binary-expr","locations":[{"start":{"line":507,"column":12},"end":{"line":507,"column":24}},{"start":{"line":507,"column":28},"end":{"line":507,"column":36}}],"line":507},"46":{"loc":{"start":{"line":520,"column":12},"end":{"line":522,"column":13}},"type":"if","locations":[{"start":{"line":520,"column":12},"end":{"line":522,"column":13}},{"start":{},"end":{}}],"line":520},"47":{"loc":{"start":{"line":520,"column":16},"end":{"line":520,"column":42}},"type":"binary-expr","locations":[{"start":{"line":520,"column":16},"end":{"line":520,"column":28}},{"start":{"line":520,"column":32},"end":{"line":520,"column":42}}],"line":520},"48":{"loc":{"start":{"line":530,"column":22},"end":{"line":530,"column":41}},"type":"binary-expr","locations":[{"start":{"line":530,"column":22},"end":{"line":530,"column":31}},{"start":{"line":530,"column":35},"end":{"line":530,"column":41}}],"line":530},"49":{"loc":{"start":{"line":534,"column":21},"end":{"line":544,"column":13}},"type":"cond-expr","locations":[{"start":{"line":534,"column":31},"end":{"line":539,"column":13}},{"start":{"line":539,"column":16},"end":{"line":544,"column":13}}],"line":534},"50":{"loc":{"start":{"line":535,"column":21},"end":{"line":535,"column":38}},"type":"binary-expr","locations":[{"start":{"line":535,"column":21},"end":{"line":535,"column":32}},{"start":{"line":535,"column":36},"end":{"line":535,"column":38}}],"line":535},"51":{"loc":{"start":{"line":536,"column":27},"end":{"line":536,"column":51}},"type":"binary-expr","locations":[{"start":{"line":536,"column":27},"end":{"line":536,"column":45}},{"start":{"line":536,"column":49},"end":{"line":536,"column":51}}],"line":536},"52":{"loc":{"start":{"line":537,"column":33},"end":{"line":537,"column":67}},"type":"binary-expr","locations":[{"start":{"line":537,"column":33},"end":{"line":537,"column":57}},{"start":{"line":537,"column":61},"end":{"line":537,"column":67}}],"line":537},"53":{"loc":{"start":{"line":557,"column":8},"end":{"line":564,"column":9}},"type":"if","locations":[{"start":{"line":557,"column":8},"end":{"line":564,"column":9}},{"start":{},"end":{}}],"line":557},"54":{"loc":{"start":{"line":558,"column":12},"end":{"line":558,"column":112}},"type":"if","locations":[{"start":{"line":558,"column":12},"end":{"line":558,"column":112}},{"start":{},"end":{}}],"line":558},"55":{"loc":{"start":{"line":563,"column":12},"end":{"line":563,"column":43}},"type":"if","locations":[{"start":{"line":563,"column":12},"end":{"line":563,"column":43}},{"start":{},"end":{}}],"line":563},"56":{"loc":{"start":{"line":576,"column":8},"end":{"line":576,"column":45}},"type":"if","locations":[{"start":{"line":576,"column":8},"end":{"line":576,"column":45}},{"start":{},"end":{}}],"line":576},"57":{"loc":{"start":{"line":596,"column":8},"end":{"line":598,"column":9}},"type":"if","locations":[{"start":{"line":596,"column":8},"end":{"line":598,"column":9}},{"start":{},"end":{}}],"line":596},"58":{"loc":{"start":{"line":596,"column":12},"end":{"line":596,"column":50}},"type":"binary-expr","locations":[{"start":{"line":596,"column":12},"end":{"line":596,"column":24}},{"start":{"line":596,"column":28},"end":{"line":596,"column":50}}],"line":596},"59":{"loc":{"start":{"line":606,"column":8},"end":{"line":606,"column":85}},"type":"if","locations":[{"start":{"line":606,"column":8},"end":{"line":606,"column":85}},{"start":{},"end":{}}],"line":606},"60":{"loc":{"start":{"line":606,"column":12},"end":{"line":606,"column":26}},"type":"binary-expr","locations":[{"start":{"line":606,"column":12},"end":{"line":606,"column":17}},{"start":{"line":606,"column":21},"end":{"line":606,"column":26}}],"line":606},"61":{"loc":{"start":{"line":609,"column":8},"end":{"line":609,"column":91}},"type":"if","locations":[{"start":{"line":609,"column":8},"end":{"line":609,"column":91}},{"start":{},"end":{}}],"line":609},"62":{"loc":{"start":{"line":614,"column":28},"end":{"line":614,"column":51}},"type":"binary-expr","locations":[{"start":{"line":614,"column":28},"end":{"line":614,"column":46}},{"start":{"line":614,"column":50},"end":{"line":614,"column":51}}],"line":614},"63":{"loc":{"start":{"line":621,"column":8},"end":{"line":621,"column":43}},"type":"if","locations":[{"start":{"line":621,"column":8},"end":{"line":621,"column":43}},{"start":{},"end":{}}],"line":621},"64":{"loc":{"start":{"line":646,"column":8},"end":{"line":646,"column":85}},"type":"if","locations":[{"start":{"line":646,"column":8},"end":{"line":646,"column":85}},{"start":{},"end":{}}],"line":646},"65":{"loc":{"start":{"line":646,"column":12},"end":{"line":646,"column":26}},"type":"binary-expr","locations":[{"start":{"line":646,"column":12},"end":{"line":646,"column":17}},{"start":{"line":646,"column":21},"end":{"line":646,"column":26}}],"line":646},"66":{"loc":{"start":{"line":649,"column":8},"end":{"line":649,"column":83}},"type":"if","locations":[{"start":{"line":649,"column":8},"end":{"line":649,"column":83}},{"start":{},"end":{}}],"line":649},"67":{"loc":{"start":{"line":656,"column":8},"end":{"line":656,"column":43}},"type":"if","locations":[{"start":{"line":656,"column":8},"end":{"line":656,"column":43}},{"start":{},"end":{}}],"line":656}},"s":{"0":1,"1":1,"2":1,"3":1,"4":1,"5":1,"6":1,"7":1,"8":1,"9":1,"10":1,"11":1,"12":1,"13":1,"14":1,"15":1,"16":0,"17":0,"18":1,"19":1,"20":1,"21":1,"22":2,"23":1,"24":1,"25":1,"26":1,"27":1,"28":0,"29":0,"30":0,"31":0,"32":0,"33":0,"34":0,"35":0,"36":0,"37":1,"38":0,"39":0,"40":0,"41":0,"42":0,"43":0,"44":0,"45":0,"46":0,"47":0,"48":0,"49":0,"50":0,"51":0,"52":0,"53":0,"54":0,"55":0,"56":0,"57":0,"58":0,"59":0,"60":0,"61":1,"62":1,"63":1,"64":1,"65":1,"66":1,"67":1,"68":1,"69":0,"70":0,"71":0,"72":0,"73":0,"74":0,"75":0,"76":0,"77":0,"78":1,"79":4,"80":4,"81":4,"82":0,"83":4,"84":4,"85":4,"86":4,"87":2,"88":2,"89":2,"90":0,"91":2,"92":2,"93":2,"94":0,"95":0,"96":1,"97":1,"98":1,"99":0,"100":0,"101":0,"102":0,"103":0,"104":0,"105":0,"106":0,"107":0,"108":0,"109":0,"110":0,"111":0,"112":0,"113":0,"114":0,"115":0,"116":0,"117":0,"118":0,"119":0,"120":0,"121":1,"122":0,"123":0,"124":0,"125":0,"126":0,"127":0,"128":0,"129":0,"130":0,"131":0,"132":0,"133":0,"134":0,"135":0,"136":0,"137":0,"138":0,"139":0,"140":0,"141":1,"142":0,"143":0,"144":0,"145":0,"146":0,"147":0,"148":0,"149":0,"150":0,"151":0,"152":0,"153":0,"154":0,"155":0,"156":0,"157":0,"158":0,"159":0,"160":0,"161":0,"162":0,"163":0,"164":1,"165":0,"166":0,"167":0,"168":0,"169":0,"170":0,"171":0,"172":0,"173":0,"174":0,"175":0,"176":0,"177":1,"178":0,"179":0,"180":0,"181":0,"182":0,"183":0,"184":0,"185":0,"186":0,"187":0,"188":0,"189":0,"190":0,"191":0,"192":1,"193":0,"194":0,"195":0,"196":0,"197":0,"198":0,"199":0,"200":0,"201":0,"202":0,"203":0,"204":0,"205":0,"206":0,"207":0,"208":0,"209":0,"210":0,"211":0,"212":1,"213":0,"214":0,"215":0,"216":0,"217":0,"218":0,"219":0,"220":0,"221":0,"222":0,"223":0,"224":0,"225":0,"226":0,"227":1},"f":{"0":0,"1":2,"2":1,"3":0,"4":1,"5":4,"6":0,"7":0,"8":0,"9":0,"10":0,"11":0,"12":0},"b":{"0":[1,0],"1":[1,0],"2":[2,0],"3":[2,0],"4":[1,0],"5":[0,0],"6":[0,0],"7":[0,0],"8":[0,0],"9":[0,0],"10":[0,0],"11":[0,0],"12":[0,0],"13":[0,0],"14":[0,0],"15":[1,0],"16":[0,0],"17":[0,0],"18":[0,4],"19":[4,4],"20":[3,1],"21":[4,3],"22":[2,2],"23":[4,3,3],"24":[0,2],"25":[2,0],"26":[1,1],"27":[0,0],"28":[0,0],"29":[0,0],"30":[0,0],"31":[0,0],"32":[0,0],"33":[0,0],"34":[0,0],"35":[0,0],"36":[0,0],"37":[0,0],"38":[0,0],"39":[0,0],"40":[0,0],"41":[0,0],"42":[0,0],"43":[0,0],"44":[0,0],"45":[0,0],"46":[0,0],"47":[0,0],"48":[0,0],"49":[0,0],"50":[0,0],"51":[0,0],"52":[0,0],"53":[0,0],"54":[0,0],"55":[0,0],"56":[0,0],"57":[0,0],"58":[0,0],"59":[0,0],"60":[0,0],"61":[0,0],"62":[0,0],"63":[0,0],"64":[0,0],"65":[0,0],"66":[0,0],"67":[0,0]},"_coverageSchema":"1a1c01bbd47fc00a2c39e90264f33305004495a9","hash":"b170be739be18e4288ac6f9917cfb2b13078b364"}
,"C:\\Users\\MKG\\.gemini\\antigravity\\scratch\\clubhub\\backend\\routes\\clubs.js": {"path":"C:\\Users\\MKG\\.gemini\\antigravity\\scratch\\clubhub\\backend\\routes\\clubs.js","statementMap":{"0":{"start":{"line":1,"column":16},"end":{"line":1,"column":34}},"1":{"start":{"line":2,"column":15},"end":{"line":2,"column":31}},"2":{"start":{"line":3,"column":17},"end":{"line":3,"column":39}},"3":{"start":{"line":4,"column":30},"end":{"line":4,"column":69}},"4":{"start":{"line":5,"column":30},"end":{"line":5,"column":75}},"5":{"start":{"line":6,"column":21},"end":{"line":6,"column":45}},"6":{"start":{"line":7,"column":18},"end":{"line":7,"column":39}},"7":{"start":{"line":10,"column":16},"end":{"line":10,"column":46}},"8":{"start":{"line":12,"column":17},"end":{"line":14,"column":2}},"9":{"start":{"line":17,"column":0},"end":{"line":59,"column":3}},"10":{"start":{"line":18,"column":4},"end":{"line":58,"column":5}},"11":{"start":{"line":19,"column":37},"end":{"line":19,"column":46}},"12":{"start":{"line":22,"column":25},"end":{"line":22,"column":72}},"13":{"start":{"line":23,"column":27},"end":{"line":23,"column":48}},"14":{"start":{"line":25,"column":8},"end":{"line":27,"column":9}},"15":{"start":{"line":26,"column":12},"end":{"line":26,"column":40}},"16":{"start":{"line":29,"column":20},"end":{"line":29,"column":54}},"17":{"start":{"line":31,"column":8},"end":{"line":31,"column":61}},"18":{"start":{"line":31,"column":22},"end":{"line":31,"column":61}},"19":{"start":{"line":32,"column":8},"end":{"line":32,"column":63}},"20":{"start":{"line":32,"column":20},"end":{"line":32,"column":63}},"21":{"start":{"line":34,"column":39},"end":{"line":34,"column":85}},"22":{"start":{"line":36,"column":8},"end":{"line":36,"column":31}},"23":{"start":{"line":36,"column":19},"end":{"line":36,"column":31}},"24":{"start":{"line":38,"column":28},"end":{"line":51,"column":11}},"25":{"start":{"line":38,"column":44},"end":{"line":51,"column":9}},"26":{"start":{"line":53,"column":8},"end":{"line":53,"column":43}},"27":{"start":{"line":54,"column":8},"end":{"line":54,"column":30}},"28":{"start":{"line":56,"column":8},"end":{"line":56,"column":49}},"29":{"start":{"line":57,"column":8},"end":{"line":57,"column":65}},"30":{"start":{"line":62,"column":0},"end":{"line":91,"column":3}},"31":{"start":{"line":63,"column":4},"end":{"line":90,"column":5}},"32":{"start":{"line":64,"column":38},"end":{"line":68,"column":21}},"33":{"start":{"line":70,"column":8},"end":{"line":70,"column":85}},"34":{"start":{"line":70,"column":28},"end":{"line":70,"column":85}},"35":{"start":{"line":72,"column":27},"end":{"line":85,"column":9}},"36":{"start":{"line":87,"column":8},"end":{"line":87,"column":29}},"37":{"start":{"line":89,"column":8},"end":{"line":89,"column":72}},"38":{"start":{"line":94,"column":0},"end":{"line":129,"column":3}},"39":{"start":{"line":95,"column":4},"end":{"line":128,"column":5}},"40":{"start":{"line":96,"column":113},"end":{"line":96,"column":121}},"41":{"start":{"line":98,"column":23},"end":{"line":98,"column":27}},"42":{"start":{"line":99,"column":24},"end":{"line":99,"column":28}},"43":{"start":{"line":100,"column":8},"end":{"line":110,"column":9}},"44":{"start":{"line":101,"column":12},"end":{"line":109,"column":13}},"45":{"start":{"line":102,"column":31},"end":{"line":102,"column":63}},"46":{"start":{"line":103,"column":16},"end":{"line":106,"column":17}},"47":{"start":{"line":104,"column":20},"end":{"line":104,"column":50}},"48":{"start":{"line":105,"column":20},"end":{"line":105,"column":52}},"49":{"start":{"line":108,"column":16},"end":{"line":108,"column":56}},"50":{"start":{"line":112,"column":32},"end":{"line":120,"column":21}},"51":{"start":{"line":122,"column":8},"end":{"line":122,"column":31}},"52":{"start":{"line":122,"column":19},"end":{"line":122,"column":31}},"53":{"start":{"line":123,"column":8},"end":{"line":123,"column":27}},"54":{"start":{"line":124,"column":8},"end":{"line":124,"column":38}},"55":{"start":{"line":126,"column":8},"end":{"line":126,"column":46}},"56":{"start":{"line":127,"column":8},"end":{"line":127,"column":62}},"57":{"start":{"line":132,"column":0},"end":{"line":158,"column":3}},"58":{"start":{"line":133,"column":4},"end":{"line":157,"column":5}},"59":{"start":{"line":134,"column":50},"end":{"line":138,"column":21}},"60":{"start":{"line":140,"column":8},"end":{"line":140,"column":90}},"61":{"start":{"line":140,"column":33},"end":{"line":140,"column":90}},"62":{"start":{"line":142,"column":8},"end":{"line":144,"column":9}},"63":{"start":{"line":143,"column":12},"end":{"line":143,"column":97}},"64":{"start":{"line":146,"column":39},"end":{"line":149,"column":36}},"65":{"start":{"line":151,"column":8},"end":{"line":151,"column":43}},"66":{"start":{"line":151,"column":25},"end":{"line":151,"column":43}},"67":{"start":{"line":152,"column":8},"end":{"line":152,"column":27}},"68":{"start":{"line":153,"column":8},"end":{"line":153,"column":59}},"69":{"start":{"line":155,"column":8},"end":{"line":155,"column":49}},"70":{"start":{"line":156,"column":8},"end":{"line":156,"column":65}},"71":{"start":{"line":160,"column":0},"end":{"line":160,"column":24}}},"fnMap":{"0":{"name":"(anonymous_0)","decl":{"start":{"line":17,"column":16},"end":{"line":17,"column":17}},"loc":{"start":{"line":17,"column":36},"end":{"line":59,"column":1}},"line":17},"1":{"name":"(anonymous_1)","decl":{"start":{"line":38,"column":38},"end":{"line":38,"column":39}},"loc":{"start":{"line":38,"column":44},"end":{"line":51,"column":9}},"line":38},"2":{"name":"(anonymous_2)","decl":{"start":{"line":62,"column":19},"end":{"line":62,"column":20}},"loc":{"start":{"line":62,"column":39},"end":{"line":91,"column":1}},"line":62},"3":{"name":"(anonymous_3)","decl":{"start":{"line":94,"column":55},"end":{"line":94,"column":56}},"loc":{"start":{"line":94,"column":75},"end":{"line":129,"column":1}},"line":94},"4":{"name":"(anonymous_4)","decl":{"start":{"line":132,"column":41},"end":{"line":132,"column":42}},"loc":{"start":{"line":132,"column":61},"end":{"line":158,"column":1}},"line":132}},"branchMap":{"0":{"loc":{"start":{"line":22,"column":34},"end":{"line":22,"column":51}},"type":"binary-expr","locations":[{"start":{"line":22,"column":34},"end":{"line":22,"column":42}},{"start":{"line":22,"column":46},"end":{"line":22,"column":51}}],"line":22},"1":{"loc":{"start":{"line":22,"column":55},"end":{"line":22,"column":70}},"type":"binary-expr","locations":[{"start":{"line":22,"column":55},"end":{"line":22,"column":61}},{"start":{"line":22,"column":65},"end":{"line":22,"column":70}}],"line":22},"2":{"loc":{"start":{"line":25,"column":8},"end":{"line":27,"column":9}},"type":"if","locations":[{"start":{"line":25,"column":8},"end":{"line":27,"column":9}},{"start":{},"end":{}}],"line":25},"3":{"loc":{"start":{"line":31,"column":8},"end":{"line":31,"column":61}},"type":"if","locations":[{"start":{"line":31,"column":8},"end":{"line":31,"column":61}},{"start":{},"end":{}}],"line":31},"4":{"loc":{"start":{"line":32,"column":8},"end":{"line":32,"column":63}},"type":"if","locations":[{"start":{"line":32,"column":8},"end":{"line":32,"column":63}},{"start":{},"end":{}}],"line":32},"5":{"loc":{"start":{"line":36,"column":8},"end":{"line":36,"column":31}},"type":"if","locations":[{"start":{"line":36,"column":8},"end":{"line":36,"column":31}},{"start":{},"end":{}}],"line":36},"6":{"loc":{"start":{"line":70,"column":8},"end":{"line":70,"column":85}},"type":"if","locations":[{"start":{"line":70,"column":8},"end":{"line":70,"column":85}},{"start":{},"end":{}}],"line":70},"7":{"loc":{"start":{"line":70,"column":12},"end":{"line":70,"column":26}},"type":"binary-expr","locations":[{"start":{"line":70,"column":12},"end":{"line":70,"column":17}},{"start":{"line":70,"column":21},"end":{"line":70,"column":26}}],"line":70},"8":{"loc":{"start":{"line":100,"column":8},"end":{"line":110,"column":9}},"type":"if","locations":[{"start":{"line":100,"column":8},"end":{"line":110,"column":9}},{"start":{},"end":{}}],"line":100},"9":{"loc":{"start":{"line":103,"column":16},"end":{"line":106,"column":17}},"type":"if","locations":[{"start":{"line":103,"column":16},"end":{"line":106,"column":17}},{"start":{},"end":{}}],"line":103},"10":{"loc":{"start":{"line":122,"column":8},"end":{"line":122,"column":31}},"type":"if","locations":[{"start":{"line":122,"column":8},"end":{"line":122,"column":31}},{"start":{},"end":{}}],"line":122},"11":{"loc":{"start":{"line":140,"column":8},"end":{"line":140,"column":90}},"type":"if","locations":[{"start":{"line":140,"column":8},"end":{"line":140,"column":90}},{"start":{},"end":{}}],"line":140},"12":{"loc":{"start":{"line":140,"column":12},"end":{"line":140,"column":31}},"type":"binary-expr","locations":[{"start":{"line":140,"column":12},"end":{"line":140,"column":22}},{"start":{"line":140,"column":26},"end":{"line":140,"column":31}}],"line":140},"13":{"loc":{"start":{"line":142,"column":8},"end":{"line":144,"column":9}},"type":"if","locations":[{"start":{"line":142,"column":8},"end":{"line":144,"column":9}},{"start":{},"end":{}}],"line":142},"14":{"loc":{"start":{"line":142,"column":12},"end":{"line":142,"column":78}},"type":"binary-expr","locations":[{"start":{"line":142,"column":12},"end":{"line":142,"column":24}},{"start":{"line":142,"column":28},"end":{"line":142,"column":78}}],"line":142},"15":{"loc":{"start":{"line":151,"column":8},"end":{"line":151,"column":43}},"type":"if","locations":[{"start":{"line":151,"column":8},"end":{"line":151,"column":43}},{"start":{},"end":{}}],"line":151}},"s":{"0":1,"1":1,"2":1,"3":1,"4":1,"5":1,"6":1,"7":1,"8":1,"9":1,"10":5,"11":5,"12":5,"13":5,"14":5,"15":1,"16":4,"17":4,"18":1,"19":4,"20":2,"21":4,"22":4,"23":0,"24":4,"25":51,"26":4,"27":4,"28":0,"29":0,"30":1,"31":1,"32":1,"33":1,"34":1,"35":0,"36":0,"37":0,"38":1,"39":0,"40":0,"41":0,"42":0,"43":0,"44":0,"45":0,"46":0,"47":0,"48":0,"49":0,"50":0,"51":0,"52":0,"53":0,"54":0,"55":0,"56":0,"57":1,"58":0,"59":0,"60":0,"61":0,"62":0,"63":0,"64":0,"65":0,"66":0,"67":0,"68":0,"69":0,"70":0,"71":1},"f":{"0":5,"1":51,"2":1,"3":0,"4":0},"b":{"0":[5,4],"1":[5,3],"2":[1,4],"3":[1,3],"4":[2,2],"5":[0,4],"6":[1,0],"7":[1,0],"8":[0,0],"9":[0,0],"10":[0,0],"11":[0,0],"12":[0,0],"13":[0,0],"14":[0,0],"15":[0,0]},"_coverageSchema":"1a1c01bbd47fc00a2c39e90264f33305004495a9","hash":"c5ca97afa52dec564c905c7f76696bbb4235260f"}
,"C:\\Users\\MKG\\.gemini\\antigravity\\scratch\\clubhub\\backend\\routes\\events.js": {"path":"C:\\Users\\MKG\\.gemini\\antigravity\\scratch\\clubhub\\backend\\routes\\events.js","statementMap":{"0":{"start":{"line":1,"column":16},"end":{"line":1,"column":34}},"1":{"start":{"line":2,"column":15},"end":{"line":2,"column":31}},"2":{"start":{"line":3,"column":17},"end":{"line":3,"column":39}},"3":{"start":{"line":4,"column":30},"end":{"line":4,"column":69}},"4":{"start":{"line":5,"column":31},"end":{"line":5,"column":76}},"5":{"start":{"line":7,"column":18},"end":{"line":7,"column":39}},"6":{"start":{"line":8,"column":16},"end":{"line":8,"column":46}},"7":{"start":{"line":10,"column":0},"end":{"line":26,"column":3}},"8":{"start":{"line":11,"column":4},"end":{"line":25,"column":5}},"9":{"start":{"line":12,"column":27},"end":{"line":12,"column":52}},"10":{"start":{"line":13,"column":8},"end":{"line":13,"column":52}},"11":{"start":{"line":13,"column":24},"end":{"line":13,"column":52}},"12":{"start":{"line":15,"column":32},"end":{"line":18,"column":47}},"13":{"start":{"line":20,"column":8},"end":{"line":20,"column":31}},"14":{"start":{"line":20,"column":19},"end":{"line":20,"column":31}},"15":{"start":{"line":21,"column":8},"end":{"line":21,"column":40}},"16":{"start":{"line":22,"column":8},"end":{"line":22,"column":23}},"17":{"start":{"line":24,"column":8},"end":{"line":24,"column":53}},"18":{"start":{"line":28,"column":0},"end":{"line":45,"column":3}},"19":{"start":{"line":29,"column":4},"end":{"line":44,"column":5}},"20":{"start":{"line":30,"column":25},"end":{"line":30,"column":51}},"21":{"start":{"line":31,"column":27},"end":{"line":31,"column":48}},"22":{"start":{"line":32,"column":8},"end":{"line":32,"column":52}},"23":{"start":{"line":32,"column":24},"end":{"line":32,"column":52}},"24":{"start":{"line":34,"column":32},"end":{"line":37,"column":42}},"25":{"start":{"line":39,"column":8},"end":{"line":39,"column":31}},"26":{"start":{"line":39,"column":19},"end":{"line":39,"column":31}},"27":{"start":{"line":40,"column":8},"end":{"line":40,"column":36}},"28":{"start":{"line":41,"column":8},"end":{"line":41,"column":23}},"29":{"start":{"line":43,"column":8},"end":{"line":43,"column":53}},"30":{"start":{"line":47,"column":0},"end":{"line":65,"column":3}},"31":{"start":{"line":48,"column":79},"end":{"line":48,"column":87}},"32":{"start":{"line":49,"column":4},"end":{"line":64,"column":5}},"33":{"start":{"line":50,"column":32},"end":{"line":57,"column":21}},"34":{"start":{"line":59,"column":8},"end":{"line":59,"column":31}},"35":{"start":{"line":59,"column":19},"end":{"line":59,"column":31}},"36":{"start":{"line":60,"column":8},"end":{"line":60,"column":27}},"37":{"start":{"line":61,"column":8},"end":{"line":61,"column":38}},"38":{"start":{"line":63,"column":8},"end":{"line":63,"column":53}},"39":{"start":{"line":67,"column":0},"end":{"line":93,"column":3}},"40":{"start":{"line":68,"column":4},"end":{"line":92,"column":5}},"41":{"start":{"line":69,"column":51},"end":{"line":73,"column":21}},"42":{"start":{"line":75,"column":8},"end":{"line":75,"column":92}},"43":{"start":{"line":75,"column":34},"end":{"line":75,"column":92}},"44":{"start":{"line":77,"column":8},"end":{"line":79,"column":9}},"45":{"start":{"line":78,"column":12},"end":{"line":78,"column":98}},"46":{"start":{"line":81,"column":39},"end":{"line":84,"column":36}},"47":{"start":{"line":86,"column":8},"end":{"line":86,"column":43}},"48":{"start":{"line":86,"column":25},"end":{"line":86,"column":43}},"49":{"start":{"line":87,"column":8},"end":{"line":87,"column":27}},"50":{"start":{"line":88,"column":8},"end":{"line":88,"column":60}},"51":{"start":{"line":90,"column":8},"end":{"line":90,"column":50}},"52":{"start":{"line":91,"column":8},"end":{"line":91,"column":66}},"53":{"start":{"line":95,"column":0},"end":{"line":95,"column":24}}},"fnMap":{"0":{"name":"(anonymous_0)","decl":{"start":{"line":10,"column":16},"end":{"line":10,"column":17}},"loc":{"start":{"line":10,"column":36},"end":{"line":26,"column":1}},"line":10},"1":{"name":"(anonymous_1)","decl":{"start":{"line":28,"column":27},"end":{"line":28,"column":28}},"loc":{"start":{"line":28,"column":47},"end":{"line":45,"column":1}},"line":28},"2":{"name":"(anonymous_2)","decl":{"start":{"line":47,"column":56},"end":{"line":47,"column":57}},"loc":{"start":{"line":47,"column":76},"end":{"line":65,"column":1}},"line":47},"3":{"name":"(anonymous_3)","decl":{"start":{"line":67,"column":41},"end":{"line":67,"column":42}},"loc":{"start":{"line":67,"column":61},"end":{"line":93,"column":1}},"line":67}},"branchMap":{"0":{"loc":{"start":{"line":13,"column":8},"end":{"line":13,"column":52}},"type":"if","locations":[{"start":{"line":13,"column":8},"end":{"line":13,"column":52}},{"start":{},"end":{}}],"line":13},"1":{"loc":{"start":{"line":20,"column":8},"end":{"line":20,"column":31}},"type":"if","locations":[{"start":{"line":20,"column":8},"end":{"line":20,"column":31}},{"start":{},"end":{}}],"line":20},"2":{"loc":{"start":{"line":32,"column":8},"end":{"line":32,"column":52}},"type":"if","locations":[{"start":{"line":32,"column":8},"end":{"line":32,"column":52}},{"start":{},"end":{}}],"line":32},"3":{"loc":{"start":{"line":39,"column":8},"end":{"line":39,"column":31}},"type":"if","locations":[{"start":{"line":39,"column":8},"end":{"line":39,"column":31}},{"start":{},"end":{}}],"line":39},"4":{"loc":{"start":{"line":59,"column":8},"end":{"line":59,"column":31}},"type":"if","locations":[{"start":{"line":59,"column":8},"end":{"line":59,"column":31}},{"start":{},"end":{}}],"line":59},"5":{"loc":{"start":{"line":75,"column":8},"end":{"line":75,"column":92}},"type":"if","locations":[{"start":{"line":75,"column":8},"end":{"line":75,"column":92}},{"start":{},"end":{}}],"line":75},"6":{"loc":{"start":{"line":75,"column":12},"end":{"line":75,"column":32}},"type":"binary-expr","locations":[{"start":{"line":75,"column":12},"end":{"line":75,"column":22}},{"start":{"line":75,"column":26},"end":{"line":75,"column":32}}],"line":75},"7":{"loc":{"start":{"line":77,"column":8},"end":{"line":79,"column":9}},"type":"if","locations":[{"start":{"line":77,"column":8},"end":{"line":79,"column":9}},{"start":{},"end":{}}],"line":77},"8":{"loc":{"start":{"line":77,"column":12},"end":{"line":77,"column":80}},"type":"binary-expr","locations":[{"start":{"line":77,"column":12},"end":{"line":77,"column":25}},{"start":{"line":77,"column":29},"end":{"line":77,"column":80}}],"line":77},"9":{"loc":{"start":{"line":86,"column":8},"end":{"line":86,"column":43}},"type":"if","locations":[{"start":{"line":86,"column":8},"end":{"line":86,"column":43}},{"start":{},"end":{}}],"line":86}},"s":{"0":0,"1":0,"2":0,"3":0,"4":0,"5":0,"6":0,"7":0,"8":0,"9":0,"10":0,"11":0,"12":0,"13":0,"14":0,"15":0,"16":0,"17":0,"18":0,"19":0,"20":0,"21":0,"22":0,"23":0,"24":0,"25":0,"26":0,"27":0,"28":0,"29":0,"30":0,"31":0,"32":0,"33":0,"34":0,"35":0,"36":0,"37":0,"38":0,"39":0,"40":0,"41":0,"42":0,"43":0,"44":0,"45":0,"46":0,"47":0,"48":0,"49":0,"50":0,"51":0,"52":0,"53":0},"f":{"0":0,"1":0,"2":0,"3":0},"b":{"0":[0,0],"1":[0,0],"2":[0,0],"3":[0,0],"4":[0,0],"5":[0,0],"6":[0,0],"7":[0,0],"8":[0,0],"9":[0,0]}}
[...]
":59},"6":{"loc":{"start":{"line":83,"column":8},"end":{"line":156,"column":9}},"type":"if","locations":[{"start":{"line":83,"column":8},"end":{"line":156,"column":9}},{"start":{"line":148,"column":15},"end":{"line":156,"column":9}}],"line":83},"7":{"loc":{"start":{"line":91,"column":12},"end":{"line":93,"column":13}},"type":"if","locations":[{"start":{"line":91,"column":12},"end":{"line":93,"column":13}},{"start":{},"end":{}}],"line":91},"8":{"loc":{"start":{"line":91,"column":16},"end":{"line":91,"column":69}},"type":"binary-expr","locations":[{"start":{"line":91,"column":16},"end":{"line":91,"column":26}},{"start":{"line":91,"column":30},"end":{"line":91,"column":36}},{"start":{"line":91,"column":40},"end":{"line":91,"column":69}}],"line":91},"9":{"loc":{"start":{"line":102,"column":12},"end":{"line":116,"column":13}},"type":"if","locations":[{"start":{"line":102,"column":12},"end":{"line":116,"column":13}},{"start":{},"end":{}}],"line":102},"10":{"loc":{"start":{"line":111,"column":36},"end":{"line":111,"column":66}},"type":"binary-expr","locations":[{"start":{"line":111,"column":36},"end":{"line":111,"column":58}},{"start":{"line":111,"column":62},"end":{"line":111,"column":66}}],"line":111},"11":{"loc":{"start":{"line":112,"column":44},"end":{"line":112,"column":76}},"type":"binary-expr","locations":[{"start":{"line":112,"column":44},"end":{"line":112,"column":68}},{"start":{"line":112,"column":72},"end":{"line":112,"column":76}}],"line":112},"12":{"loc":{"start":{"line":115,"column":16},"end":{"line":115,"column":90}},"type":"if","locations":[{"start":{"line":115,"column":16},"end":{"line":115,"column":90}},{"start":{},"end":{}}],"line":115},"13":{"loc":{"start":{"line":125,"column":12},"end":{"line":130,"column":13}},"type":"if","locations":[{"start":{"line":125,"column":12},"end":{"line":130,"column":13}},{"start":{},"end":{}}],"line":125},"14":{"loc":{"start":{"line":138,"column":16},"end":{"line":141,"column":17}},"type":"if","locations":[{"start":{"line":138,"column":16},"end":{"line":141,"column":17}},{"start":{},"end":{}}],"line":138},"15":{"loc":{"start":{"line":138,"column":20},"end":{"line":138,"column":42}},"type":"binary-expr","locations":[{"start":{"line":138,"column":20},"end":{"line":138,"column":28}},{"start":{"line":138,"column":32},"end":{"line":138,"column":42}}],"line":138}},"s":{"0":0,"1":0,"2":0,"3":0,"4":0,"5":0,"6":0,"7":0,"8":0,"9":0,"10":0,"11":0,"12":0,"13":0,"14":0,"15":0,"16":0,"17":0,"18":0,"19":0,"20":0,"21":0,"22":0,"23":0,"24":0,"25":0,"26":0,"27":0,"28":0,"29":0,"30":0,"31":0,"32":0,"33":0,"34":0,"35":0,"36":0,"37":0,"38":0,"39":0,"40":0,"41":0,"42":0,"43":0,"44":0,"45":0,"46":0,"47":0,"48":0,"49":0,"50":0,"51":0,"52":0,"53":0,"54":0,"55":0,"56":0,"57":0},"f":{"0":0,"1":0},"b":{"0":[0,0],"1":[0,0,0],"2":[0,0],"3":[0,0],"4":[0,0],"5":[0,0],"6":[0,0],"7":[0,0],"8":[0,0,0],"9":[0,0],"10":[0,0],"11":[0,0],"12":[0,0],"13":[0,0],"14":[0,0],"15":[0,0]}}
,"C:\\Users\\MKG\\.gemini\\antigravity\\scratch\\clubhub\\backend\\routes\\search.js": {"path":"C:\\Users\\MKG\\.gemini\\antigravity\\scratch\\clubhub\\backend\\routes\\search.js","statementMap":{"0":{"start":{"line":1,"column":16},"end":{"line":1,"column":34}},"1":{"start":{"line":2,"column":15},"end":{"line":2,"column":31}},"2":{"start":{"line":3,"column":17},"end":{"line":3,"column":39}},"3":{"start":{"line":5,"column":0},"end":{"line":21,"column":3}},"4":{"start":{"line":6,"column":4},"end":{"line":20,"column":5}},"5":{"start":{"line":7,"column":22},"end":{"line":7,"column":31}},"6":{"start":{"line":8,"column":8},"end":{"line":8,"column":36}},"7":{"start":{"line":8,"column":16},"end":{"line":8,"column":36}},"8":{"start":{"line":10,"column":32},"end":{"line":14,"column":21}},"9":{"start":{"line":16,"column":8},"end":{"line":16,"column":31}},"10":{"start":{"line":16,"column":19},"end":{"line":16,"column":31}},"11":{"start":{"line":17,"column":8},"end":{"line":17,"column":40}},"12":{"start":{"line":17,"column":31},"end":{"line":17,"column":37}},"13":{"start":{"line":19,"column":8},"end":{"line":19,"column":57}},"14":{"start":{"line":23,"column":0},"end":{"line":23,"column":24}}},"fnMap":{"0":{"name":"(anonymous_0)","decl":{"start":{"line":5,"column":27},"end":{"line":5,"column":28}},"loc":{"start":{"line":5,"column":47},"end":{"line":21,"column":1}},"line":5},"1":{"name":"(anonymous_1)","decl":{"start":{"line":17,"column":26},"end":{"line":17,"column":27}},"loc":{"start":{"line":17,"column":31},"end":{"line":17,"column":37}},"line":17}},"branchMap":{"0":{"loc":{"start":{"line":8,"column":8},"end":{"line":8,"column":36}},"type":"if","locations":[{"start":{"line":8,"column":8},"end":{"line":8,"column":36}},{"start":{},"end":{}}],"line":8},"1":{"loc":{"start":{"line":16,"column":8},"end":{"line":16,"column":31}},"type":"if","locations":[{"start":{"line":16,"column":8},"end":{"line":16,"column":31}},{"start":{},"end":{}}],"line":16}},"s":{"0":0,"1":0,"2":0,"3":0,"4":0,"5":0,"6":0,"7":0,"8":0,"9":0,"10":0,"11":0,"12":0,"13":0,"14":0},"f":{"0":0,"1":0},"b":{"0":[0,0],"1":[0,0]}}
,"C:\\Users\\MKG\\.gemini\\antigravity\\scratch\\clubhub\\backend\\routes\\users.js": {"path":"C:\\Users\\MKG\\.gemini\\antigravity\\scratch\\clubhub\\backend\\routes\\users.js","statementMap":{"0":{"start":{"line":1,"column":16},"end":{"line":1,"column":34}},"1":{"start":{"line":2,"column":15},"end":{"line":2,"column":31}},"2":{"start":{"line":3,"column":17},"end":{"line":3,"column":39}},"3":{"start":{"line":4,"column":30},"end":{"line":4,"column":69}},"4":{"start":{"line":6,"column":0},"end":{"line":34,"column":3}},"5":{"start":{"line":7,"column":4},"end":{"line":33,"column":5}},"6":{"start":{"line":8,"column":39},"end":{"line":12,"column":47}},"7":{"start":{"line":14,"column":8},"end":{"line":14,"column":31}},"8":{"start":{"line":14,"column":19},"end":{"line":14,"column":31}},"9":{"start":{"line":16,"column":28},"end":{"line":27,"column":11}},"10":{"start":{"line":16,"column":44},"end":{"line":27,"column":9}},"11":{"start":{"line":29,"column":8},"end":{"line":29,"column":30}},"12":{"start":{"line":31,"column":8},"end":{"line":31,"column":52}},"13":{"start":{"line":32,"column":8},"end":{"line":32,"column":70}},"14":{"start":{"line":36,"column":0},"end":{"line":50,"column":3}},"15":{"start":{"line":37,"column":4},"end":{"line":49,"column":5}},"16":{"start":{"line":38,"column":40},"end":{"line":42,"column":47}},"17":{"start":{"line":44,"column":8},"end":{"line":44,"column":31}},"18":{"start":{"line":44,"column":19},"end":{"line":44,"column":31}},"19":{"start":{"line":45,"column":8},"end":{"line":45,"column":25}},"20":{"start":{"line":47,"column":8},"end":{"line":47,"column":53}},"21":{"start":{"line":48,"column":8},"end":{"line":48,"column":71}},"22":{"start":{"line":52,"column":0},"end":{"line":52,"column":24}}},"fnMap":{"0":{"name":"(anonymous_0)","decl":{"start":{"line":6,"column":40},"end":{"line":6,"column":41}},"loc":{"start":{"line":6,"column":60},"end":{"line":34,"column":1}},"line":6},"1":{"name":"(anonymous_1)","decl":{"start":{"line":16,"column":38},"end":{"line":16,"column":39}},"loc":{"start":{"line":16,"column":44},"end":{"line":27,"column":9}},"line":16},"2":{"name":"(anonymous_2)","decl":{"start":{"line":36,"column":41},"end":{"line":36,"column":42}},"loc":{"start":{"line":36,"column":61},"end":{"line":50,"column":1}},"line":36}},"branchMap":{"0":{"loc":{"start":{"line":14,"column":8},"end":{"line":14,"column":31}},"type":"if","locations":[{"start":{"line":14,"column":8},"end":{"line":14,"column":31}},{"start":{},"end":{}}],"line":14},"1":{"loc":{"start":{"line":44,"column":8},"end":{"line":44,"column":31}},"type":"if","locations":[{"start":{"line":44,"column":8},"end":{"line":44,"column":31}},{"start":{},"end":{}}],"line":44}},"s":{"0":0,"1":0,"2":0,"3":0,"4":0,"5":0,"6":0,"7":0,"8":0,"9":0,"10":0,"11":0,"12":0,"13":0,"14":0,"15":0,"16":0,"17":0,"18":0,"19":0,"20":0,"21":0,"22":0},"f":{"0":0,"1":0,"2":0},"b":{"0":[0,0],"1":[0,0]}}
,"C:\\Users\\MKG\\.gemini\\antigravity\\scratch\\clubhub\\backend\\utils\\email.js": {"path":"C:\\Users\\MKG\\.gemini\\antigravity\\scratch\\clubhub\\backend\\utils\\email.js","statementMap":{"0":{"start":{"line":1,"column":19},"end":{"line":1,"column":36}},"1":{"start":{"line":4,"column":15},"end":{"line":4,"column":77}},"2":{"start":{"line":6,"column":24},"end":{"line":56,"column":1}},"3":{"start":{"line":7,"column":4},"end":{"line":55,"column":5}},"4":{"start":{"line":8,"column":8},"end":{"line":11,"column":9}},"5":{"start":{"line":9,"column":12},"end":{"line":9,"column":81}},"6":{"start":{"line":10,"column":12},"end":{"line":10,"column":25}},"7":{"start":{"line":13,"column":26},"end":{"line":36,"column":9}},"8":{"start":{"line":38,"column":32},"end":{"line":43,"column":10}},"9":{"start":{"line":45,"column":8},"end":{"line":48,"column":9}},"10":{"start":{"line":46,"column":12},"end":{"line":46,"column":54}},"11":{"start":{"line":47,"column":12},"end":{"line":47,"column":25}},"12":{"start":{"line":50,"column":8},"end":{"line":50,"column":54}},"13":{"start":{"line":51,"column":8},"end":{"line":51,"column":20}},"14":{"start":{"line":53,"column":8},"end":{"line":53,"column":52}},"15":{"start":{"line":54,"column":8},"end":{"line":54,"column":21}},"16":{"start":{"line":58,"column":21},"end":{"line":99,"column":1}},"17":{"start":{"line":59,"column":4},"end":{"line":98,"column":5}},"18":{"start":{"line":60,"column":8},"end":{"line":63,"column":9}},"19":{"start":{"line":61,"column":12},"end":{"line":61,"column":95}},"20":{"start":{"line":62,"column":12},"end":{"line":62,"column":24}},"21":{"start":{"line":65,"column":26},"end":{"line":81,"column":9}},"22":{"start":{"line":83,"column":32},"end":{"line":88,"column":10}},"23":{"start":{"line":90,"column":8},"end":{"line":93,"column":9}},"24":{"start":{"line":91,"column":12},"end":{"line":91,"column":54}},"25":{"start":{"line":92,"column":12},"end":{"line":92,"column":25}},"26":{"start":{"line":94,"column":8},"end":{"line":94,"column":20}},"27":{"start":{"line":96,"column":8},"end":{"line":96,"column":56}},"28":{"start":{"line":97,"column":8},"end":{"line":97,"column":21}},"29":{"start":{"line":101,"column":31},"end":{"line":144,"column":1}},"30":{"start":{"line":102,"column":4},"end":{"line":143,"column":5}},"31":{"start":{"line":103,"column":8},"end":{"line":106,"column":9}},"32":{"start":{"line":104,"column":12},"end":{"line":104,"column":88}},"33":{"start":{"line":105,"column":12},"end":{"line":105,"column":24}},"34":{"start":{"line":108,"column":26},"end":{"line":126,"column":9}},"35":{"start":{"line":128,"column":32},"end":{"line":133,"column":10}},"36":{"start":{"line":135,"column":8},"end":{"line":138,"column":9}},"37":{"start":{"line":136,"column":12},"end":{"line":136,"column":71}},"38":{"start":{"line":137,"column":12},"end":{"line":137,"column":25}},"39":{"start":{"line":139,"column":8},"end":{"line":139,"column":20}},"40":{"start":{"line":141,"column":8},"end":{"line":141,"column":67}},"41":{"start":{"line":142,"column":8},"end":{"line":142,"column":21}},"42":{"start":{"line":146,"column":0},"end":{"line":150,"column":2}}},"fnMap":{"0":{"name":"(anonymous_0)","decl":{"start":{"line":6,"column":24},"end":{"line":6,"column":25}},"loc":{"start":{"line":6,"column":84},"end":{"line":56,"column":1}},"line":6},"1":{"name":"(anonymous_1)","decl":{"start":{"line":58,"column":21},"end":{"line":58,"column":22}},"loc":{"start":{"line":58,"column":51},"end":{"line":99,"column":1}},"line":58},"2":{"name":"(anonymous_2)","decl":{"start":{"line":101,"column":31},"end":{"line":101,"column":32}},"loc":{"start":{"line":101,"column":63},"end":{"line":144,"column":1}},"line":101}},"branchMap":{"0":{"loc":{"start":{"line":4,"column":26},"end":{"line":4,"column":76}},"type":"binary-expr","locations":[{"start":{"line":4,"column":26},"end":{"line":4,"column":52}},{"start":{"line":4,"column":56},"end":{"line":4,"column":76}}],"line":4},"1":{"loc":{"start":{"line":8,"column":8},"end":{"line":11,"column":9}},"type":"if","locations":[{"start":{"line":8,"column":8},"end":{"line":11,"column":9}},{"start":{},"end":{}}],"line":8},"2":{"loc":{"start":{"line":19,"column":71},"end":{"line":19,"column":91}},"type":"binary-expr","locations":[{"start":{"line":19,"column":71},"end":{"line":19,"column":79}},{"start":{"line":19,"column":83},"end":{"line":19,"column":91}}],"line":19},"3":{"loc":{"start":{"line":45,"column":8},"end":{"line":48,"column":9}},"type":"if","locations":[{"start":{"line":45,"column":8},"end":{"line":48,"column":9}},{"start":{},"end":{}}],"line":45},"4":{"loc":{"start":{"line":60,"column":8},"end":{"line":63,"column":9}},"type":"if","locations":[{"start":{"line":60,"column":8},"end":{"line":63,"column":9}},{"start":{},"end":{}}],"line":60},"5":{"loc":{"start":{"line":90,"column":8},"end":{"line":93,"column":9}},"type":"if","locations":[{"start":{"line":90,"column":8},"end":{"line":93,"column":9}},{"start":{},"end":{}}],"line":90},"6":{"loc":{"start":{"line":103,"column":8},"end":{"line":106,"column":9}},"type":"if","locations":[{"start":{"line":103,"column":8},"end":{"line":106,"column":9}},{"start":{},"end":{}}],"line":103},"7":{"loc":{"start":{"line":135,"column":8},"end":{"line":138,"column":9}},"type":"if","locations":[{"start":{"line":135,"column":8},"end":{"line":138,"column":9}},{"start":{},"end":{}}],"line":135}},"s":{"0":1,"1":1,"2":1,"3":0,"4":0,"5":0,"6":0,"7":0,"8":0,"9":0,"10":0,"11":0,"12":0,"13":0,"14":0,"15":0,"16":1,"17":0,"18":0,"19":0,"20":0,"21":0,"22":0,"23":0,"24":0,"25":0,"26":0,"27":0,"28":0,"29":1,"30":0,"31":0,"32":0,"33":0,"34":0,"35":0,"36":0,"37":0,"38":0,"39":0,"40":0,"41":0,"42":1},"f":{"0":0,"1":0,"2":0},"b":{"0":[1,0],"1":[0,0],"2":[0,0],"3":[0,0],"4":[0,0],"5":[0,0],"6":[0,0],"7":[0,0]},"_coverageSchema":"1a1c01bbd47fc00a2c39e90264f33305004495a9","hash":"dff8633538730f2f5f7ed3267fc661fd75bc18f4"}
,"C:\\Users\\MKG\\.gemini\\antigravity\\scratch\\clubhub\\backend\\utils\\logger.js": {"path":"C:\\Users\\MKG\\.gemini\\antigravity\\scratch\\clubhub\\backend\\utils\\logger.js","statementMap":{"0":{"start":{"line":12,"column":18},"end":{"line":17,"column":1}},"1":{"start":{"line":13,"column":4},"end":{"line":13,"column":64}},"2":{"start":{"line":13,"column":45},"end":{"line":13,"column":64}},"3":{"start":{"line":14,"column":28},"end":{"line":14,"column":44}},"4":{"start":{"line":15,"column":4},"end":{"line":15,"column":36}},"5":{"start":{"line":15,"column":17},"end":{"line":15,"column":36}},"6":{"start":{"line":16,"column":4},"end":{"line":16,"column":38}},"7":{"start":{"line":22,"column":14},"end":{"line":28,"column":1}},"8":{"start":{"line":23,"column":4},"end":{"line":27,"column":6}},"9":{"start":{"line":36,"column":20},"end":{"line":57,"column":1}},"10":{"start":{"line":37,"column":21},"end":{"line":50,"column":5}},"11":{"start":{"line":53,"column":4},"end":{"line":53,"column":42}},"12":{"start":{"line":60,"column":24},"end":{"line":80,"column":1}},"13":{"start":{"line":82,"column":0},"end":{"line":82,"column":68}}},"fnMap":{"0":{"name":"(anonymous_0)","decl":{"start":{"line":12,"column":18},"end":{"line":12,"column":19}},"loc":{"start":{"line":12,"column":29},"end":{"line":17,"column":1}},"line":12},"1":{"name":"(anonymous_1)","decl":{"start":{"line":22,"column":14},"end":{"line":22,"column":15}},"loc":{"start":{"line":22,"column":23},"end":{"line":28,"column":1}},"line":22},"2":{"name":"(anonymous_2)","decl":{"start":{"line":36,"column":20},"end":{"line":36,"column":21}},"loc":{"start":{"line":36,"column":57},"end":{"line":57,"column":1}},"line":36}},"branchMap":{"0":{"loc":{"start":{"line":13,"column":4},"end":{"line":13,"column":64}},"type":"if","locations":[{"start":{"line":13,"column":4},"end":{"line":13,"column":64}},{"start":{},"end":{}}],"line":13},"1":{"loc":{"start":{"line":13,"column":8},"end":{"line":13,"column":43}},"type":"binary-expr","locations":[{"start":{"line":13,"column":8},"end":{"line":13,"column":14}},{"start":{"line":13,"column":18},"end":{"line":13,"column":43}}],"line":13},"2":{"loc":{"start":{"line":15,"column":4},"end":{"line":15,"column":36}},"type":"if","locations":[{"start":{"line":15,"column":4},"end":{"line":15,"column":36}},{"start":{},"end":{}}],"line":15},"3":{"loc":{"start":{"line":24,"column":8},"end":{"line":26,"column":17}},"type":"binary-expr","locations":[{"start":{"line":24,"column":8},"end":{"line":24,"column":61}},{"start":{"line":25,"column":8},"end":{"line":25,"column":33}},{"start":{"line":26,"column":8},"end":{"line":26,"column":17}}],"line":24},"4":{"loc":{"start":{"line":36,"column":28},"end":{"line":36,"column":40}},"type":"default-arg","locations":[{"start":{"line":36,"column":38},"end":{"line":36,"column":40}}],"line":36},"5":{"loc":{"start":{"line":36,"column":42},"end":{"line":36,"column":52}},"type":"default-arg","locations":[{"start":{"line":36,"column":48},"end":{"line":36,"column":52}}],"line":36},"6":{"loc":{"start":{"line":40,"column":12},"end":{"line":40,"column":50}},"type":"cond-expr","locations":[{"start":{"line":40,"column":18},"end":{"line":40,"column":28}},{"start":{"line":40,"column":31},"end":{"line":40,"column":50}}],"line":40},"7":{"loc":{"start":{"line":40,"column":31},"end":{"line":40,"column":50}},"type":"binary-expr","locations":[{"start":{"line":40,"column":31},"end":{"line":40,"column":41}},{"start":{"line":40,"column":45},"end":{"line":40,"column":50}}],"line":40},"8":{"loc":{"start":{"line":41,"column":19},"end":{"line":41,"column":73}},"type":"cond-expr","locations":[{"start":{"line":41,"column":26},"end":{"line":41,"column":64}},{"start":{"line":41,"column":68},"end":{"line":41,"column":73}}],"line":41},"9":{"loc":{"start":{"line":41,"column":26},"end":{"line":41,"column":64}},"type":"binary-expr","locations":[{"start":{"line":41,"column":26},"end":{"line":41,"column":51}},{"start":{"line":41,"column":55},"end":{"line":41,"column":64}}],"line":41},"10":{"loc":{"start":{"line":43,"column":12},"end":{"line":43,"column":64}},"type":"binary-expr","locations":[{"start":{"line":43,"column":12},"end":{"line":43,"column":25}},{"start":{"line":43,"column":29},"end":{"line":43,"column":64}}],"line":43},"11":{"loc":{"start":{"line":44,"column":12},"end":{"line":44,"column":56}},"type":"binary-expr","locations":[{"start":{"line":44,"column":12},"end":{"line":44,"column":26}},{"start":{"line":44,"column":30},"end":{"line":44,"column":56}}],"line":44},"12":{"loc":{"start":{"line":45,"column":12},"end":{"line":45,"column":56}},"type":"binary-expr","locations":[{"start":{"line":45,"column":12},"end":{"line":45,"column":26}},{"start":{"line":45,"column":30},"end":{"line":45,"column":56}}],"line":45},"13":{"loc":{"start":{"line":46,"column":12},"end":{"line":46,"column":56}},"type":"binary-expr","locations":[{"start":{"line":46,"column":12},"end":{"line":46,"column":26}},{"start":{"line":46,"column":30},"end":{"line":46,"column":56}}],"line":46},"14":{"loc":{"start":{"line":47,"column":12},"end":{"line":47,"column":50}},"type":"binary-expr","locations":[{"start":{"line":47,"column":12},"end":{"line":47,"column":24}},{"start":{"line":47,"column":28},"end":{"line":47,"column":50}}],"line":47},"15":{"loc":{"start":{"line":48,"column":12},"end":{"line":48,"column":62}},"type":"binary-expr","locations":[{"start":{"line":48,"column":12},"end":{"line":48,"column":28}},{"start":{"line":48,"column":32},"end":{"line":48,"column":62}}],"line":48},"16":{"loc":{"start":{"line":49,"column":12},"end":{"line":49,"column":62}},"type":"binary-expr","locations":[{"start":{"line":49,"column":12},"end":{"line":49,"column":28}},{"start":{"line":49,"column":32},"end":{"line":49,"column":62}}],"line":49}},"s":{"0":2,"1":5,"2":0,"3":5,"4":5,"5":0,"6":5,"7":2,"8":5,"9":2,"10":5,"11":5,"12":2,"13":2},"f":{"0":5,"1":5,"2":5},"b":{"0":[0,5],"1":[5,5],"2":[0,5],"3":[5,5,0],"4":[0],"5":[0],"6":[5,0],"7":[0,0],"8":[5,0],"9":[5,5],"10":[5,5],"11":[5,2],"12":[5,0],"13":[5,0],"14":[5,0],"15":[5,0],"16":[5,0]},"_coverageSchema":"1a1c01bbd47fc00a2c39e90264f33305004495a9","hash":"f26d722ba00023cc9ddc14a1c4cd021dbd950af0"}
}
