TN:
SF:middleware\authMiddleware.js
FN:11,(anonymous_0)
FN:58,(anonymous_1)
FN:60,(anonymous_2)
FNF:3
FNH:1
FNDA:0,(anonymous_0)
FNDA:2,(anonymous_1)
FNDA:0,(anonymous_2)
DA:1,2
DA:2,2
DA:3,2
DA:4,2
DA:11,2
DA:12,0
DA:13,0
DA:14,0
DA:15,0
DA:19,0
DA:20,0
DA:22,0
DA:26,0
DA:27,0
DA:33,0
DA:34,0
DA:37,0
DA:38,0
DA:42,0
DA:46,0
DA:47,0
DA:58,2
DA:61,0
DA:62,0
DA:69,0
DA:71,0
DA:78,2
DA:80,2
LF:28
LH:8
BRDA:2,0,0,2
BRDA:2,0,1,0
BRDA:13,1,0,0
BRDA:13,1,1,0
BRDA:14,2,0,0
BRDA:14,2,1,0
BRDA:26,3,0,0
BRDA:26,3,1,0
BRDA:33,4,0,0
BRDA:33,4,1,0
BRDA:33,5,0,0
BRDA:33,5,1,0
BRDA:37,6,0,0
BRDA:37,6,1,0
BRDA:61,7,0,0
BRDA:61,7,1,0
BRF:16
BRH:1
end_of_record
TN:
SF:middleware\validationMiddleware.js
FN:15,(anonymous_0)
FN:51,(anonymous_1)
FN:75,(anonymous_2)
FN:89,(anonymous_3)
FN:111,(anonymous_4)
FNF:5
FNH:2
FNDA:1,(anonymous_0)
FNDA:0,(anonymous_1)
FNDA:5,(anonymous_2)
FNDA:0,(anonymous_3)
FNDA:0,(anonymous_4)
DA:6,2
DA:7,2
DA:8,2
DA:9,2
DA:15,2
DA:16,1
DA:18,1
DA:19,1
DA:20,0
DA:24,1
DA:25,1
DA:26,0
DA:31,1
DA:32,0
DA:36,1
DA:37,1
DA:38,0
DA:40,1
DA:41,0
DA:45,1
DA:51,2
DA:52,0
DA:54,0
DA:55,0
DA:58,0
DA:59,0
DA:64,0
DA:65,0
DA:68,0
DA:75,2
DA:76,5
DA:77,5
DA:78,11
DA:79,11
DA:83,5
DA:89,2
DA:90,0
DA:92,0
DA:93,0
DA:95,0
DA:96,0
DA:98,0
DA:99,0
DA:101,0
DA:102,0
DA:105,0
DA:111,2
DA:112,0
DA:114,0
DA:115,0
DA:117,0
DA:118,0
DA:120,0
DA:121,0
DA:124,0
DA:127,2
LF:56
LH:25
BRDA:18,0,0,1
BRDA:18,0,1,0
BRDA:19,1,0,0
BRDA:19,1,1,1
BRDA:19,2,0,1
BRDA:19,2,1,1
BRDA:24,3,0,1
BRDA:24,3,1,0
BRDA:25,4,0,0
BRDA:25,4,1,1
BRDA:25,5,0,1
BRDA:25,5,1,1
BRDA:31,6,0,0
BRDA:31,6,1,1
BRDA:36,7,0,1
BRDA:36,7,1,0
BRDA:37,8,0,0
BRDA:37,8,1,1
BRDA:37,9,0,1
BRDA:37,9,1,1
BRDA:40,10,0,0
BRDA:40,10,1,1
BRDA:54,11,0,0
BRDA:54,11,1,0
BRDA:54,12,0,0
BRDA:54,12,1,0
BRDA:54,12,2,0
BRDA:58,13,0,0
BRDA:58,13,1,0
BRDA:58,14,0,0
BRDA:58,14,1,0
BRDA:58,14,2,0
BRDA:64,15,0,0
BRDA:64,15,1,0
BRDA:76,16,0,5
BRDA:76,16,1,0
BRDA:76,17,0,5
BRDA:76,17,1,5
BRDA:78,18,0,11
BRDA:78,18,1,0
BRDA:92,19,0,0
BRDA:92,19,1,0
BRDA:92,20,0,0
BRDA:92,20,1,0
BRDA:95,21,0,0
BRDA:95,21,1,0
BRDA:98,22,0,0
BRDA:98,22,1,0
BRDA:98,23,0,0
BRDA:98,23,1,0
BRDA:101,24,0,0
BRDA:101,24,1,0
BRDA:101,25,0,0
BRDA:101,25,1,0
BRDA:114,26,0,0
BRDA:114,26,1,0
BRDA:114,27,0,0
BRDA:114,27,1,0
BRDA:117,28,0,0
BRDA:117,28,1,0
BRDA:120,29,0,0
BRDA:120,29,1,0
BRF:62
BRH:18
end_of_record
TN:
SF:routes\admin.js
FN:11,(anonymous_0)
FN:18,(anonymous_1)
FN:32,(anonymous_2)
FN:45,(anonymous_3)
FN:58,(anonymous_4)
FN:69,(anonymous_5)
FNF:6
FNH:0
FNDA:0,(anonymous_0)
FNDA:0,(anonymous_1)
FNDA:0,(anonymous_2)
FNDA:0,(anonymous_3)
FNDA:0,(anonymous_4)
FNDA:0,(anonymous_5)
DA:1,0
DA:2,0
DA:3,0
DA:4,0
DA:5,0
DA:9,0
DA:11,0
DA:12,0
DA:13,0
DA:14,0
DA:15,0
DA:17,0
DA:18,0
DA:20,0
DA:27,0
DA:28,0
DA:32,0
DA:33,0
DA:34,0
DA:38,0
DA:39,0
DA:41,0
DA:45,0
DA:46,0
DA:47,0
DA:51,0
DA:52,0
DA:54,0
DA:58,0
DA:59,0
DA:60,0
DA:61,0
DA:62,0
DA:63,0
DA:65,0
DA:69,0
DA:70,0
DA:71,0
DA:72,0
DA:73,0
DA:79,0
DA:80,0
DA:82,0
DA:86,0
LF:44
LH:0
BRDA:18,0,0,0
BRDA:18,0,1,0
BRDA:18,1,0,0
BRDA:18,1,1,0
BRDA:21,2,0,0
BRDA:21,2,1,0
BRDA:22,3,0,0
BRDA:22,3,1,0
BRDA:23,4,0,0
BRDA:23,4,1,0
BRDA:38,5,0,0
BRDA:38,5,1,0
BRDA:51,6,0,0
BRDA:51,6,1,0
BRDA:62,7,0,0
BRDA:62,7,1,0
BRDA:79,8,0,0
BRDA:79,8,1,0
BRF:18
BRH:0
end_of_record
TN:
SF:routes\auth.js
FN:36,(anonymous_0)
FN:74,(anonymous_1)
FN:90,(anonymous_2)
FN:113,(anonymous_3)
FN:178,(anonymous_4)
FN:244,(anonymous_5)
FN:300,(anonymous_6)
FN:363,(anonymous_7)
FN:420,(anonymous_8)
FN:491,(anonymous_9)
FN:553,(anonymous_10)
FN:592,(anonymous_11)
FN:636,(anonymous_12)
FNF:13
FNH:4
FNDA:0,(anonymous_0)
FNDA:2,(anonymous_1)
FNDA:1,(anonymous_2)
FNDA:0,(anonymous_3)
FNDA:1,(anonymous_4)
FNDA:4,(anonymous_5)
FNDA:0,(anonymous_6)
FNDA:0,(anonymous_7)
FNDA:0,(anonymous_8)
FNDA:0,(anonymous_9)
FNDA:0,(anonymous_10)
FNDA:0,(anonymous_11)
FNDA:0,(anonymous_12)
DA:1,1
DA:2,1
DA:3,1
DA:4,1
DA:5,1
DA:6,1
DA:7,1
DA:8,1
DA:9,1
DA:10,1
DA:12,1
DA:13,1
DA:15,1
DA:16,1
DA:18,1
DA:30,1
DA:37,0
DA:41,0
DA:46,1
DA:53,1
DA:68,1
DA:74,2
DA:90,1
DA:91,1
DA:92,1
DA:93,1
DA:95,0
DA:96,0
DA:98,0
DA:99,0
DA:100,0
DA:103,0
DA:105,0
DA:107,0
DA:108,0
DA:113,1
DA:114,0
DA:115,0
DA:116,0
DA:118,0
DA:120,0
DA:121,0
DA:122,0
DA:126,0
DA:128,0
DA:134,0
DA:136,0
DA:137,0
DA:139,0
DA:145,0
DA:146,0
DA:148,0
DA:157,0
DA:159,0
DA:160,0
DA:165,0
DA:166,0
DA:178,1
DA:179,1
DA:180,1
DA:181,1
DA:183,1
DA:185,1
DA:191,1
DA:194,1
DA:199,0
DA:200,0
DA:202,0
DA:215,0
DA:217,0
DA:225,0
DA:229,0
DA:230,0
DA:244,1
DA:245,4
DA:246,4
DA:248,4
DA:249,0
DA:252,4
DA:265,4
DA:266,4
DA:268,4
DA:269,2
DA:271,2
DA:274,2
DA:275,0
DA:278,2
DA:280,2
DA:281,2
DA:286,0
DA:287,0
DA:295,1
DA:296,1
DA:300,1
DA:301,0
DA:302,0
DA:304,0
DA:308,0
DA:310,0
DA:311,0
DA:312,0
DA:314,0
DA:320,0
DA:321,0
DA:322,0
DA:328,0
DA:329,0
DA:331,0
DA:338,0
DA:339,0
DA:342,0
DA:344,0
DA:345,0
DA:350,0
DA:351,0
DA:363,1
DA:364,0
DA:365,0
DA:366,0
DA:368,0
DA:371,0
DA:375,0
DA:381,0
DA:383,0
DA:387,0
DA:388,0
DA:389,0
DA:392,0
DA:395,0
DA:402,0
DA:403,0
DA:405,0
DA:407,0
DA:408,0
DA:420,1
DA:421,0
DA:422,0
DA:425,0
DA:427,0
DA:434,0
DA:435,0
DA:436,0
DA:439,0
DA:440,0
DA:444,0
DA:447,0
DA:448,0
DA:452,0
DA:455,0
DA:458,0
DA:464,0
DA:466,0
DA:472,0
DA:477,0
DA:479,0
DA:481,0
DA:482,0
DA:491,1
DA:492,0
DA:493,0
DA:499,0
DA:501,0
DA:507,0
DA:508,0
DA:520,0
DA:521,0
DA:525,0
DA:547,0
DA:548,0
DA:553,1
DA:554,0
DA:555,0
DA:557,0
DA:558,0
DA:559,0
DA:563,0
DA:566,0
DA:576,0
DA:578,0
DA:580,0
DA:581,0
DA:592,1
DA:593,0
DA:594,0
DA:596,0
DA:597,0
DA:600,0
DA:606,0
DA:608,0
DA:609,0
DA:611,0
DA:614,0
DA:616,0
DA:621,0
DA:623,0
DA:625,0
DA:627,0
DA:628,0
DA:636,1
DA:637,0
DA:638,0
DA:640,0
DA:646,0
DA:648,0
DA:649,0
DA:651,0
DA:656,0
DA:658,0
DA:660,0
DA:661,0
DA:665,1
LF:211
LH:57
BRDA:12,0,0,1
BRDA:12,0,1,0
BRDA:13,1,0,1
BRDA:13,1,1,0
BRDA:78,2,0,2
BRDA:78,2,1,0
BRDA:79,3,0,2
BRDA:79,3,1,0
BRDA:93,4,0,1
BRDA:93,4,1,0
BRDA:99,5,0,0
BRDA:99,5,1,0
BRDA:116,6,0,0
BRDA:116,6,1,0
BRDA:116,7,0,0
BRDA:116,7,1,0
BRDA:120,8,0,0
BRDA:120,8,1,0
BRDA:120,9,0,0
BRDA:120,9,1,0
BRDA:134,10,0,0
BRDA:134,10,1,0
BRDA:134,11,0,0
BRDA:134,11,1,0
BRDA:137,12,0,0
BRDA:137,12,1,0
BRDA:145,13,0,0
BRDA:145,13,1,0
BRDA:162,14,0,0
BRDA:162,14,1,0
BRDA:191,15,0,1
BRDA:191,15,1,0
BRDA:200,16,0,0
BRDA:200,16,1,0
BRDA:215,17,0,0
BRDA:215,17,1,0
BRDA:248,18,0,0
BRDA:248,18,1,4
BRDA:248,19,0,4
BRDA:248,19,1,4
BRDA:265,20,0,3
BRDA:265,20,1,1
BRDA:265,21,0,4
BRDA:265,21,1,3
BRDA:268,22,0,2
BRDA:268,22,1,2
BRDA:268,23,0,4
BRDA:268,23,1,3
BRDA:268,23,2,3
BRDA:274,24,0,0
BRDA:274,24,1,2
BRDA:283,25,0,2
BRDA:283,25,1,0
BRDA:297,26,0,1
BRDA:297,26,1,1
BRDA:306,27,0,0
BRDA:306,27,1,0
BRDA:320,28,0,0
BRDA:320,28,1,0
BRDA:320,29,0,0
BRDA:320,29,1,0
BRDA:321,30,0,0
BRDA:321,30,1,0
BRDA:328,31,0,0
BRDA:328,31,1,0
BRDA:334,32,0,0
BRDA:334,32,1,0
BRDA:338,33,0,0
BRDA:338,33,1,0
BRDA:347,34,0,0
BRDA:347,34,1,0
BRDA:366,35,0,0
BRDA:366,35,1,0
BRDA:381,36,0,0
BRDA:381,36,1,0
BRDA:434,37,0,0
BRDA:434,37,1,0
BRDA:434,38,0,0
BRDA:434,38,1,0
BRDA:439,39,0,0
BRDA:439,39,1,0
BRDA:447,40,0,0
BRDA:447,40,1,0
BRDA:464,41,0,0
BRDA:464,41,1,0
BRDA:499,42,0,0
BRDA:499,42,1,0
BRDA:499,43,0,0
BRDA:499,43,1,0
BRDA:507,44,0,0
BRDA:507,44,1,0
BRDA:507,45,0,0
BRDA:507,45,1,0
BRDA:520,46,0,0
BRDA:520,46,1,0
BRDA:520,47,0,0
BRDA:520,47,1,0
BRDA:530,48,0,0
BRDA:530,48,1,0
BRDA:534,49,0,0
BRDA:534,49,1,0
BRDA:535,50,0,0
BRDA:535,50,1,0
BRDA:536,51,0,0
BRDA:536,51,1,0
BRDA:537,52,0,0
BRDA:537,52,1,0
BRDA:557,53,0,0
BRDA:557,53,1,0
BRDA:558,54,0,0
BRDA:558,54,1,0
BRDA:563,55,0,0
BRDA:563,55,1,0
BRDA:576,56,0,0
BRDA:576,56,1,0
BRDA:596,57,0,0
BRDA:596,57,1,0
BRDA:596,58,0,0
BRDA:596,58,1,0
BRDA:606,59,0,0
BRDA:606,59,1,0
BRDA:606,60,0,0
BRDA:606,60,1,0
BRDA:609,61,0,0
BRDA:609,61,1,0
BRDA:614,62,0,0
BRDA:614,62,1,0
BRDA:621,63,0,0
BRDA:621,63,1,0
BRDA:646,64,0,0
BRDA:646,64,1,0
BRDA:646,65,0,0
BRDA:646,65,1,0
BRDA:649,66,0,0
BRDA:649,66,1,0
BRDA:656,67,0,0
BRDA:656,67,1,0
BRF:137
BRH:22
end_of_record
TN:
SF:routes\clubs.js
FN:17,(anonymous_0)
FN:38,(anonymous_1)
FN:62,(anonymous_2)
FN:94,(anonymous_3)
FN:132,(anonymous_4)
FNF:5
FNH:3
FNDA:5,(anonymous_0)
FNDA:51,(anonymous_1)
FNDA:1,(anonymous_2)
FNDA:0,(anonymous_3)
FNDA:0,(anonymous_4)
DA:1,1
DA:2,1
DA:3,1
DA:4,1
DA:5,1
DA:6,1
DA:7,1
DA:10,1
DA:12,1
DA:17,1
DA:18,5
DA:19,5
DA:22,5
DA:23,5
DA:25,5
DA:26,1
DA:29,4
DA:31,4
DA:32,4
DA:34,4
DA:36,4
DA:38,51
DA:53,4
DA:54,4
DA:56,0
DA:57,0
DA:62,1
DA:63,1
DA:64,1
DA:70,1
DA:72,0
DA:87,0
DA:89,0
DA:94,1
DA:95,0
DA:96,0
DA:98,0
DA:99,0
DA:100,0
DA:101,0
DA:102,0
DA:103,0
DA:104,0
DA:105,0
DA:108,0
DA:112,0
DA:122,0
DA:123,0
DA:124,0
DA:126,0
DA:127,0
DA:132,1
DA:133,0
DA:134,0
DA:140,0
DA:142,0
DA:143,0
DA:146,0
DA:151,0
DA:152,0
DA:153,0
DA:155,0
DA:156,0
DA:160,1
LF:64
LH:31
BRDA:22,0,0,5
BRDA:22,0,1,4
BRDA:22,1,0,5
BRDA:22,1,1,3
BRDA:25,2,0,1
BRDA:25,2,1,4
BRDA:31,3,0,1
BRDA:31,3,1,3
BRDA:32,4,0,2
BRDA:32,4,1,2
BRDA:36,5,0,0
BRDA:36,5,1,4
BRDA:70,6,0,1
BRDA:70,6,1,0
BRDA:70,7,0,1
BRDA:70,7,1,0
BRDA:100,8,0,0
BRDA:100,8,1,0
BRDA:103,9,0,0
BRDA:103,9,1,0
BRDA:122,10,0,0
BRDA:122,10,1,0
BRDA:140,11,0,0
BRDA:140,11,1,0
BRDA:140,12,0,0
BRDA:140,12,1,0
BRDA:142,13,0,0
BRDA:142,13,1,0
BRDA:142,14,0,0
BRDA:142,14,1,0
BRDA:151,15,0,0
BRDA:151,15,1,0
BRF:32
BRH:13
end_of_record
TN:
SF:routes\events.js
FN:10,(anonymous_0)
FN:28,(anonymous_1)
FN:47,(anonymous_2)
FN:67,(anonymous_3)
FNF:4
FNH:0
FNDA:0,(anonymous_0)
FNDA:0,(anonymous_1)
FNDA:0,(anonymous_2)
FNDA:0,(anonymous_3)
DA:1,0
DA:2,0
DA:3,0
DA:4,0
DA:5,0
DA:7,0
DA:8,0
DA:10,0
DA:11,0
DA:12,0
DA:13,0
DA:15,0
DA:20,0
DA:21,0
DA:22,0
DA:24,0
DA:28,0
DA:29,0
DA:30,0
DA:31,0
DA:32,0
DA:34,0
DA:39,0
DA:40,0
DA:41,0
DA:43,0
DA:47,0
DA:48,0
DA:49,0
DA:50,0
DA:59,0
DA:60,0
DA:61,0
DA:63,0
DA:67,0
DA:68,0
DA:69,0
DA:75,0
DA:77,0
DA:78,0
DA:81,0
DA:86,0
DA:87,0
DA:88,0
DA:90,0
DA:91,0
DA:95,0
LF:47
LH:0
BRDA:13,0,0,0
BRDA:13,0,1,0
BRDA:20,1,0,0
BRDA:20,1,1,0
BRDA:32,2,0,0
BRDA:32,2,1,0
BRDA:39,3,0,0
BRDA:39,3,1,0
BRDA:59,4,0,0
BRDA:59,4,1,0
BRDA:75,5,0,0
BRDA:75,5,1,0
BRDA:75,6,0,0
BRDA:75,6,1,0
BRDA:77,7,0,0
BRDA:77,7,1,0
BRDA:77,8,0,0
BRDA:77,8,1,0
BRDA:86,9,0,0
BRDA:86,9,1,0
BRF:20
BRH:0
end_of_record
TN:
SF:routes\payment.js
FN:17,(anonymous_0)
FN:32,(anonymous_1)
FNF:2
FNH:0
FNDA:0,(anonymous_0)
FNDA:0,(anonymous_1)
DA:1,0
DA:2,0
DA:3,0
DA:4,0
DA:17,0
DA:18,0
DA:20,0
DA:27,0
DA:28,0
DA:32,0
DA:33,0
DA:35,0
DA:37,0
DA:38,0
DA:42,0
LF:15
LH:0
BRF:0
BRH:0
end_of_record
TN:
SF:routes\search.js
FN:5,(anonymous_0)
FN:17,(anonymous_1)
FNF:2
FNH:0
FNDA:0,(anonymous_0)
FNDA:0,(anonymous_1)
DA:1,0
DA:2,0
DA:3,0
DA:5,0
DA:6,0
DA:7,0
DA:8,0
DA:10,0
DA:16,0
DA:17,0
DA:19,0
DA:23,0
LF:12
LH:0
BRDA:8,0,0,0
BRDA:8,0,1,0
BRDA:16,1,0,0
BRDA:16,1,1,0
BRF:4
BRH:0
end_of_record
TN:
SF:routes\users.js
FN:6,(anonymous_0)
FN:16,(anonymous_1)
FN:36,(anonymous_2)
FNF:3
FNH:0
FNDA:0,(anonymous_0)
FNDA:0,(anonymous_1)
FNDA:0,(anonymous_2)
DA:1,0
DA:2,0
DA:3,0
DA:4,0
DA:6,0
DA:7,0
DA:8,0
DA:14,0
DA:16,0
DA:29,0
DA:31,0
DA:32,0
DA:36,0
DA:37,0
DA:38,0
DA:44,0
DA:45,0
DA:47,0
DA:48,0
DA:52,0
LF:20
LH:0
BRDA:14,0,0,0
BRDA:14,0,1,0
BRDA:44,1,0,0
BRDA:44,1,1,0
BRF:4
BRH:0
end_of_record
TN:
SF:utils\email.js
FN:6,(anonymous_0)
FN:58,(anonymous_1)
FN:101,(anonymous_2)
FNF:3
FNH:0
FNDA:0,(anonymous_0)
FNDA:0,(anonymous_1)
FNDA:0,(anonymous_2)
DA:1,1
DA:4,1
DA:6,1
DA:7,0
DA:8,0
DA:9,0
DA:10,0
DA:13,0
DA:38,0
DA:45,0
DA:46,0
DA:47,0
DA:50,0
DA:51,0
DA:53,0
DA:54,0
DA:58,1
DA:59,0
DA:60,0
DA:61,0
DA:62,0
DA:65,0
DA:83,0
DA:90,0
DA:91,0
DA:92,0
DA:94,0
DA:96,0
DA:97,0
DA:101,1
DA:102,0
DA:103,0
DA:104,0
DA:105,0
DA:108,0
DA:128,0
DA:135,0
DA:136,0
DA:137,0
DA:139,0
DA:141,0
DA:142,0
DA:146,1
LF:43
LH:6
BRDA:4,0,0,1
BRDA:4,0,1,0
BRDA:8,1,0,0
BRDA:8,1,1,0
BRDA:19,2,0,0
BRDA:19,2,1,0
BRDA:45,3,0,0
BRDA:45,3,1,0
BRDA:60,4,0,0
BRDA:60,4,1,0
BRDA:90,5,0,0
BRDA:90,5,1,0
BRDA:103,6,0,0
BRDA:103,6,1,0
BRDA:135,7,0,0
BRDA:135,7,1,0
BRF:16
BRH:1
end_of_record
TN:
SF:utils\logger.js
FN:12,(anonymous_0)
FN:22,(anonymous_1)
FN:36,(anonymous_2)
FNF:3
FNH:3
FNDA:5,(anonymous_0)
FNDA:5,(anonymous_1)
FNDA:5,(anonymous_2)
DA:12,2
DA:13,5
DA:14,5
DA:15,5
DA:16,5
DA:22,2
DA:23,5
DA:36,2
DA:37,5
DA:53,5
DA:60,2
DA:82,2
LF:12
LH:12
BRDA:13,0,0,0
BRDA:13,0,1,5
BRDA:13,1,0,5
BRDA:13,1,1,5
BRDA:15,2,0,0
BRDA:15,2,1,5
BRDA:24,3,0,5
BRDA:24,3,1,5
BRDA:24,3,2,0
BRDA:36,4,0,0
BRDA:36,5,0,0
BRDA:40,6,0,5
BRDA:40,6,1,0
BRDA:40,7,0,0
BRDA:40,7,1,0
BRDA:41,8,0,5
BRDA:41,8,1,0
BRDA:41,9,0,5
BRDA:41,9,1,5
BRDA:43,10,0,5
BRDA:43,10,1,5
BRDA:44,11,0,5
BRDA:44,11,1,2
BRDA:45,12,0,5
BRDA:45,12,1,0
BRDA:46,13,0,5
BRDA:46,13,1,0
BRDA:47,14,0,5
BRDA:47,14,1,0
BRDA:48,15,0,5
BRDA:48,15,1,0
BRDA:49,16,0,5
BRDA:49,16,1,0
BRF:33
BRH:19
end_of_record
